#
# There is insufficient memory for the Java Runtime Environment to continue.
# Native memory allocation (malloc) failed to allocate 63296 bytes for Chunk::new
# Possible reasons:
#   The system is out of physical RAM or swap space
#   The process is running with CompressedOops enabled, and the Java Heap may be blocking the growth of the native heap
# Possible solutions:
#   Reduce memory load on the system
#   Increase physical memory or swap space
#   Check if swap backing store is full
#   Decrease Java heap size (-Xmx/-Xms)
#   Decrease number of Java threads
#   Decrease Java thread stack sizes (-Xss)
#   Set larger code cache with -XX:ReservedCodeCacheSize=
#   JVM is running with Zero Based Compressed Oops mode in which the Java heap is
#     placed in the first 32GB address space. The Java Heap base address is the
#     maximum limit for the native heap growth. Please use -XX:HeapBaseMinAddress
#     to set the Java Heap base and to place the Java Heap above 32GB virtual address.
# This output file may be truncated or incomplete.
#
#  Out of Memory Error (arena.cpp:189), pid=5628, tid=3724
#
# JRE version: OpenJDK Runtime Environment Temurin-17.0.4.1+1 (17.0.4.1+1) (build 17.0.4.1+1)
# Java VM: OpenJDK 64-Bit Server VM Temurin-17.0.4.1+1 (17.0.4.1+1, mixed mode, sharing, tiered, compressed oops, compressed class ptrs, g1 gc, windows-amd64)
# No core dump will be written. Minidumps are not enabled by default on client versions of Windows
#

---------------  S U M M A R Y ------------

Command Line: --add-opens=java.base/java.util.concurrent.atomic=ALL-UNNAMED -agentlib:jdwp=transport=dt_socket,server=n,suspend=y,address=127.0.0.1:13138 --add-opens=java.base/java.util=ALL-UNNAMED --add-opens=java.base/java.lang=ALL-UNNAMED --add-opens=java.base/java.lang.invoke=ALL-UNNAMED --add-opens=java.prefs/java.util.prefs=ALL-UNNAMED --add-opens=java.base/java.nio.charset=ALL-UNNAMED --add-opens=java.base/java.net=ALL-UNNAMED --add-opens=java.base/java.util.concurrent.atomic=ALL-UNNAMED -Xmx3G -Dfile.encoding=windows-1252 -Duser.country=US -Duser.language=en -Duser.variant -javaagent:C:\Users\ivan\.gradle\wrapper\dists\gradle-8.1.1-bin\9wiye5v2saajue4irfo8ybqfp\gradle-8.1.1\lib\agents\gradle-instrumentation-agent-8.1.1.jar org.gradle.launcher.daemon.bootstrap.GradleDaemon 8.1.1

Host: AMD Athlon(tm) II X4 620 Processor, 4 cores, 11G,  Windows 7 , 64 bit Build 7601 (6.1.7601.24545)
Time: Tue Aug 27 14:28:32 2024 Romance Standard Time elapsed time: 65412.455392 seconds (0d 18h 10m 12s)

---------------  T H R E A D  ---------------

Current thread (0x000000002360bbc0):  JavaThread "C2 CompilerThread0" daemon [_thread_in_native, id=3724, stack(0x0000000024b80000,0x0000000024c80000)]


Current CompileTask:
C2:65412455 12647       4       java.util.concurrent.ConcurrentHashMap::containsKey (14 bytes)

Stack: [0x0000000024b80000,0x0000000024c80000]
Native frames: (J=compiled Java code, j=interpreted, Vv=VM code, C=native code)
V  [jvm.dll+0x67731a]
V  [jvm.dll+0x832284]
V  [jvm.dll+0x833a2e]
V  [jvm.dll+0x834093]
V  [jvm.dll+0x245775]
V  [jvm.dll+0xabd7b]
V  [jvm.dll+0xac30c]
V  [jvm.dll+0x2ac80f]
V  [jvm.dll+0x57dd77]
V  [jvm.dll+0x220892]
V  [jvm.dll+0x21a182]
V  [jvm.dll+0x21799b]
V  [jvm.dll+0x1a3f8d]
V  [jvm.dll+0x227498]
V  [jvm.dll+0x2255e5]
V  [jvm.dll+0x7e7e9b]
V  [jvm.dll+0x7e240a]
V  [jvm.dll+0x6761a5]
C  [ucrtbase.DLL+0x1c1ae]
C  [kernel32.dll+0x1556d]
C  [ntdll.dll+0x5372d]


---------------  P R O C E S S  ---------------

Threads class SMR info:
_java_thread_list=0x000000002cecca00, length=72, elements={
0x00000000004fd7e0, 0x00000000209e02f0, 0x00000000209e1490, 0x0000000023601eb0,
0x00000000236048d0, 0x00000000236055b0, 0x0000000023607290, 0x000000002360bbc0,
0x000000002360c990, 0x000000002361de70, 0x0000000024e80650, 0x0000000024f3add0,
0x0000000024f413a0, 0x0000000024fb8340, 0x0000000024fe33d0, 0x0000000027290c60,
0x0000000027222450, 0x0000000027fe28f0, 0x00000000272d1300, 0x00000000272d17d0,
0x00000000272d1ca0, 0x00000000272d2170, 0x00000000272d2b10, 0x00000000272d2fe0,
0x00000000272d34b0, 0x00000000272d3e50, 0x00000000272d4320, 0x00000000272d47f0,
0x000000002aface80, 0x000000002afad350, 0x000000002afad820, 0x000000002afadcf0,
0x000000002afae1c0, 0x000000002afaeb60, 0x000000002afaf030, 0x000000002afaf500,
0x000000002cc405e0, 0x000000002cc40f80, 0x000000002cc41920, 0x000000002cc41df0,
0x000000002cc422c0, 0x000000002cc42790, 0x000000002cc42c60, 0x000000002cc43130,
0x0000000026ca7d00, 0x0000000026ca86a0, 0x0000000026ca9eb0, 0x0000000026caa380,
0x0000000026caa850, 0x0000000026caad20, 0x0000000026cab1f0, 0x0000000026cab6c0,
0x00000000306817b0, 0x0000000030681c80, 0x0000000030682150, 0x0000000030682af0,
0x0000000030682fc0, 0x0000000030683490, 0x0000000030683960, 0x0000000030683e30,
0x0000000030684300, 0x00000000306847d0, 0x0000000030684ca0, 0x00000000353d9f50,
0x00000000353da420, 0x00000000353da8f0, 0x00000000353dadc0, 0x00000000353dcaa0,
0x00000000353dcf70, 0x00000000353dd440, 0x00000000353dd910, 0x000000002516f110
}

Java Threads: ( => current thread )
  0x00000000004fd7e0 JavaThread "main" [_thread_blocked, id=8332, stack(0x00000000023a0000,0x00000000024a0000)]
  0x00000000209e02f0 JavaThread "Reference Handler" daemon [_thread_blocked, id=8412, stack(0x00000000242a0000,0x00000000243a0000)]
  0x00000000209e1490 JavaThread "Finalizer" daemon [_thread_blocked, id=5452, stack(0x0000000024400000,0x0000000024500000)]
  0x0000000023601eb0 JavaThread "Signal Dispatcher" daemon [_thread_blocked, id=6936, stack(0x0000000024650000,0x0000000024750000)]
  0x00000000236048d0 JavaThread "Attach Listener" daemon [_thread_blocked, id=8740, stack(0x0000000024800000,0x0000000024900000)]
  0x00000000236055b0 JavaThread "Service Thread" daemon [_thread_blocked, id=8472, stack(0x0000000024970000,0x0000000024a70000)]
  0x0000000023607290 JavaThread "Monitor Deflation Thread" daemon [_thread_blocked, id=9020, stack(0x0000000024000000,0x0000000024100000)]
=>0x000000002360bbc0 JavaThread "C2 CompilerThread0" daemon [_thread_in_native, id=3724, stack(0x0000000024b80000,0x0000000024c80000)]
  0x000000002360c990 JavaThread "C1 CompilerThread0" daemon [_thread_blocked, id=8404, stack(0x0000000024a70000,0x0000000024b70000)]
  0x000000002361de70 JavaThread "Sweeper thread" daemon [_thread_blocked, id=3416, stack(0x0000000024d50000,0x0000000024e50000)]
  0x0000000024e80650 JavaThread "Common-Cleaner" daemon [_thread_blocked, id=6668, stack(0x0000000025350000,0x0000000025450000)]
  0x0000000024f3add0 JavaThread "JDWP Transport Listener: dt_socket" daemon [_thread_blocked, id=3980, stack(0x0000000025530000,0x0000000025630000)]
  0x0000000024f413a0 JavaThread "JDWP Event Helper Thread" daemon [_thread_blocked, id=9076, stack(0x00000000257c0000,0x00000000258c0000)]
  0x0000000024fb8340 JavaThread "JDWP Command Reader" daemon [_thread_in_native, id=8160, stack(0x0000000025930000,0x0000000025a30000)]
  0x0000000024fe33d0 JavaThread "Notification Thread" daemon [_thread_blocked, id=8724, stack(0x0000000025ab0000,0x0000000025bb0000)]
  0x0000000027290c60 JavaThread "Daemon health stats" [_thread_blocked, id=9096, stack(0x0000000028a20000,0x0000000028b20000)]
  0x0000000027222450 JavaThread "Incoming local TCP Connector on port 13143" [_thread_in_native, id=3528, stack(0x0000000029090000,0x0000000029190000)]
  0x0000000027fe28f0 JavaThread "Daemon periodic checks" [_thread_blocked, id=8480, stack(0x0000000028d20000,0x0000000028e20000)]
  0x00000000272d1300 JavaThread "Daemon" [_thread_blocked, id=7320, stack(0x0000000028ea0000,0x0000000028fa0000)]
  0x00000000272d17d0 JavaThread "Handler for socket connection from /127.0.0.1:13143 to /127.0.0.1:13144" [_thread_in_native, id=1644, stack(0x00000000291b0000,0x00000000292b0000)]
  0x00000000272d1ca0 JavaThread "Cancel handler" [_thread_blocked, id=8440, stack(0x0000000029ce0000,0x0000000029de0000)]
  0x00000000272d2170 JavaThread "Daemon worker" [_thread_blocked, id=9128, stack(0x0000000029ea0000,0x0000000029fa0000)]
  0x00000000272d2b10 JavaThread "Asynchronous log dispatcher for DefaultDaemonConnection: socket connection from /127.0.0.1:13143 to /127.0.0.1:13144" [_thread_blocked, id=9192, stack(0x0000000029fe0000,0x000000002a0e0000)]
  0x00000000272d2fe0 JavaThread "Stdin handler" [_thread_blocked, id=7232, stack(0x000000002a1f0000,0x000000002a2f0000)]
  0x00000000272d34b0 JavaThread "Daemon client event forwarder" [_thread_blocked, id=7596, stack(0x000000002a320000,0x000000002a420000)]
  0x00000000272d3e50 JavaThread "Cache worker for journal cache (C:\Users\ivan\.gradle\caches\journal-1)" [_thread_blocked, id=1468, stack(0x0000000025250000,0x0000000025350000)]
  0x00000000272d4320 JavaThread "File lock request listener" [_thread_in_native, id=5004, stack(0x000000002b3f0000,0x000000002b4f0000)]
  0x00000000272d47f0 JavaThread "Cache worker for file hash cache (C:\Users\ivan\.gradle\caches\8.1.1\fileHashes)" [_thread_blocked, id=8324, stack(0x00000000292c0000,0x00000000293c0000)]
  0x000000002aface80 JavaThread "Cache worker for checksums cache (N:\Dev\Minecraft-VCS\blocks_you_always_wanted\.gradle\8.1.1\checksums)" [_thread_blocked, id=6372, stack(0x0000000023700000,0x0000000023800000)]
  0x000000002afad350 JavaThread "Cache worker for cache directory md-rule (C:\Users\ivan\.gradle\caches\8.1.1\md-rule)" [_thread_blocked, id=8944, stack(0x000000002c090000,0x000000002c190000)]
  0x000000002afad820 JavaThread "Cache worker for file content cache (C:\Users\ivan\.gradle\caches\8.1.1\fileContent)" [_thread_blocked, id=8596, stack(0x000000002c270000,0x000000002c370000)]
  0x000000002afadcf0 JavaThread "Cache worker for file hash cache (N:\Dev\Minecraft-VCS\blocks_you_always_wanted\.gradle\8.1.1\fileHashes)" [_thread_blocked, id=8912, stack(0x000000002d560000,0x000000002d660000)]
  0x000000002afae1c0 JavaThread "Cache worker for cache directory md-supplier (C:\Users\ivan\.gradle\caches\8.1.1\md-supplier)" [_thread_blocked, id=3684, stack(0x000000002d810000,0x000000002d910000)]
  0x000000002afaeb60 JavaThread "Cache worker for execution history cache (C:\Users\ivan\.gradle\caches\8.1.1\executionHistory)" [_thread_blocked, id=8368, stack(0x000000002d360000,0x000000002d460000)]
  0x000000002afaf030 JavaThread "jar transforms" [_thread_blocked, id=8680, stack(0x000000002b6c0000,0x000000002b7c0000)]
  0x000000002afaf500 JavaThread "jar transforms Thread 2" [_thread_blocked, id=8004, stack(0x00000000256c0000,0x00000000257c0000)]
  0x000000002cc405e0 JavaThread "jar transforms Thread 3" [_thread_blocked, id=4900, stack(0x000000002d460000,0x000000002d560000)]
  0x000000002cc40f80 JavaThread "jar transforms Thread 4" [_thread_blocked, id=7968, stack(0x000000002d6b0000,0x000000002d7b0000)]
  0x000000002cc41920 JavaThread "Unconstrained build operations" [_thread_blocked, id=8316, stack(0x000000002b550000,0x000000002b650000)]
  0x000000002cc41df0 JavaThread "Unconstrained build operations Thread 2" [_thread_blocked, id=8560, stack(0x000000002d9b0000,0x000000002dab0000)]
  0x000000002cc422c0 JavaThread "Cache worker for dependencies-accessors (N:\Dev\Minecraft-VCS\blocks_you_always_wanted\.gradle\8.1.1\dependencies-accessors)" [_thread_blocked, id=6032, stack(0x000000002ecd0000,0x000000002edd0000)]
  0x000000002cc42790 JavaThread "Cache worker for Build Output Cleanup Cache (N:\Dev\Minecraft-VCS\blocks_you_always_wanted\.gradle\buildOutputCleanup)" [_thread_blocked, id=8540, stack(0x0000000026770000,0x0000000026870000)]
  0x000000002cc42c60 JavaThread "Unconstrained build operations Thread 3" [_thread_blocked, id=8856, stack(0x000000002eec0000,0x000000002efc0000)]
  0x000000002cc43130 JavaThread "Unconstrained build operations Thread 4" [_thread_blocked, id=7412, stack(0x000000002f060000,0x000000002f160000)]
  0x0000000026ca7d00 JavaThread "Unconstrained build operations Thread 5" [_thread_blocked, id=5648, stack(0x000000002f240000,0x000000002f340000)]
  0x0000000026ca86a0 JavaThread "Memory manager" [_thread_blocked, id=8508, stack(0x000000002f6a0000,0x000000002f7a0000)]
  0x0000000026ca9eb0 JavaThread "Exec process" [_thread_in_native, id=536, stack(0x0000000031460000,0x0000000031560000)]
  0x0000000026caa380 JavaThread "Exec process Thread 2" [_thread_in_native, id=6492, stack(0x000000002f4e0000,0x000000002f5e0000)]
  0x0000000026caa850 JavaThread "Exec process Thread 3" [_thread_in_native, id=4476, stack(0x0000000025bd0000,0x0000000025cd0000)]
  0x0000000026caad20 JavaThread "Unconstrained build operations Thread 6" [_thread_blocked, id=7496, stack(0x0000000032460000,0x0000000032560000)]
  0x0000000026cab1f0 JavaThread "Unconstrained build operations Thread 7" [_thread_blocked, id=3160, stack(0x0000000032560000,0x0000000032660000)]
  0x0000000026cab6c0 JavaThread "Unconstrained build operations Thread 8" [_thread_blocked, id=2876, stack(0x0000000032670000,0x0000000032770000)]
  0x00000000306817b0 JavaThread "Unconstrained build operations Thread 9" [_thread_blocked, id=7704, stack(0x0000000031650000,0x0000000031750000)]
  0x0000000030681c80 JavaThread "Unconstrained build operations Thread 10" [_thread_blocked, id=7600, stack(0x0000000032110000,0x0000000032210000)]
  0x0000000030682150 JavaThread "Unconstrained build operations Thread 11" [_thread_blocked, id=7960, stack(0x0000000032360000,0x0000000032460000)]
  0x0000000030682af0 JavaThread "included builds" [_thread_blocked, id=9072, stack(0x0000000036740000,0x0000000036840000)]
  0x0000000030682fc0 JavaThread "Execution worker" [_thread_blocked, id=1060, stack(0x00000000368f0000,0x00000000369f0000)]
  0x0000000030683490 JavaThread "Execution worker Thread 2" [_thread_blocked, id=8120, stack(0x0000000036a80000,0x0000000036b80000)]
  0x0000000030683960 JavaThread "Execution worker Thread 3" [_thread_blocked, id=4364, stack(0x0000000036c60000,0x0000000036d60000)]
  0x0000000030683e30 JavaThread "Cache worker for execution history cache (N:\Dev\Minecraft-VCS\blocks_you_always_wanted\.gradle\8.1.1\executionHistory)" [_thread_blocked, id=8756, stack(0x0000000032210000,0x0000000032310000)]
  0x0000000030684300 JavaThread "Unconstrained build operations Thread 12" [_thread_blocked, id=7668, stack(0x0000000036520000,0x0000000036620000)]
  0x00000000306847d0 JavaThread "Unconstrained build operations Thread 13" [_thread_blocked, id=8260, stack(0x00000000375e0000,0x00000000376e0000)]
  0x0000000030684ca0 JavaThread "Unconstrained build operations Thread 14" [_thread_blocked, id=9120, stack(0x000000002a0e0000,0x000000002a1e0000)]
  0x00000000353d9f50 JavaThread "Cache worker for Java compile cache (C:\Users\ivan\.gradle\caches\8.1.1\javaCompile)" [_thread_blocked, id=6844, stack(0x00000000377e0000,0x00000000378e0000)]
  0x00000000353da420 JavaThread "Build operations" [_thread_blocked, id=7500, stack(0x0000000036640000,0x0000000036740000)]
  0x00000000353da8f0 JavaThread "Build operations Thread 2" [_thread_blocked, id=3888, stack(0x0000000037940000,0x0000000037a40000)]
  0x00000000353dadc0 JavaThread "Build operations Thread 3" [_thread_blocked, id=3808, stack(0x0000000037a60000,0x0000000037b60000)]
  0x00000000353dcaa0 JavaThread "Unconstrained build operations Thread 15" [_thread_blocked, id=9080, stack(0x00000000376e0000,0x00000000377e0000)]
  0x00000000353dcf70 JavaThread "Unconstrained build operations Thread 16" [_thread_blocked, id=4020, stack(0x00000000394b0000,0x00000000395b0000)]
  0x00000000353dd440 JavaThread "Unconstrained build operations Thread 17" [_thread_blocked, id=8232, stack(0x0000000039660000,0x0000000039760000)]
  0x00000000353dd910 JavaThread "Unconstrained build operations Thread 18" [_thread_blocked, id=7856, stack(0x000000003a000000,0x000000003a100000)]
  0x000000002516f110 JavaThread "Unconstrained build operations Thread 19" [_thread_blocked, id=7892, stack(0x000000002dac0000,0x000000002dbc0000)]

Other Threads:
  0x00000000209d8ff0 VMThread "VM Thread" [stack: 0x0000000024120000,0x0000000024220000] [id=8400]
  0x0000000025006da0 WatcherThread [stack: 0x0000000024550000,0x0000000024650000] [id=9112]
  0x000000000055b530 GCTaskThread "GC Thread#0" [stack: 0x00000000207f0000,0x00000000208f0000] [id=8496]
  0x00000000250fd370 GCTaskThread "GC Thread#1" [stack: 0x0000000026670000,0x0000000026770000] [id=6780]
  0x00000000250fd620 GCTaskThread "GC Thread#2" [stack: 0x0000000026530000,0x0000000026630000] [id=8456]
  0x00000000250fd8d0 GCTaskThread "GC Thread#3" [stack: 0x0000000026870000,0x0000000026970000] [id=3132]
  0x0000000020930080 ConcurrentGCThread "G1 Main Marker" [stack: 0x0000000020a10000,0x0000000020b10000] [id=8492]
  0x00000000209309a0 ConcurrentGCThread "G1 Conc#0" [stack: 0x0000000020b50000,0x0000000020c50000] [id=8612]
  0x00000000209ab9c0 ConcurrentGCThread "G1 Refine#0" [stack: 0x0000000023210000,0x0000000023310000] [id=8328]
  0x00000000209ad1f0 ConcurrentGCThread "G1 Service" [stack: 0x00000000233e0000,0x00000000234e0000] [id=9000]

Threads with active compile tasks:
C2 CompilerThread0  65412562 12647       4       java.util.concurrent.ConcurrentHashMap::containsKey (14 bytes)

VM state: not at safepoint (normal execution)

VM Mutex/Monitor currently owned by a thread: None

Heap address: 0x0000000740000000, size: 3072 MB, Compressed Oops mode: Zero based, Oop shift amount: 3

CDS archive(s) mapped at: [0x0000000800000000-0x0000000800bc0000-0x0000000800bc0000), size 12320768, SharedBaseAddress: 0x0000000800000000, ArchiveRelocationMode: 0.
Compressed class space mapped at: 0x0000000800c00000-0x0000000840c00000, reserved size: 1073741824
Narrow klass base: 0x0000000800000000, Narrow klass shift: 0, Narrow klass range: 0x100000000

GC Precious Log:
 CPUs: 4 total, 4 available
 Memory: 12286M
 Large Page Support: Disabled
 NUMA Support: Disabled
 Compressed Oops: Enabled (Zero based)
 Heap Region Size: 2M
 Heap Min Capacity: 8M
 Heap Initial Capacity: 192M
 Heap Max Capacity: 3G
 Pre-touch: Disabled
 Parallel Workers: 4
 Concurrent Workers: 1
 Concurrent Refinement Workers: 4
 Periodic GC: Disabled

Heap:
 garbage-first heap   total 342016K, used 151225K [0x0000000740000000, 0x0000000800000000)
  region size 2048K, 37 young (75776K), 4 survivors (8192K)
 Metaspace       used 77105K, committed 77888K, reserved 1122304K
  class space    used 10398K, committed 10752K, reserved 1048576K

Heap Regions: E=young(eden), S=young(survivor), O=old, HS=humongous(starts), HC=humongous(continues), CS=collection set, F=free, OA=open archive, CA=closed archive, TAMS=top-at-mark-start (previous, next)
|   0|0x0000000740000000, 0x0000000740200000, 0x0000000740200000|100%| O|  |TAMS 0x0000000740200000, 0x0000000740200000| Untracked 
|   1|0x0000000740200000, 0x0000000740400000, 0x0000000740400000|100%|HS|  |TAMS 0x0000000740400000, 0x0000000740400000| Complete 
|   2|0x0000000740400000, 0x0000000740600000, 0x0000000740600000|100%|HC|  |TAMS 0x0000000740600000, 0x0000000740600000| Complete 
|   3|0x0000000740600000, 0x0000000740800000, 0x0000000740800000|100%| O|  |TAMS 0x0000000740800000, 0x0000000740800000| Untracked 
|   4|0x0000000740800000, 0x0000000740a00000, 0x0000000740a00000|100%| O|  |TAMS 0x0000000740a00000, 0x0000000740a00000| Untracked 
|   5|0x0000000740a00000, 0x0000000740c00000, 0x0000000740c00000|100%| O|  |TAMS 0x0000000740c00000, 0x0000000740c00000| Untracked 
|   6|0x0000000740c00000, 0x0000000740e00000, 0x0000000740e00000|100%| O|  |TAMS 0x0000000740e00000, 0x0000000740e00000| Untracked 
|   7|0x0000000740e00000, 0x0000000741000000, 0x0000000741000000|100%| O|  |TAMS 0x0000000741000000, 0x0000000741000000| Untracked 
|   8|0x0000000741000000, 0x0000000741200000, 0x0000000741200000|100%| O|  |TAMS 0x0000000741200000, 0x0000000741200000| Untracked 
|   9|0x0000000741200000, 0x0000000741400000, 0x0000000741400000|100%| O|  |TAMS 0x0000000741400000, 0x0000000741400000| Untracked 
|  10|0x0000000741400000, 0x0000000741600000, 0x0000000741600000|100%| O|  |TAMS 0x0000000741600000, 0x0000000741600000| Untracked 
|  11|0x0000000741600000, 0x0000000741800000, 0x0000000741800000|100%| O|  |TAMS 0x0000000741800000, 0x0000000741800000| Untracked 
|  12|0x0000000741800000, 0x0000000741a00000, 0x0000000741a00000|100%| O|  |TAMS 0x0000000741a00000, 0x0000000741a00000| Untracked 
|  13|0x0000000741a00000, 0x0000000741c00000, 0x0000000741c00000|100%| O|  |TAMS 0x0000000741c00000, 0x0000000741c00000| Untracked 
|  14|0x0000000741c00000, 0x0000000741e00000, 0x0000000741e00000|100%| O|  |TAMS 0x0000000741e00000, 0x0000000741e00000| Untracked 
|  15|0x0000000741e00000, 0x0000000742000000, 0x0000000742000000|100%| O|  |TAMS 0x0000000742000000, 0x0000000742000000| Untracked 
|  16|0x0000000742000000, 0x0000000742200000, 0x0000000742200000|100%|HS|  |TAMS 0x0000000742200000, 0x0000000742200000| Complete 
|  17|0x0000000742200000, 0x0000000742400000, 0x0000000742400000|100%| O|  |TAMS 0x0000000742400000, 0x0000000742400000| Untracked 
|  18|0x0000000742400000, 0x0000000742600000, 0x0000000742600000|100%| O|  |TAMS 0x0000000742600000, 0x0000000742600000| Untracked 
|  19|0x0000000742600000, 0x0000000742800000, 0x0000000742800000|100%| O|  |TAMS 0x0000000742800000, 0x0000000742800000| Untracked 
|  20|0x0000000742800000, 0x0000000742a00000, 0x0000000742a00000|100%| O|  |TAMS 0x0000000742a00000, 0x0000000742a00000| Untracked 
|  21|0x0000000742a00000, 0x0000000742c00000, 0x0000000742c00000|100%| O|  |TAMS 0x0000000742c00000, 0x0000000742c00000| Untracked 
|  22|0x0000000742c00000, 0x0000000742e00000, 0x0000000742e00000|100%| O|  |TAMS 0x0000000742e00000, 0x0000000742e00000| Untracked 
|  23|0x0000000742e00000, 0x0000000743000000, 0x0000000743000000|100%| O|  |TAMS 0x0000000743000000, 0x0000000743000000| Untracked 
|  24|0x0000000743000000, 0x0000000743200000, 0x0000000743200000|100%| O|  |TAMS 0x0000000743200000, 0x0000000743200000| Untracked 
|  25|0x0000000743200000, 0x0000000743200000, 0x0000000743400000|  0%| F|  |TAMS 0x0000000743200000, 0x0000000743200000| Untracked 
|  26|0x0000000743400000, 0x0000000743400000, 0x0000000743600000|  0%| F|  |TAMS 0x0000000743400000, 0x0000000743400000| Untracked 
|  27|0x0000000743600000, 0x0000000743600000, 0x0000000743800000|  0%| F|  |TAMS 0x0000000743600000, 0x0000000743600000| Untracked 
|  28|0x0000000743800000, 0x0000000743800000, 0x0000000743a00000|  0%| F|  |TAMS 0x0000000743800000, 0x0000000743800000| Untracked 
|  29|0x0000000743a00000, 0x0000000743a00000, 0x0000000743c00000|  0%| F|  |TAMS 0x0000000743a00000, 0x0000000743a00000| Untracked 
|  30|0x0000000743c00000, 0x0000000743e00000, 0x0000000743e00000|100%| O|  |TAMS 0x0000000743c00000, 0x0000000743e00000| Untracked 
|  31|0x0000000743e00000, 0x0000000744000000, 0x0000000744000000|100%| O|  |TAMS 0x0000000743e00000, 0x0000000744000000| Untracked 
|  32|0x0000000744000000, 0x0000000744200000, 0x0000000744200000|100%| O|  |TAMS 0x00000007441e1200, 0x0000000744200000| Untracked 
|  33|0x0000000744200000, 0x0000000744200000, 0x0000000744400000|  0%| F|  |TAMS 0x0000000744200000, 0x0000000744200000| Untracked 
|  34|0x0000000744400000, 0x0000000744400000, 0x0000000744600000|  0%| F|  |TAMS 0x0000000744400000, 0x0000000744400000| Untracked 
|  35|0x0000000744600000, 0x0000000744600000, 0x0000000744800000|  0%| F|  |TAMS 0x0000000744600000, 0x0000000744600000| Untracked 
|  36|0x0000000744800000, 0x0000000744800000, 0x0000000744a00000|  0%| F|  |TAMS 0x0000000744800000, 0x0000000744800000| Untracked 
|  37|0x0000000744a00000, 0x0000000744c00000, 0x0000000744c00000|100%| O|  |TAMS 0x0000000744a00000, 0x0000000744c00000| Untracked 
|  38|0x0000000744c00000, 0x0000000744e00000, 0x0000000744e00000|100%| O|  |TAMS 0x0000000744c00000, 0x0000000744c00000| Untracked 
|  39|0x0000000744e00000, 0x0000000745000000, 0x0000000745000000|100%| O|  |TAMS 0x0000000744e00000, 0x0000000744e00000| Untracked 
|  40|0x0000000745000000, 0x0000000745200000, 0x0000000745200000|100%| O|  |TAMS 0x0000000745000000, 0x0000000745000000| Untracked 
|  41|0x0000000745200000, 0x0000000745400000, 0x0000000745400000|100%| O|  |TAMS 0x0000000745200000, 0x0000000745200000| Untracked 
|  42|0x0000000745400000, 0x0000000745600000, 0x0000000745600000|100%| O|  |TAMS 0x0000000745400000, 0x0000000745400000| Untracked 
|  43|0x0000000745600000, 0x00000007457ae600, 0x0000000745800000| 84%| O|  |TAMS 0x0000000745600000, 0x0000000745600000| Untracked 
|  44|0x0000000745800000, 0x0000000745a00000, 0x0000000745a00000|100%| O|  |TAMS 0x0000000745800000, 0x0000000745a00000| Untracked 
|  45|0x0000000745a00000, 0x0000000745c00000, 0x0000000745c00000|100%| O|  |TAMS 0x0000000745a00000, 0x0000000745c00000| Untracked 
|  46|0x0000000745c00000, 0x0000000745e00000, 0x0000000745e00000|100%| O|  |TAMS 0x0000000745c00000, 0x0000000745c71000| Untracked 
|  47|0x0000000745e00000, 0x0000000745e00000, 0x0000000746000000|  0%| F|  |TAMS 0x0000000745e00000, 0x0000000745e00000| Untracked 
|  48|0x0000000746000000, 0x0000000746000000, 0x0000000746200000|  0%| F|  |TAMS 0x0000000746000000, 0x0000000746000000| Untracked 
|  49|0x0000000746200000, 0x0000000746200000, 0x0000000746400000|  0%| F|  |TAMS 0x0000000746200000, 0x0000000746200000| Untracked 
|  50|0x0000000746400000, 0x0000000746400000, 0x0000000746600000|  0%| F|  |TAMS 0x0000000746400000, 0x0000000746400000| Untracked 
|  51|0x0000000746600000, 0x0000000746600000, 0x0000000746800000|  0%| F|  |TAMS 0x0000000746600000, 0x0000000746600000| Untracked 
|  52|0x0000000746800000, 0x0000000746800000, 0x0000000746a00000|  0%| F|  |TAMS 0x0000000746800000, 0x0000000746800000| Untracked 
|  53|0x0000000746a00000, 0x0000000746a00000, 0x0000000746c00000|  0%| F|  |TAMS 0x0000000746a00000, 0x0000000746a00000| Untracked 
|  54|0x0000000746c00000, 0x0000000746c00000, 0x0000000746e00000|  0%| F|  |TAMS 0x0000000746c00000, 0x0000000746c00000| Untracked 
|  55|0x0000000746e00000, 0x0000000746e00000, 0x0000000747000000|  0%| F|  |TAMS 0x0000000746e00000, 0x0000000746e00000| Untracked 
|  56|0x0000000747000000, 0x0000000747000000, 0x0000000747200000|  0%| F|  |TAMS 0x0000000747000000, 0x0000000747000000| Untracked 
|  57|0x0000000747200000, 0x0000000747200000, 0x0000000747400000|  0%| F|  |TAMS 0x0000000747200000, 0x0000000747200000| Untracked 
|  58|0x0000000747400000, 0x0000000747400000, 0x0000000747600000|  0%| F|  |TAMS 0x0000000747400000, 0x0000000747400000| Untracked 
|  59|0x0000000747600000, 0x0000000747600000, 0x0000000747800000|  0%| F|  |TAMS 0x0000000747600000, 0x0000000747600000| Untracked 
|  60|0x0000000747800000, 0x0000000747800000, 0x0000000747a00000|  0%| F|  |TAMS 0x0000000747800000, 0x0000000747800000| Untracked 
|  61|0x0000000747a00000, 0x0000000747a00000, 0x0000000747c00000|  0%| F|  |TAMS 0x0000000747a00000, 0x0000000747a00000| Untracked 
|  62|0x0000000747c00000, 0x0000000747c00000, 0x0000000747e00000|  0%| F|  |TAMS 0x0000000747c00000, 0x0000000747c00000| Untracked 
|  63|0x0000000747e00000, 0x0000000748000000, 0x0000000748000000|100%| S|CS|TAMS 0x0000000747e00000, 0x0000000747e00000| Complete 
|  64|0x0000000748000000, 0x0000000748200000, 0x0000000748200000|100%| S|CS|TAMS 0x0000000748000000, 0x0000000748000000| Complete 
|  65|0x0000000748200000, 0x0000000748400000, 0x0000000748400000|100%| S|CS|TAMS 0x0000000748200000, 0x0000000748200000| Complete 
|  66|0x0000000748400000, 0x0000000748600000, 0x0000000748600000|100%| S|CS|TAMS 0x0000000748400000, 0x0000000748400000| Complete 
|  67|0x0000000748600000, 0x0000000748600000, 0x0000000748800000|  0%| F|  |TAMS 0x0000000748600000, 0x0000000748600000| Untracked 
|  68|0x0000000748800000, 0x0000000748800000, 0x0000000748a00000|  0%| F|  |TAMS 0x0000000748800000, 0x0000000748800000| Untracked 
|  69|0x0000000748a00000, 0x0000000748a00000, 0x0000000748c00000|  0%| F|  |TAMS 0x0000000748a00000, 0x0000000748a00000| Untracked 
|  70|0x0000000748c00000, 0x0000000748c00000, 0x0000000748e00000|  0%| F|  |TAMS 0x0000000748c00000, 0x0000000748c00000| Untracked 
|  71|0x0000000748e00000, 0x0000000748e00000, 0x0000000749000000|  0%| F|  |TAMS 0x0000000748e00000, 0x0000000748e00000| Untracked 
|  72|0x0000000749000000, 0x0000000749000000, 0x0000000749200000|  0%| F|  |TAMS 0x0000000749000000, 0x0000000749000000| Untracked 
|  73|0x0000000749200000, 0x0000000749200000, 0x0000000749400000|  0%| F|  |TAMS 0x0000000749200000, 0x0000000749200000| Untracked 
|  74|0x0000000749400000, 0x0000000749400000, 0x0000000749600000|  0%| F|  |TAMS 0x0000000749400000, 0x0000000749400000| Untracked 
|  75|0x0000000749600000, 0x0000000749600000, 0x0000000749800000|  0%| F|  |TAMS 0x0000000749600000, 0x0000000749600000| Untracked 
|  76|0x0000000749800000, 0x0000000749800000, 0x0000000749a00000|  0%| F|  |TAMS 0x0000000749800000, 0x0000000749800000| Untracked 
|  77|0x0000000749a00000, 0x0000000749a00000, 0x0000000749c00000|  0%| F|  |TAMS 0x0000000749a00000, 0x0000000749a00000| Untracked 
|  78|0x0000000749c00000, 0x0000000749c00000, 0x0000000749e00000|  0%| F|  |TAMS 0x0000000749c00000, 0x0000000749c00000| Untracked 
|  79|0x0000000749e00000, 0x0000000749e00000, 0x000000074a000000|  0%| F|  |TAMS 0x0000000749e00000, 0x0000000749e00000| Untracked 
|  80|0x000000074a000000, 0x000000074a000000, 0x000000074a200000|  0%| F|  |TAMS 0x000000074a000000, 0x000000074a000000| Untracked 
|  81|0x000000074a200000, 0x000000074a200000, 0x000000074a400000|  0%| F|  |TAMS 0x000000074a200000, 0x000000074a200000| Untracked 
|  82|0x000000074a400000, 0x000000074a400000, 0x000000074a600000|  0%| F|  |TAMS 0x000000074a400000, 0x000000074a400000| Untracked 
|  83|0x000000074a600000, 0x000000074a600000, 0x000000074a800000|  0%| F|  |TAMS 0x000000074a600000, 0x000000074a600000| Untracked 
|  84|0x000000074a800000, 0x000000074a800000, 0x000000074aa00000|  0%| F|  |TAMS 0x000000074a800000, 0x000000074a800000| Untracked 
|  85|0x000000074aa00000, 0x000000074aa00000, 0x000000074ac00000|  0%| F|  |TAMS 0x000000074aa00000, 0x000000074aa00000| Untracked 
|  86|0x000000074ac00000, 0x000000074ac00000, 0x000000074ae00000|  0%| F|  |TAMS 0x000000074ac00000, 0x000000074ac00000| Untracked 
|  87|0x000000074ae00000, 0x000000074ae00000, 0x000000074b000000|  0%| F|  |TAMS 0x000000074ae00000, 0x000000074ae00000| Untracked 
|  88|0x000000074b000000, 0x000000074b000000, 0x000000074b200000|  0%| F|  |TAMS 0x000000074b000000, 0x000000074b000000| Untracked 
|  89|0x000000074b200000, 0x000000074b200000, 0x000000074b400000|  0%| F|  |TAMS 0x000000074b200000, 0x000000074b200000| Untracked 
|  90|0x000000074b400000, 0x000000074b400000, 0x000000074b600000|  0%| F|  |TAMS 0x000000074b400000, 0x000000074b400000| Untracked 
|  91|0x000000074b600000, 0x000000074b600000, 0x000000074b800000|  0%| F|  |TAMS 0x000000074b600000, 0x000000074b600000| Untracked 
|  92|0x000000074b800000, 0x000000074b800000, 0x000000074ba00000|  0%| F|  |TAMS 0x000000074b800000, 0x000000074b800000| Untracked 
|  93|0x000000074ba00000, 0x000000074ba00000, 0x000000074bc00000|  0%| F|  |TAMS 0x000000074ba00000, 0x000000074ba00000| Untracked 
|  94|0x000000074bc00000, 0x000000074bc00000, 0x000000074be00000|  0%| F|  |TAMS 0x000000074bc00000, 0x000000074bc00000| Untracked 
|  95|0x000000074be00000, 0x000000074be00000, 0x000000074c000000|  0%| F|  |TAMS 0x000000074be00000, 0x000000074be00000| Untracked 
|  96|0x000000074c000000, 0x000000074c000000, 0x000000074c200000|  0%| F|  |TAMS 0x000000074c000000, 0x000000074c000000| Untracked 
|  97|0x000000074c200000, 0x000000074c200000, 0x000000074c400000|  0%| F|  |TAMS 0x000000074c200000, 0x000000074c200000| Untracked 
|  98|0x000000074c400000, 0x000000074c400000, 0x000000074c600000|  0%| F|  |TAMS 0x000000074c400000, 0x000000074c400000| Untracked 
|  99|0x000000074c600000, 0x000000074c600000, 0x000000074c800000|  0%| F|  |TAMS 0x000000074c600000, 0x000000074c600000| Untracked 
| 100|0x000000074c800000, 0x000000074c800000, 0x000000074ca00000|  0%| F|  |TAMS 0x000000074c800000, 0x000000074c800000| Untracked 
| 101|0x000000074ca00000, 0x000000074ca00000, 0x000000074cc00000|  0%| F|  |TAMS 0x000000074ca00000, 0x000000074ca00000| Untracked 
| 102|0x000000074cc00000, 0x000000074cc00000, 0x000000074ce00000|  0%| F|  |TAMS 0x000000074cc00000, 0x000000074cc00000| Untracked 
| 103|0x000000074ce00000, 0x000000074ce00000, 0x000000074d000000|  0%| F|  |TAMS 0x000000074ce00000, 0x000000074ce00000| Untracked 
| 104|0x000000074d000000, 0x000000074d000000, 0x000000074d200000|  0%| F|  |TAMS 0x000000074d000000, 0x000000074d000000| Untracked 
| 105|0x000000074d200000, 0x000000074d200000, 0x000000074d400000|  0%| F|  |TAMS 0x000000074d200000, 0x000000074d200000| Untracked 
| 106|0x000000074d400000, 0x000000074d400000, 0x000000074d600000|  0%| F|  |TAMS 0x000000074d400000, 0x000000074d400000| Untracked 
| 107|0x000000074d600000, 0x000000074d600000, 0x000000074d800000|  0%| F|  |TAMS 0x000000074d600000, 0x000000074d600000| Untracked 
| 108|0x000000074d800000, 0x000000074d800000, 0x000000074da00000|  0%| F|  |TAMS 0x000000074d800000, 0x000000074d800000| Untracked 
| 109|0x000000074da00000, 0x000000074da00000, 0x000000074dc00000|  0%| F|  |TAMS 0x000000074da00000, 0x000000074da00000| Untracked 
| 110|0x000000074dc00000, 0x000000074dc00000, 0x000000074de00000|  0%| F|  |TAMS 0x000000074dc00000, 0x000000074dc00000| Untracked 
| 111|0x000000074de00000, 0x000000074de00000, 0x000000074e000000|  0%| F|  |TAMS 0x000000074de00000, 0x000000074de00000| Untracked 
| 112|0x000000074e000000, 0x000000074e000000, 0x000000074e200000|  0%| F|  |TAMS 0x000000074e000000, 0x000000074e000000| Untracked 
| 113|0x000000074e200000, 0x000000074e200000, 0x000000074e400000|  0%| F|  |TAMS 0x000000074e200000, 0x000000074e200000| Untracked 
| 114|0x000000074e400000, 0x000000074e400000, 0x000000074e600000|  0%| F|  |TAMS 0x000000074e400000, 0x000000074e400000| Untracked 
| 115|0x000000074e600000, 0x000000074e600000, 0x000000074e800000|  0%| F|  |TAMS 0x000000074e600000, 0x000000074e600000| Untracked 
| 116|0x000000074e800000, 0x000000074e800000, 0x000000074ea00000|  0%| F|  |TAMS 0x000000074e800000, 0x000000074e800000| Untracked 
| 117|0x000000074ea00000, 0x000000074ea00000, 0x000000074ec00000|  0%| F|  |TAMS 0x000000074ea00000, 0x000000074ea00000| Untracked 
| 118|0x000000074ec00000, 0x000000074ec00000, 0x000000074ee00000|  0%| F|  |TAMS 0x000000074ec00000, 0x000000074ec00000| Untracked 
| 119|0x000000074ee00000, 0x000000074ee00000, 0x000000074f000000|  0%| F|  |TAMS 0x000000074ee00000, 0x000000074ee00000| Untracked 
| 120|0x000000074f000000, 0x000000074f000000, 0x000000074f200000|  0%| F|  |TAMS 0x000000074f000000, 0x000000074f000000| Untracked 
| 121|0x000000074f200000, 0x000000074f200000, 0x000000074f400000|  0%| F|  |TAMS 0x000000074f200000, 0x000000074f200000| Untracked 
| 122|0x000000074f400000, 0x000000074f400000, 0x000000074f600000|  0%| F|  |TAMS 0x000000074f400000, 0x000000074f400000| Untracked 
| 123|0x000000074f600000, 0x000000074f600000, 0x000000074f800000|  0%| F|  |TAMS 0x000000074f600000, 0x000000074f600000| Untracked 
| 124|0x000000074f800000, 0x000000074f800000, 0x000000074fa00000|  0%| F|  |TAMS 0x000000074f800000, 0x000000074f800000| Untracked 
| 125|0x000000074fa00000, 0x000000074fa00000, 0x000000074fc00000|  0%| F|  |TAMS 0x000000074fa00000, 0x000000074fa00000| Untracked 
| 126|0x000000074fc00000, 0x000000074fc00000, 0x000000074fe00000|  0%| F|  |TAMS 0x000000074fc00000, 0x000000074fc00000| Untracked 
| 127|0x000000074fe00000, 0x000000074fe00000, 0x0000000750000000|  0%| F|  |TAMS 0x000000074fe00000, 0x000000074fe00000| Untracked 
| 128|0x0000000750000000, 0x0000000750000000, 0x0000000750200000|  0%| F|  |TAMS 0x0000000750000000, 0x0000000750000000| Untracked 
| 129|0x0000000750200000, 0x0000000750200000, 0x0000000750400000|  0%| F|  |TAMS 0x0000000750200000, 0x0000000750200000| Untracked 
| 130|0x0000000750400000, 0x0000000750400000, 0x0000000750600000|  0%| F|  |TAMS 0x0000000750400000, 0x0000000750400000| Untracked 
| 131|0x0000000750600000, 0x0000000750600000, 0x0000000750800000|  0%| F|  |TAMS 0x0000000750600000, 0x0000000750600000| Untracked 
| 132|0x0000000750800000, 0x0000000750800000, 0x0000000750a00000|  0%| F|  |TAMS 0x0000000750800000, 0x0000000750800000| Untracked 
| 133|0x0000000750a00000, 0x0000000750a00000, 0x0000000750c00000|  0%| F|  |TAMS 0x0000000750a00000, 0x0000000750a00000| Untracked 
| 134|0x0000000750c00000, 0x0000000750c56708, 0x0000000750e00000| 16%| E|  |TAMS 0x0000000750c00000, 0x0000000750c00000| Complete 
| 135|0x0000000750e00000, 0x0000000751000000, 0x0000000751000000|100%| E|CS|TAMS 0x0000000750e00000, 0x0000000750e00000| Complete 
| 136|0x0000000751000000, 0x0000000751200000, 0x0000000751200000|100%| E|CS|TAMS 0x0000000751000000, 0x0000000751000000| Complete 
| 137|0x0000000751200000, 0x0000000751400000, 0x0000000751400000|100%| E|CS|TAMS 0x0000000751200000, 0x0000000751200000| Complete 
| 138|0x0000000751400000, 0x0000000751600000, 0x0000000751600000|100%| E|CS|TAMS 0x0000000751400000, 0x0000000751400000| Complete 
| 139|0x0000000751600000, 0x0000000751800000, 0x0000000751800000|100%| E|CS|TAMS 0x0000000751600000, 0x0000000751600000| Complete 
| 140|0x0000000751800000, 0x0000000751a00000, 0x0000000751a00000|100%| E|CS|TAMS 0x0000000751800000, 0x0000000751800000| Complete 
| 141|0x0000000751a00000, 0x0000000751c00000, 0x0000000751c00000|100%| E|CS|TAMS 0x0000000751a00000, 0x0000000751a00000| Complete 
| 142|0x0000000751c00000, 0x0000000751e00000, 0x0000000751e00000|100%| E|CS|TAMS 0x0000000751c00000, 0x0000000751c00000| Complete 
| 143|0x0000000751e00000, 0x0000000752000000, 0x0000000752000000|100%| E|CS|TAMS 0x0000000751e00000, 0x0000000751e00000| Complete 
| 144|0x0000000752000000, 0x0000000752200000, 0x0000000752200000|100%| E|CS|TAMS 0x0000000752000000, 0x0000000752000000| Complete 
| 145|0x0000000752200000, 0x0000000752400000, 0x0000000752400000|100%| E|CS|TAMS 0x0000000752200000, 0x0000000752200000| Complete 
| 146|0x0000000752400000, 0x0000000752600000, 0x0000000752600000|100%| E|CS|TAMS 0x0000000752400000, 0x0000000752400000| Complete 
| 147|0x0000000752600000, 0x0000000752800000, 0x0000000752800000|100%| E|CS|TAMS 0x0000000752600000, 0x0000000752600000| Complete 
| 148|0x0000000752800000, 0x0000000752a00000, 0x0000000752a00000|100%| E|CS|TAMS 0x0000000752800000, 0x0000000752800000| Complete 
| 149|0x0000000752a00000, 0x0000000752c00000, 0x0000000752c00000|100%| E|CS|TAMS 0x0000000752a00000, 0x0000000752a00000| Complete 
| 150|0x0000000752c00000, 0x0000000752e00000, 0x0000000752e00000|100%| E|CS|TAMS 0x0000000752c00000, 0x0000000752c00000| Complete 
| 151|0x0000000752e00000, 0x0000000753000000, 0x0000000753000000|100%| E|CS|TAMS 0x0000000752e00000, 0x0000000752e00000| Complete 
| 152|0x0000000753000000, 0x0000000753200000, 0x0000000753200000|100%| E|CS|TAMS 0x0000000753000000, 0x0000000753000000| Complete 
| 153|0x0000000753200000, 0x0000000753400000, 0x0000000753400000|100%| E|CS|TAMS 0x0000000753200000, 0x0000000753200000| Complete 
| 154|0x0000000753400000, 0x0000000753600000, 0x0000000753600000|100%| E|CS|TAMS 0x0000000753400000, 0x0000000753400000| Complete 
| 155|0x0000000753600000, 0x0000000753800000, 0x0000000753800000|100%| E|CS|TAMS 0x0000000753600000, 0x0000000753600000| Complete 
| 156|0x0000000753800000, 0x0000000753a00000, 0x0000000753a00000|100%| E|CS|TAMS 0x0000000753800000, 0x0000000753800000| Complete 
| 157|0x0000000753a00000, 0x0000000753c00000, 0x0000000753c00000|100%| E|CS|TAMS 0x0000000753a00000, 0x0000000753a00000| Complete 
| 158|0x0000000753c00000, 0x0000000753e00000, 0x0000000753e00000|100%| E|CS|TAMS 0x0000000753c00000, 0x0000000753c00000| Complete 
| 159|0x0000000753e00000, 0x0000000754000000, 0x0000000754000000|100%| E|CS|TAMS 0x0000000753e00000, 0x0000000753e00000| Complete 
| 160|0x0000000754000000, 0x0000000754200000, 0x0000000754200000|100%| E|CS|TAMS 0x0000000754000000, 0x0000000754000000| Complete 
| 161|0x0000000754200000, 0x0000000754400000, 0x0000000754400000|100%| E|CS|TAMS 0x0000000754200000, 0x0000000754200000| Complete 
| 162|0x0000000754400000, 0x0000000754600000, 0x0000000754600000|100%| E|CS|TAMS 0x0000000754400000, 0x0000000754400000| Complete 
| 163|0x0000000754600000, 0x0000000754800000, 0x0000000754800000|100%| E|CS|TAMS 0x0000000754600000, 0x0000000754600000| Complete 
| 164|0x0000000754800000, 0x0000000754a00000, 0x0000000754a00000|100%| E|CS|TAMS 0x0000000754800000, 0x0000000754800000| Complete 
| 165|0x0000000754a00000, 0x0000000754c00000, 0x0000000754c00000|100%| E|CS|TAMS 0x0000000754a00000, 0x0000000754a00000| Complete 
| 166|0x0000000754c00000, 0x0000000754e00000, 0x0000000754e00000|100%| E|CS|TAMS 0x0000000754c00000, 0x0000000754c00000| Complete 

Card table byte_map: [0x0000000019be0000,0x000000001a1e0000] _byte_map_base: 0x00000000161e0000

Marking Bits (Prev, Next): (CMBitMap*) 0x000000000055ba90, (CMBitMap*) 0x000000000055ba50
 Prev Bits: [0x000000001d7e0000, 0x00000000207e0000)
 Next Bits: [0x000000001a7e0000, 0x000000001d7e0000)

Polling page: 0x0000000000330000

Metaspace:

Usage:
  Non-class:     65.14 MB used.
      Class:     10.15 MB used.
       Both:     75.30 MB used.

Virtual space:
  Non-class space:       72.00 MB reserved,      65.56 MB ( 91%) committed,  9 nodes.
      Class space:        1.00 GB reserved,      10.50 MB (  1%) committed,  1 nodes.
             Both:        1.07 GB reserved,      76.06 MB (  7%) committed. 

Chunk freelists:
   Non-Class:  2.34 MB
       Class:  1.35 MB
        Both:  3.70 MB

MaxMetaspaceSize: unlimited
CompressedClassSpaceSize: 1.00 GB
Initial GC threshold: 21.00 MB
Current GC threshold: 99.38 MB
CDS: on
MetaspaceReclaimPolicy: balanced
 - commit_granule_bytes: 65536.
 - commit_granule_words: 8192.
 - virtual_space_node_default_size: 1048576.
 - enlarge_chunks_in_place: 1.
 - new_chunks_are_fully_committed: 0.
 - uncommit_free_chunks: 1.
 - use_allocation_guard: 0.
 - handle_deallocations: 1.


Internal statistics:

num_allocs_failed_limit: 6.
num_arena_births: 822.
num_arena_deaths: 0.
num_vsnodes_births: 10.
num_vsnodes_deaths: 0.
num_space_committed: 1217.
num_space_uncommitted: 0.
num_chunks_returned_to_freelist: 6.
num_chunks_taken_from_freelist: 3756.
num_chunk_merges: 6.
num_chunk_splits: 2420.
num_chunks_enlarged: 1574.
num_purges: 0.
num_inconsistent_stats: 0.

CodeHeap 'non-profiled nmethods': size=120000Kb used=7851Kb max_used=7851Kb free=112148Kb
 bounds [0x0000000011b80000, 0x0000000012330000, 0x00000000190b0000]
CodeHeap 'profiled nmethods': size=120000Kb used=22217Kb max_used=22250Kb free=97782Kb
 bounds [0x000000000a650000, 0x000000000bc10000, 0x0000000011b80000]
CodeHeap 'non-nmethods': size=5760Kb used=2458Kb max_used=2513Kb free=3301Kb
 bounds [0x000000000a0b0000, 0x000000000a340000, 0x000000000a650000]
 total_blobs=11961 nmethods=11041 adapters=833
 compilation: enabled
              stopped_count=0, restarted_count=0
 full_count=0

Compilation events (20 events):
Event: 62214.640 Thread 0x000000002360bbc0 nmethod 12637 0x0000000012317f10 code [0x00000000123180a0, 0x0000000012318148]
Event: 63304.343 Thread 0x000000002360bbc0 12638   !   4       jdk.internal.reflect.GeneratedMethodAccessor10::invoke (68 bytes)
Event: 63304.597 Thread 0x000000002360bbc0 nmethod 12638 0x0000000012318210 code [0x0000000012318620, 0x000000001231cf30]
Event: 63644.342 Thread 0x000000002360bbc0 12639   !   4       jdk.internal.reflect.GeneratedMethodAccessor10::invoke (68 bytes)
Event: 63644.603 Thread 0x000000002360bbc0 nmethod 12639 0x000000001231fc10 code [0x0000000012320020, 0x00000000123248d0]
Event: 64002.856 Thread 0x000000002360bbc0 12640       4       org.gradle.launcher.daemon.server.health.HealthExpirationStrategy::checkExpiration (440 bytes)
Event: 64002.904 Thread 0x000000002360bbc0 nmethod 12640 0x0000000012327590 code [0x0000000012327800, 0x0000000012328710]
Event: 64002.904 Thread 0x000000002360bbc0 12641       4       org.gradle.launcher.daemon.server.health.gc.GarbageCollectionStats::forHeap (40 bytes)
Event: 64002.933 Thread 0x000000002360bbc0 nmethod 12641 0x000000001232a310 code [0x000000001232a520, 0x000000001232b1a8]
Event: 64179.868 Thread 0x000000002360c990 12642       3       org.gradle.internal.serialize.kryo.KryoBackedDecoder::maybeReadBytes (11 bytes)
Event: 64179.868 Thread 0x000000002360c990 nmethod 12642 0x000000000a84a490 code [0x000000000a84a640, 0x000000000a84a7a8]
Event: 64179.868 Thread 0x000000002360c990 12643       3       com.esotericsoftware.kryo.io.Input::read (115 bytes)
Event: 64179.869 Thread 0x000000002360c990 nmethod 12643 0x000000000a849a90 code [0x000000000a849c80, 0x000000000a84a2c8]
Event: 64179.869 Thread 0x000000002360bbc0 12644       4       org.gradle.internal.logging.slf4j.OutputEventListenerBackedLogger::debug (8 bytes)
Event: 64179.872 Thread 0x000000002360bbc0 nmethod 12644 0x0000000011dc8790 code [0x0000000011dc8920, 0x0000000011dc8a78]
Event: 65282.859 Thread 0x000000002360bbc0 12645       4       org.gradle.launcher.daemon.server.DaemonRegistryUnavailableExpirationStrategy$1::<init> (10 bytes)
Event: 65282.860 Thread 0x000000002360bbc0 nmethod 12645 0x0000000011dc8410 code [0x0000000011dc8580, 0x0000000011dc86b8]
Event: 65412.369 Thread 0x000000002360bbc0 12646   !   4       java.nio.CharBuffer::wrap (21 bytes)
Event: 65412.384 Thread 0x000000002360bbc0 nmethod 12646 0x0000000011f56510 code [0x0000000011f566a0, 0x0000000011f56998]
Event: 65412.384 Thread 0x000000002360bbc0 12647       4       java.util.concurrent.ConcurrentHashMap::containsKey (14 bytes)

GC Heap History (20 events):
Event: 23.960 GC heap before
{Heap before GC invocations=30 (full 0):
 garbage-first heap   total 165888K, used 72464K [0x0000000740000000, 0x0000000800000000)
  region size 2048K, 2 young (4096K), 1 survivors (2048K)
 Metaspace       used 64582K, committed 65280K, reserved 1105920K
  class space    used 8969K, committed 9280K, reserved 1048576K
}
Event: 23.964 GC heap after
{Heap after GC invocations=31 (full 0):
 garbage-first heap   total 342016K, used 64051K [0x0000000740000000, 0x0000000800000000)
  region size 2048K, 1 young (2048K), 1 survivors (2048K)
 Metaspace       used 64582K, committed 65280K, reserved 1105920K
  class space    used 8969K, committed 9280K, reserved 1048576K
}
Event: 25.777 GC heap before
{Heap before GC invocations=31 (full 0):
 garbage-first heap   total 342016K, used 256563K [0x0000000740000000, 0x0000000800000000)
  region size 2048K, 54 young (110592K), 1 survivors (2048K)
 Metaspace       used 67203K, committed 67968K, reserved 1114112K
  class space    used 9323K, committed 9728K, reserved 1048576K
}
Event: 25.830 GC heap after
{Heap after GC invocations=32 (full 0):
 garbage-first heap   total 342016K, used 85473K [0x0000000740000000, 0x0000000800000000)
  region size 2048K, 10 young (20480K), 10 survivors (20480K)
 Metaspace       used 67203K, committed 67968K, reserved 1114112K
  class space    used 9323K, committed 9728K, reserved 1048576K
}
Event: 29.773 GC heap before
{Heap before GC invocations=32 (full 0):
 garbage-first heap   total 342016K, used 284129K [0x0000000740000000, 0x0000000800000000)
  region size 2048K, 99 young (202752K), 10 survivors (20480K)
 Metaspace       used 75760K, committed 76480K, reserved 1122304K
  class space    used 10298K, committed 10624K, reserved 1048576K
}
Event: 29.806 GC heap after
{Heap after GC invocations=33 (full 0):
 garbage-first heap   total 342016K, used 89552K [0x0000000740000000, 0x0000000800000000)
  region size 2048K, 4 young (8192K), 4 survivors (8192K)
 Metaspace       used 75760K, committed 76480K, reserved 1122304K
  class space    used 10298K, committed 10624K, reserved 1048576K
}
Event: 4127.274 GC heap before
{Heap before GC invocations=33 (full 0):
 garbage-first heap   total 342016K, used 314832K [0x0000000740000000, 0x0000000800000000)
  region size 2048K, 94 young (192512K), 4 survivors (8192K)
 Metaspace       used 76882K, committed 77632K, reserved 1122304K
  class space    used 10368K, committed 10752K, reserved 1048576K
}
Event: 4127.310 GC heap after
{Heap after GC invocations=34 (full 0):
 garbage-first heap   total 342016K, used 86262K [0x0000000740000000, 0x0000000800000000)
  region size 2048K, 5 young (10240K), 5 survivors (10240K)
 Metaspace       used 76882K, committed 77632K, reserved 1122304K
  class space    used 10368K, committed 10752K, reserved 1048576K
}
Event: 13374.273 GC heap before
{Heap before GC invocations=34 (full 0):
 garbage-first heap   total 342016K, used 270582K [0x0000000740000000, 0x0000000800000000)
  region size 2048K, 95 young (194560K), 5 survivors (10240K)
 Metaspace       used 76909K, committed 77696K, reserved 1122304K
  class space    used 10368K, committed 10752K, reserved 1048576K
}
Event: 13374.302 GC heap after
{Heap after GC invocations=35 (full 0):
 garbage-first heap   total 342016K, used 86189K [0x0000000740000000, 0x0000000800000000)
  region size 2048K, 5 young (10240K), 5 survivors (10240K)
 Metaspace       used 76909K, committed 77696K, reserved 1122304K
  class space    used 10368K, committed 10752K, reserved 1048576K
}
Event: 23057.273 GC heap before
{Heap before GC invocations=35 (full 0):
 garbage-first heap   total 342016K, used 278701K [0x0000000740000000, 0x0000000800000000)
  region size 2048K, 99 young (202752K), 5 survivors (10240K)
 Metaspace       used 76914K, committed 77696K, reserved 1122304K
  class space    used 10369K, committed 10752K, reserved 1048576K
}
Event: 23057.302 GC heap after
{Heap after GC invocations=36 (full 0):
 garbage-first heap   total 342016K, used 86450K [0x0000000740000000, 0x0000000800000000)
  region size 2048K, 5 young (10240K), 5 survivors (10240K)
 Metaspace       used 76914K, committed 77696K, reserved 1122304K
  class space    used 10369K, committed 10752K, reserved 1048576K
}
Event: 32854.273 GC heap before
{Heap before GC invocations=36 (full 0):
 garbage-first heap   total 342016K, used 281010K [0x0000000740000000, 0x0000000800000000)
  region size 2048K, 100 young (204800K), 5 survivors (10240K)
 Metaspace       used 76915K, committed 77696K, reserved 1122304K
  class space    used 10370K, committed 10752K, reserved 1048576K
}
Event: 32854.286 GC heap after
{Heap after GC invocations=37 (full 0):
 garbage-first heap   total 342016K, used 86077K [0x0000000740000000, 0x0000000800000000)
  region size 2048K, 5 young (10240K), 5 survivors (10240K)
 Metaspace       used 76915K, committed 77696K, reserved 1122304K
  class space    used 10370K, committed 10752K, reserved 1048576K
}
Event: 42665.274 GC heap before
{Heap before GC invocations=37 (full 0):
 garbage-first heap   total 342016K, used 280637K [0x0000000740000000, 0x0000000800000000)
  region size 2048K, 100 young (204800K), 5 survivors (10240K)
 Metaspace       used 76915K, committed 77696K, reserved 1122304K
  class space    used 10370K, committed 10752K, reserved 1048576K
}
Event: 42665.302 GC heap after
{Heap after GC invocations=38 (full 0):
 garbage-first heap   total 342016K, used 86078K [0x0000000740000000, 0x0000000800000000)
  region size 2048K, 5 young (10240K), 5 survivors (10240K)
 Metaspace       used 76915K, committed 77696K, reserved 1122304K
  class space    used 10370K, committed 10752K, reserved 1048576K
}
Event: 52370.273 GC heap before
{Heap before GC invocations=38 (full 0):
 garbage-first heap   total 342016K, used 280638K [0x0000000740000000, 0x0000000800000000)
  region size 2048K, 100 young (204800K), 5 survivors (10240K)
 Metaspace       used 77101K, committed 77888K, reserved 1122304K
  class space    used 10398K, committed 10752K, reserved 1048576K
}
Event: 52370.290 GC heap after
{Heap after GC invocations=39 (full 0):
 garbage-first heap   total 342016K, used 85689K [0x0000000740000000, 0x0000000800000000)
  region size 2048K, 4 young (8192K), 4 survivors (8192K)
 Metaspace       used 77101K, committed 77888K, reserved 1122304K
  class space    used 10398K, committed 10752K, reserved 1048576K
}
Event: 62189.343 GC heap before
{Heap before GC invocations=39 (full 0):
 garbage-first heap   total 342016K, used 282297K [0x0000000740000000, 0x0000000800000000)
  region size 2048K, 100 young (204800K), 4 survivors (8192K)
 Metaspace       used 77103K, committed 77888K, reserved 1122304K
  class space    used 10398K, committed 10752K, reserved 1048576K
}
Event: 62189.673 GC heap after
{Heap after GC invocations=40 (full 0):
 garbage-first heap   total 342016K, used 85689K [0x0000000740000000, 0x0000000800000000)
  region size 2048K, 4 young (8192K), 4 survivors (8192K)
 Metaspace       used 77103K, committed 77888K, reserved 1122304K
  class space    used 10398K, committed 10752K, reserved 1048576K
}

Deoptimization events (20 events):
Event: 63309.343 Thread 0x0000000026ca86a0 DEOPT PACKING pc=0x000000001231ba94 sp=0x000000002f79eb60
Event: 63309.343 Thread 0x0000000026ca86a0 DEOPT UNPACKING pc=0x000000000a10239d sp=0x000000002f79ea08 mode 2
Event: 63314.343 Thread 0x0000000026ca86a0 Uncommon trap: trap_request=0xffffffbe fr.pc=0x000000001231ba94 relative=0x0000000000003474
Event: 63314.343 Thread 0x0000000026ca86a0 Uncommon trap: reason=profile_predicate action=maybe_recompile pc=0x000000001231ba94 method=org.gradle.process.internal.health.memory.DefaultMemoryManager.doRequestFreeMemory(JJ)J @ 78 c2
Event: 63314.343 Thread 0x0000000026ca86a0 DEOPT PACKING pc=0x000000001231ba94 sp=0x000000002f79eb60
Event: 63314.343 Thread 0x0000000026ca86a0 DEOPT UNPACKING pc=0x000000000a10239d sp=0x000000002f79ea08 mode 2
Event: 63319.342 Thread 0x0000000026ca86a0 Uncommon trap: trap_request=0xffffffbe fr.pc=0x000000001231ba94 relative=0x0000000000003474
Event: 63319.342 Thread 0x0000000026ca86a0 Uncommon trap: reason=profile_predicate action=maybe_recompile pc=0x000000001231ba94 method=org.gradle.process.internal.health.memory.DefaultMemoryManager.doRequestFreeMemory(JJ)J @ 78 c2
Event: 63319.342 Thread 0x0000000026ca86a0 DEOPT PACKING pc=0x000000001231ba94 sp=0x000000002f79eb60
Event: 63319.342 Thread 0x0000000026ca86a0 DEOPT UNPACKING pc=0x000000000a10239d sp=0x000000002f79ea08 mode 2
Event: 63324.342 Thread 0x0000000026ca86a0 Uncommon trap: trap_request=0xffffffbe fr.pc=0x000000001231ba94 relative=0x0000000000003474
Event: 63324.342 Thread 0x0000000026ca86a0 Uncommon trap: reason=profile_predicate action=maybe_recompile pc=0x000000001231ba94 method=org.gradle.process.internal.health.memory.DefaultMemoryManager.doRequestFreeMemory(JJ)J @ 78 c2
Event: 63324.342 Thread 0x0000000026ca86a0 DEOPT PACKING pc=0x000000001231ba94 sp=0x000000002f79eb60
Event: 63324.342 Thread 0x0000000026ca86a0 DEOPT UNPACKING pc=0x000000000a10239d sp=0x000000002f79ea08 mode 2
Event: 64179.873 Thread 0x000000002516ff80 DEOPT PACKING pc=0x000000000b630fac sp=0x000000003647eec0
Event: 64179.873 Thread 0x000000002516ff80 DEOPT UNPACKING pc=0x000000000a102b24 sp=0x000000003647e360 mode 1
Event: 64179.873 Thread 0x000000002516ff80 DEOPT PACKING pc=0x000000000b631674 sp=0x000000003647ef20
Event: 64179.873 Thread 0x000000002516ff80 DEOPT UNPACKING pc=0x000000000a102b24 sp=0x000000003647e388 mode 1
Event: 64179.873 Thread 0x000000002516ff80 DEOPT PACKING pc=0x00000000122f3504 sp=0x000000003647f230
Event: 64179.873 Thread 0x000000002516ff80 DEOPT UNPACKING pc=0x000000000a102b24 sp=0x000000003647e6a8 mode 1

Classes unloaded (0 events):
No events

Classes redefined (0 events):
No events

Internal exceptions (20 events):
Event: 28.647 Thread 0x0000000030682af0 Exception <a 'sun/nio/fs/WindowsException'{0x000000074b721f40}> (0x000000074b721f40) 
thrown [s\src\hotspot\share\prims\jni.cpp, line 516]
Event: 28.647 Thread 0x0000000030682af0 Exception <a 'sun/nio/fs/WindowsException'{0x000000074b7222a0}> (0x000000074b7222a0) 
thrown [s\src\hotspot\share\prims\jni.cpp, line 516]
Event: 28.744 Thread 0x0000000030682af0 Exception <a 'sun/nio/fs/WindowsException'{0x000000074b57b7a8}> (0x000000074b57b7a8) 
thrown [s\src\hotspot\share\prims\jni.cpp, line 516]
Event: 28.754 Thread 0x0000000030682af0 Exception <a 'sun/nio/fs/WindowsException'{0x000000074b5a0ff8}> (0x000000074b5a0ff8) 
thrown [s\src\hotspot\share\prims\jni.cpp, line 516]
Event: 28.758 Thread 0x0000000030682af0 Exception <a 'sun/nio/fs/WindowsException'{0x000000074b5bc668}> (0x000000074b5bc668) 
thrown [s\src\hotspot\share\prims\jni.cpp, line 516]
Event: 28.759 Thread 0x0000000030682af0 Exception <a 'sun/nio/fs/WindowsException'{0x000000074b5bc9c8}> (0x000000074b5bc9c8) 
thrown [s\src\hotspot\share\prims\jni.cpp, line 516]
Event: 28.792 Thread 0x0000000030682af0 Exception <a 'java/lang/NoSuchMethodError'{0x000000074b280da0}: 'void java.lang.invoke.DirectMethodHandle$Holder.invokeSpecial(java.lang.Object, java.lang.Object, java.lang.Object, java.lang.Object, java.lang.Object, java.lang.Object, java.lang.Object, java.lang.Object, java.lang.Object)'> (0x000000074b280da0) 
thrown [s\src\hotspot\share\interpreter\linkResolver.cpp, line 759]
Event: 28.799 Thread 0x0000000030682af0 Exception <a 'sun/nio/fs/WindowsException'{0x000000074b2ace10}> (0x000000074b2ace10) 
thrown [s\src\hotspot\share\prims\jni.cpp, line 516]
Event: 28.799 Thread 0x0000000030682af0 Exception <a 'sun/nio/fs/WindowsException'{0x000000074b2ad190}> (0x000000074b2ad190) 
thrown [s\src\hotspot\share\prims\jni.cpp, line 516]
Event: 28.874 Thread 0x0000000030682af0 Exception <a 'sun/nio/fs/WindowsException'{0x000000074b054f38}> (0x000000074b054f38) 
thrown [s\src\hotspot\share\prims\jni.cpp, line 516]
Event: 28.894 Thread 0x0000000030682af0 Exception <a 'sun/nio/fs/WindowsException'{0x000000074b115b68}> (0x000000074b115b68) 
thrown [s\src\hotspot\share\prims\jni.cpp, line 516]
Event: 29.029 Thread 0x0000000030682af0 Implicit null exception at 0x0000000011c3f263 to 0x0000000011c3f31d
Event: 29.319 Thread 0x00000000272d34b0 Exception <a 'java/lang/NoSuchMethodError'{0x0000000749e91e98}: static Lorg/gradle/internal/build/event/types/DefaultJavaCompileTaskSuccessResult;.<clinit>()V> (0x0000000749e91e98) 
thrown [s\src\hotspot\share\prims\jni.cpp, line 1107]
Event: 31.149 Thread 0x0000000030682af0 Exception <a 'java/lang/ClassNotFoundException'{0x00000007503ce208}: com/intellij/openapi/externalSystem/rt/execution/ForkedDebuggerHelperBeanInfo> (0x00000007503ce208) 
thrown [s\src\hotspot\share\classfile\systemDictionary.cpp, line 256]
Event: 31.150 Thread 0x0000000030682af0 Exception <a 'java/lang/ClassNotFoundException'{0x00000007503d6cd8}: com/intellij/openapi/externalSystem/rt/execution/ForkedDebuggerHelperCustomizer> (0x00000007503d6cd8) 
thrown [s\src\hotspot\share\classfile\systemDictionary.cpp, line 256]
Event: 31.156 Thread 0x0000000030682af0 Exception <a 'java/net/SocketException'{0x00000007503e98d8}: Socket is not connected: shutdown> (0x00000007503e98d8) 
thrown [s\src\hotspot\share\prims\jni.cpp, line 535]
Event: 31.177 Thread 0x0000000030682af0 Exception <a 'java/lang/ClassNotFoundException'{0x00000007500b77e0}: org/gradle/api/internal/file/collections/DefaultConfigurableFileCollectionBeanInfo> (0x00000007500b77e0) 
thrown [s\src\hotspot\share\classfile\systemDictionary.cpp, line 256]
Event: 31.179 Thread 0x0000000030682af0 Exception <a 'java/lang/ClassNotFoundException'{0x00000007500c91b0}: org/gradle/api/internal/file/collections/DefaultConfigurableFileCollectionCustomizer> (0x00000007500c91b0) 
thrown [s\src\hotspot\share\classfile\systemDictionary.cpp, line 256]
Event: 50491.317 Thread 0x000000002516fab0 Exception <a 'java/lang/NoSuchMethodError'{0x000000074b5ddfa0}: static Lorg/gradle/launcher/daemon/protocol/Command;.<clinit>()V> (0x000000074b5ddfa0) 
thrown [s\src\hotspot\share\prims\jni.cpp, line 1107]
Event: 50491.318 Thread 0x000000002516fab0 Exception <a 'java/lang/NoSuchMethodError'{0x000000074b5e84d0}: static Lorg/gradle/launcher/daemon/protocol/InvalidateVirtualFileSystem;.<clinit>()V> (0x000000074b5e84d0) 
thrown [s\src\hotspot\share\prims\jni.cpp, line 1107]

VM Operations (20 events):
Event: 58013.584 Executing VM operation: Cleanup
Event: 58013.584 Executing VM operation: Cleanup done
Event: 62189.343 Executing VM operation: G1CollectForAllocation
Event: 62189.673 Executing VM operation: G1CollectForAllocation done
Event: 62189.675 Executing VM operation: Cleanup
Event: 62189.677 Executing VM operation: Cleanup done
Event: 62219.678 Executing VM operation: Cleanup
Event: 62219.678 Executing VM operation: Cleanup done
Event: 63309.712 Executing VM operation: Cleanup
Event: 63309.712 Executing VM operation: Cleanup done
Event: 63329.712 Executing VM operation: Cleanup
Event: 63329.712 Executing VM operation: Cleanup done
Event: 63649.722 Executing VM operation: Cleanup
Event: 63649.722 Executing VM operation: Cleanup done
Event: 64002.904 Executing VM operation: HandshakeAllThreads
Event: 64002.904 Executing VM operation: HandshakeAllThreads done
Event: 64003.903 Executing VM operation: Cleanup
Event: 64003.904 Executing VM operation: Cleanup done
Event: 64423.961 Executing VM operation: Cleanup
Event: 64423.961 Executing VM operation: Cleanup done

Events (20 events):
Event: 50491.319 loading class java/io/ObjectInputStream$FieldValues done
Event: 50491.386 Thread 0x000000002516fab0 Thread exited: 0x000000002516fab0
Event: 50494.246 Thread 0x000000002516fab0 Thread added: 0x000000002516fab0
Event: 50551.388 Thread 0x0000000026ca99e0 Thread exited: 0x0000000026ca99e0
Event: 50572.936 Thread 0x000000002516fab0 Thread exited: 0x000000002516fab0
Event: 58012.925 Thread 0x000000002516fab0 Thread added: 0x000000002516fab0
Event: 58012.928 Thread 0x000000002516ff80 Thread added: 0x000000002516ff80
Event: 58012.936 Thread 0x000000002516ff80 Thread exited: 0x000000002516ff80
Event: 58072.936 Thread 0x000000002516fab0 Thread exited: 0x000000002516fab0
Event: 59563.825 Thread 0x000000002516fab0 Thread added: 0x000000002516fab0
Event: 59563.826 Thread 0x000000002516ff80 Thread added: 0x000000002516ff80
Event: 59563.835 Thread 0x000000002516ff80 Thread exited: 0x000000002516ff80
Event: 59623.838 Thread 0x000000002516fab0 Thread exited: 0x000000002516fab0
Event: 64002.907 Thread 0x000000002361de70 flushing nmethod 0x0000000011dc8110
Event: 64002.908 Thread 0x000000002361de70 flushing nmethod 0x0000000011f55b10
Event: 64002.914 Thread 0x000000002361de70 flushing nmethod 0x000000000a841690
Event: 64179.860 Thread 0x000000002516fab0 Thread added: 0x000000002516fab0
Event: 64179.865 Thread 0x000000002516ff80 Thread added: 0x000000002516ff80
Event: 64179.873 Thread 0x000000002516ff80 Thread exited: 0x000000002516ff80
Event: 64239.876 Thread 0x000000002516fab0 Thread exited: 0x000000002516fab0


Dynamic libraries:
0x000000013f3b0000 - 0x000000013f3be000 	C:\Program Files\Eclipse Adoptium\jdk-17.0.4.101-hotspot\bin\java.exe
0x0000000076ed0000 - 0x000000007706f000 	C:\Windows\SYSTEM32\ntdll.dll
0x0000000076db0000 - 0x0000000076ecf000 	C:\Windows\system32\kernel32.dll
0x000007fefcc80000 - 0x000007fefcce7000 	C:\Windows\system32\KERNELBASE.dll
0x000007fefa670000 - 0x000007fefa688000 	C:\Program Files\Eclipse Adoptium\jdk-17.0.4.101-hotspot\bin\jli.dll
0x000007fefb020000 - 0x000007fefb215000 	C:\Windows\WinSxS\amd64_microsoft.windows.common-controls_6595b64144ccf1df_6.0.7601.24483_none_e372d88f30fbb845\COMCTL32.dll
0x000007fefd490000 - 0x000007fefd52f000 	C:\Windows\system32\msvcrt.dll
0x000007fefda00000 - 0x000007fefda67000 	C:\Windows\system32\GDI32.dll
0x0000000076cb0000 - 0x0000000076dab000 	C:\Windows\system32\USER32.dll
0x000007feff0a0000 - 0x000007feff0ae000 	C:\Windows\system32\LPK.dll
0x000007fefda70000 - 0x000007fefdb3b000 	C:\Windows\system32\USP10.dll
0x000007fefdb40000 - 0x000007fefdbb1000 	C:\Windows\system32\SHLWAPI.dll
0x000007fefb000000 - 0x000007fefb019000 	C:\Program Files\Eclipse Adoptium\jdk-17.0.4.101-hotspot\bin\VCRUNTIME140.dll
0x000007fefaff0000 - 0x000007fefaff4000 	C:\Program Files\Eclipse Adoptium\jdk-17.0.4.101-hotspot\bin\api-ms-win-crt-runtime-l1-1-0.dll
0x000007fef1490000 - 0x000007fef158a000 	C:\Program Files\Eclipse Adoptium\jdk-17.0.4.101-hotspot\bin\ucrtbase.DLL
0x000007fefa820000 - 0x000007fefa823000 	C:\Program Files\Eclipse Adoptium\jdk-17.0.4.101-hotspot\bin\api-ms-win-core-localization-l1-2-0.dll
0x000007fefa770000 - 0x000007fefa773000 	C:\Program Files\Eclipse Adoptium\jdk-17.0.4.101-hotspot\bin\api-ms-win-core-processthreads-l1-1-1.dll
0x000007fefa660000 - 0x000007fefa663000 	C:\Program Files\Eclipse Adoptium\jdk-17.0.4.101-hotspot\bin\api-ms-win-core-file-l1-2-0.dll
0x000007fefa200000 - 0x000007fefa203000 	C:\Program Files\Eclipse Adoptium\jdk-17.0.4.101-hotspot\bin\api-ms-win-core-timezone-l1-1-0.dll
0x000007fefa1f0000 - 0x000007fefa1f3000 	C:\Program Files\Eclipse Adoptium\jdk-17.0.4.101-hotspot\bin\api-ms-win-core-file-l2-1-0.dll
0x000007fef9e80000 - 0x000007fef9e83000 	C:\Program Files\Eclipse Adoptium\jdk-17.0.4.101-hotspot\bin\api-ms-win-core-synch-l1-2-0.dll
0x000007fef9e70000 - 0x000007fef9e73000 	C:\Program Files\Eclipse Adoptium\jdk-17.0.4.101-hotspot\bin\api-ms-win-crt-heap-l1-1-0.dll
0x000007fef9e60000 - 0x000007fef9e64000 	C:\Program Files\Eclipse Adoptium\jdk-17.0.4.101-hotspot\bin\api-ms-win-crt-string-l1-1-0.dll
0x000007fef9e50000 - 0x000007fef9e54000 	C:\Program Files\Eclipse Adoptium\jdk-17.0.4.101-hotspot\bin\api-ms-win-crt-stdio-l1-1-0.dll
0x000007fef9e40000 - 0x000007fef9e44000 	C:\Program Files\Eclipse Adoptium\jdk-17.0.4.101-hotspot\bin\api-ms-win-crt-convert-l1-1-0.dll
0x000007fef9e30000 - 0x000007fef9e33000 	C:\Program Files\Eclipse Adoptium\jdk-17.0.4.101-hotspot\bin\api-ms-win-crt-environment-l1-1-0.dll
0x000007fef9e20000 - 0x000007fef9e23000 	C:\Program Files\Eclipse Adoptium\jdk-17.0.4.101-hotspot\bin\api-ms-win-crt-filesystem-l1-1-0.dll
0x000007fef9e10000 - 0x000007fef9e15000 	C:\Program Files\Eclipse Adoptium\jdk-17.0.4.101-hotspot\bin\api-ms-win-crt-math-l1-1-0.dll
0x000007fef9e00000 - 0x000007fef9e03000 	C:\Program Files\Eclipse Adoptium\jdk-17.0.4.101-hotspot\bin\api-ms-win-crt-locale-l1-1-0.dll
0x000007fefde90000 - 0x000007fefdebe000 	C:\Windows\system32\IMM32.DLL
0x000007feff0b0000 - 0x000007feff1bb000 	C:\Windows\system32\MSCTF.dll
0x0000000180000000 - 0x0000000180007000 	C:\Program Files\Prio\prio.dll
0x000007fefdbe0000 - 0x000007fefdcbb000 	C:\Windows\system32\ADVAPI32.dll
0x000007fefdbc0000 - 0x000007fefdbdf000 	C:\Windows\SYSTEM32\sechost.dll
0x000007fefdd60000 - 0x000007fefde8c000 	C:\Windows\system32\RPCRT4.dll
0x000007fef9df0000 - 0x000007fef9dfc000 	C:\Program Files\Eclipse Adoptium\jdk-17.0.4.101-hotspot\bin\vcruntime140_1.dll
0x000007fef7880000 - 0x000007fef7911000 	C:\Program Files\Eclipse Adoptium\jdk-17.0.4.101-hotspot\bin\msvcp140.dll
0x000007fef9de0000 - 0x000007fef9de3000 	C:\Program Files\Eclipse Adoptium\jdk-17.0.4.101-hotspot\bin\api-ms-win-crt-time-l1-1-0.dll
0x000007fef9dd0000 - 0x000007fef9dd3000 	C:\Program Files\Eclipse Adoptium\jdk-17.0.4.101-hotspot\bin\api-ms-win-crt-utility-l1-1-0.dll
0x000007feec350000 - 0x000007feecf96000 	C:\Program Files\Eclipse Adoptium\jdk-17.0.4.101-hotspot\bin\server\jvm.dll
0x000007fedf4e0000 - 0x000007fedf4e9000 	C:\Windows\system32\WSOCK32.dll
0x000007fefd210000 - 0x000007fefd25d000 	C:\Windows\system32\WS2_32.dll
0x000007fefdec0000 - 0x000007fefdec8000 	C:\Windows\system32\NSI.dll
0x000007fefa180000 - 0x000007fefa1bb000 	C:\Windows\system32\WINMM.dll
0x000007fefbae0000 - 0x000007fefbaec000 	C:\Windows\system32\VERSION.dll
0x0000000077080000 - 0x0000000077087000 	C:\Windows\system32\PSAPI.DLL
0x000007fef9dc0000 - 0x000007fef9dca000 	C:\Program Files\Eclipse Adoptium\jdk-17.0.4.101-hotspot\bin\jimage.dll
0x000007fefb570000 - 0x000007fefb695000 	C:\Windows\system32\DBGHELP.DLL
0x000007fef1310000 - 0x000007fef134b000 	C:\Program Files\Eclipse Adoptium\jdk-17.0.4.101-hotspot\bin\jdwp.dll
0x000007fef9db0000 - 0x000007fef9dbe000 	C:\Program Files\Eclipse Adoptium\jdk-17.0.4.101-hotspot\bin\instrument.dll
0x000007fef7130000 - 0x000007fef7155000 	C:\Program Files\Eclipse Adoptium\jdk-17.0.4.101-hotspot\bin\java.dll
0x000007fef05d0000 - 0x000007fef06a6000 	C:\Program Files\Eclipse Adoptium\jdk-17.0.4.101-hotspot\bin\jsvml.dll
0x000007fefe2b0000 - 0x000007feff03b000 	C:\Windows\system32\SHELL32.dll
0x000007fefe0b0000 - 0x000007fefe2af000 	C:\Windows\system32\ole32.dll
0x000007fefca20000 - 0x000007fefca2f000 	C:\Windows\system32\profapi.dll
0x000007fef9da0000 - 0x000007fef9dac000 	C:\Program Files\Eclipse Adoptium\jdk-17.0.4.101-hotspot\bin\dt_socket.dll
0x000007fef9a20000 - 0x000007fef9a47000 	C:\Windows\system32\IPHLPAPI.DLL
0x000007fef9a00000 - 0x000007fef9a0b000 	C:\Windows\system32\WINNSI.DLL
0x000007fefc1a0000 - 0x000007fefc1f5000 	C:\Windows\system32\mswsock.dll
0x000007fefbbd0000 - 0x000007fefbbd7000 	C:\Windows\System32\wshtcpip.dll
0x000007fef7110000 - 0x000007fef7128000 	C:\Program Files\Eclipse Adoptium\jdk-17.0.4.101-hotspot\bin\zip.dll
0x000007fef7650000 - 0x000007fef7669000 	C:\Program Files\Eclipse Adoptium\jdk-17.0.4.101-hotspot\bin\net.dll
0x000007fef8900000 - 0x000007fef8971000 	C:\Windows\system32\WINHTTP.dll
0x000007fef8890000 - 0x000007fef88f5000 	C:\Windows\system32\webio.dll
0x000007fefc190000 - 0x000007fefc197000 	C:\Windows\System32\wship6.dll
0x000007fef70f0000 - 0x000007fef7105000 	C:\Program Files\Eclipse Adoptium\jdk-17.0.4.101-hotspot\bin\nio.dll
0x000007fef9d90000 - 0x000007fef9da0000 	C:\Program Files\Eclipse Adoptium\jdk-17.0.4.101-hotspot\bin\verify.dll
0x000007fef15a0000 - 0x000007fef15c7000 	C:\Users\ivan\.gradle\native\68d5fa5c4cc2d200863cafc0d521ce42e7d3e7ee720ec0a83991735586a16f82\windows-amd64\native-platform.dll
0x000007fef97f0000 - 0x000007fef97f9000 	C:\Program Files\Eclipse Adoptium\jdk-17.0.4.101-hotspot\bin\management.dll
0x000007fef7830000 - 0x000007fef783b000 	C:\Program Files\Eclipse Adoptium\jdk-17.0.4.101-hotspot\bin\management_ext.dll
0x000007fefc200000 - 0x000007fefc218000 	C:\Windows\system32\CRYPTSP.dll
0x000007fefbf00000 - 0x000007fefbf47000 	C:\Windows\system32\rsaenh.dll
0x000007fefcd80000 - 0x000007fefcd9f000 	C:\Windows\system32\USERENV.dll
0x000007fefc860000 - 0x000007fefc86f000 	C:\Windows\system32\CRYPTBASE.dll
0x000007fef9930000 - 0x000007fef9948000 	C:\Windows\system32\dhcpcsvc.DLL
0x000007fef9910000 - 0x000007fef9921000 	C:\Windows\system32\dhcpcsvc6.DLL
0x000007fef75c0000 - 0x000007fef75ce000 	C:\Program Files\Eclipse Adoptium\jdk-17.0.4.101-hotspot\bin\sunmscapi.dll
0x000007fefca50000 - 0x000007fefcbbd000 	C:\Windows\system32\CRYPT32.dll
0x000007fefca30000 - 0x000007fefca3f000 	C:\Windows\system32\MSASN1.dll
0x000007fefc3d0000 - 0x000007fefc420000 	C:\Windows\system32\ncrypt.dll
0x000007fefc3a0000 - 0x000007fefc3c2000 	C:\Windows\system32\bcrypt.dll
0x000007fefc020000 - 0x000007fefc07b000 	C:\Windows\system32\DNSAPI.dll
0x000007fef79d0000 - 0x000007fef79d8000 	C:\Windows\system32\rasadhlp.dll
0x000007fef9870000 - 0x000007fef98c3000 	C:\Windows\System32\fwpuclnt.dll
0x000007fefc910000 - 0x000007fefc967000 	C:\Windows\system32\apphelp.dll

dbghelp: loaded successfully - version: 4.0.5 - missing functions: none
symbol engine: initialized successfully - sym options: 0x614 - pdb path: .;C:\Program Files\Eclipse Adoptium\jdk-17.0.4.101-hotspot\bin;C:\Windows\SYSTEM32;C:\Windows\WinSxS\amd64_microsoft.windows.common-controls_6595b64144ccf1df_6.0.7601.24483_none_e372d88f30fbb845;C:\Program Files\Prio;C:\Program Files\Eclipse Adoptium\jdk-17.0.4.101-hotspot\bin\server;C:\Users\ivan\.gradle\native\68d5fa5c4cc2d200863cafc0d521ce42e7d3e7ee720ec0a83991735586a16f82\windows-amd64

VM Arguments:
jvm_args: --add-opens=java.base/java.util.concurrent.atomic=ALL-UNNAMED -agentlib:jdwp=transport=dt_socket,server=n,suspend=y,address=127.0.0.1:13138 --add-opens=java.base/java.util=ALL-UNNAMED --add-opens=java.base/java.lang=ALL-UNNAMED --add-opens=java.base/java.lang.invoke=ALL-UNNAMED --add-opens=java.prefs/java.util.prefs=ALL-UNNAMED --add-opens=java.base/java.nio.charset=ALL-UNNAMED --add-opens=java.base/java.net=ALL-UNNAMED --add-opens=java.base/java.util.concurrent.atomic=ALL-UNNAMED -Xmx3G -Dfile.encoding=windows-1252 -Duser.country=US -Duser.language=en -Duser.variant -javaagent:C:\Users\ivan\.gradle\wrapper\dists\gradle-8.1.1-bin\9wiye5v2saajue4irfo8ybqfp\gradle-8.1.1\lib\agents\gradle-instrumentation-agent-8.1.1.jar 
java_command: org.gradle.launcher.daemon.bootstrap.GradleDaemon 8.1.1
java_class_path (initial): C:\Users\ivan\.gradle\wrapper\dists\gradle-8.1.1-bin\9wiye5v2saajue4irfo8ybqfp\gradle-8.1.1\lib\gradle-launcher-8.1.1.jar
Launcher Type: SUN_STANDARD

[Global flags]
     intx CICompilerCount                          = 3                                         {product} {ergonomic}
     uint ConcGCThreads                            = 1                                         {product} {ergonomic}
     uint G1ConcRefinementThreads                  = 4                                         {product} {ergonomic}
   size_t G1HeapRegionSize                         = 2097152                                   {product} {ergonomic}
    uintx GCDrainStackTargetSize                   = 64                                        {product} {ergonomic}
   size_t InitialHeapSize                          = 201326592                                 {product} {ergonomic}
   size_t MarkStackSize                            = 4194304                                   {product} {ergonomic}
   size_t MaxHeapSize                              = 3221225472                                {product} {command line}
   size_t MaxNewSize                               = 1931476992                                {product} {ergonomic}
   size_t MinHeapDeltaBytes                        = 2097152                                   {product} {ergonomic}
   size_t MinHeapSize                              = 8388608                                   {product} {ergonomic}
    uintx NonNMethodCodeHeapSize                   = 5832780                                {pd product} {ergonomic}
    uintx NonProfiledCodeHeapSize                  = 122912730                              {pd product} {ergonomic}
    uintx ProfiledCodeHeapSize                     = 122912730                              {pd product} {ergonomic}
    uintx ReservedCodeCacheSize                    = 251658240                              {pd product} {ergonomic}
     bool SegmentedCodeCache                       = true                                      {product} {ergonomic}
   size_t SoftMaxHeapSize                          = 3221225472                             {manageable} {ergonomic}
     bool UseCompressedClassPointers               = true                           {product lp64_product} {ergonomic}
     bool UseCompressedOops                        = true                           {product lp64_product} {ergonomic}
     bool UseG1GC                                  = true                                      {product} {ergonomic}
     bool UseLargePagesIndividualAllocation        = false                                  {pd product} {ergonomic}

Logging:
Log output configuration:
 #0: stdout all=warning uptime,level,tags
 #1: stderr all=off uptime,level,tags

Environment Variables:
JAVA_HOME=C:\Program Files\Eclipse Adoptium\jdk-17.0.4.101-hotspot\
PATH=C:\Program Files\Eclipse Adoptium\jdk-17.0.4.101-hotspot\bin;C:\Windows\system32;C:\Windows;C:\Windows\System32\Wbem;C:\Windows\System32\WindowsPowerShell\v1.0\;C:\Program Files\dotnet\;C:\Program Files\Prio;C:\Program Files\Microsoft SQL Server\130\Tools\Binn\;C:\Program Files\Microsoft SQL Server\Client SDK\ODBC\170\Tools\Binn\;C:\Program Files\Git\cmd;C:\Users\ivan\AppData\Local\Programs\Python\Python310\Scripts\;C:\Users\ivan\AppData\Local\Programs\Python\Python310\;C:\Users\ivan\.dotnet\tools;c:\bin
USERNAME=ivan
OS=Windows_NT
PROCESSOR_IDENTIFIER=AMD64 Family 16 Model 5 Stepping 2, AuthenticAMD
TMP=T:\Temp\Temp
TEMP=T:\Temp\Temp



---------------  S Y S T E M  ---------------

OS:
 Windows 7 , 64 bit Build 7601 (6.1.7601.24545)
OS uptime: 2 days 16:30 hours

CPU: total 4 (initial active 4) (4 cores per cpu, 1 threads per core) family 16 model 5 stepping 2 microcode 0x0, cx8, cmov, fxsr, mmx, 3dnowpref, sse, sse2, sse3, sse4a, popcnt, lzcnt, tsc, tscinvbit, clflush

Memory: 4k page, system-wide physical 12286M (881M free)
TotalPageFile size 24570M (AvailPageFile size 4M)
current process WorkingSet (physical memory assigned to process): 505M, peak: 646M
current process commit charge ("private bytes"): 654M, peak: 689M

vm_info: OpenJDK 64-Bit Server VM (17.0.4.1+1) for windows-amd64 JRE (17.0.4.1+1), built on Aug 17 2022 07:42:43 by "temurin" with MS VC++ 16.7 (VS2019)

END.
