#
# There is insufficient memory for the Java Runtime Environment to continue.
# Native memory allocation (malloc) failed to allocate 131088 bytes for Chunk::new
# Possible reasons:
#   The system is out of physical RAM or swap space
#   The process is running with CompressedOops enabled, and the Java Heap may be blocking the growth of the native heap
# Possible solutions:
#   Reduce memory load on the system
#   Increase physical memory or swap space
#   Check if swap backing store is full
#   Decrease Java heap size (-Xmx/-Xms)
#   Decrease number of Java threads
#   Decrease Java thread stack sizes (-Xss)
#   Set larger code cache with -XX:ReservedCodeCacheSize=
#   JVM is running with Zero Based Compressed Oops mode in which the Java heap is
#     placed in the first 32GB address space. The Java Heap base address is the
#     maximum limit for the native heap growth. Please use -XX:HeapBaseMinAddress
#     to set the Java Heap base and to place the Java Heap above 32GB virtual address.
# This output file may be truncated or incomplete.
#
#  Out of Memory Error (arena.cpp:189), pid=2176, tid=4888
#
# JRE version: OpenJDK Runtime Environment Temurin-17.0.4.1+1 (17.0.4.1+1) (build 17.0.4.1+1)
# Java VM: OpenJDK 64-Bit Server VM Temurin-17.0.4.1+1 (17.0.4.1+1, mixed mode, sharing, tiered, compressed oops, compressed class ptrs, g1 gc, windows-amd64)
# No core dump will be written. Minidumps are not enabled by default on client versions of Windows
#

---------------  S U M M A R Y ------------

Command Line: --add-opens=java.base/java.util.concurrent.atomic=ALL-UNNAMED -agentlib:jdwp=transport=dt_socket,server=n,suspend=y,address=127.0.0.1:13771 --add-opens=java.base/java.util=ALL-UNNAMED --add-opens=java.base/java.lang=ALL-UNNAMED --add-opens=java.base/java.lang.invoke=ALL-UNNAMED --add-opens=java.prefs/java.util.prefs=ALL-UNNAMED --add-opens=java.base/java.nio.charset=ALL-UNNAMED --add-opens=java.base/java.net=ALL-UNNAMED --add-opens=java.base/java.util.concurrent.atomic=ALL-UNNAMED -Xmx3G -Dfile.encoding=windows-1252 -Duser.country=US -Duser.language=en -Duser.variant -javaagent:C:\Users\ivan\.gradle\wrapper\dists\gradle-8.1.1-bin\9wiye5v2saajue4irfo8ybqfp\gradle-8.1.1\lib\agents\gradle-instrumentation-agent-8.1.1.jar org.gradle.launcher.daemon.bootstrap.GradleDaemon 8.1.1

Host: AMD Athlon(tm) II X4 620 Processor, 4 cores, 11G,  Windows 7 , 64 bit Build 7601 (6.1.7601.24545)
Time: Sun Sep 22 02:04:37 2024 Romance Standard Time elapsed time: 22613.891011 seconds (0d 6h 16m 53s)

---------------  T H R E A D  ---------------

Current thread (0x0000000023536500):  JavaThread "C2 CompilerThread0" daemon [_thread_in_native, id=4888, stack(0x00000000249d0000,0x0000000024ad0000)]


Current CompileTask:
C2:22613891 10343       4       org.gradle.internal.logging.text.AbstractLineChoppingStyledTextOutput::doAppend (43 bytes)

Stack: [0x00000000249d0000,0x0000000024ad0000]
Native frames: (J=compiled Java code, j=interpreted, Vv=VM code, C=native code)
V  [jvm.dll+0x67731a]
V  [jvm.dll+0x832284]
V  [jvm.dll+0x833a2e]
V  [jvm.dll+0x834093]
V  [jvm.dll+0x245775]
V  [jvm.dll+0xabd7b]
V  [jvm.dll+0xac30c]
V  [jvm.dll+0xabe8b]
V  [jvm.dll+0x69c388]
V  [jvm.dll+0x1a8603]
V  [jvm.dll+0x69dcdf]
V  [jvm.dll+0x68bb66]
V  [jvm.dll+0x68f680]
V  [jvm.dll+0x68778b]
V  [jvm.dll+0x686dc7]
V  [jvm.dll+0x684cc2]
V  [jvm.dll+0x1a71cc]
V  [jvm.dll+0x2aba74]
V  [jvm.dll+0x68f6a7]
V  [jvm.dll+0x68778b]
V  [jvm.dll+0x686dc7]
V  [jvm.dll+0x684cc2]
V  [jvm.dll+0x1a71cc]
V  [jvm.dll+0x1a7d96]
V  [jvm.dll+0x2aba74]
V  [jvm.dll+0x68f6a7]
V  [jvm.dll+0x68778b]
V  [jvm.dll+0x686dc7]
V  [jvm.dll+0x684cc2]
V  [jvm.dll+0x1a71cc]
V  [jvm.dll+0x1a7d96]
V  [jvm.dll+0x2aba74]
V  [jvm.dll+0x68f6a7]
V  [jvm.dll+0x68778b]
V  [jvm.dll+0x686dc7]
V  [jvm.dll+0x684cc2]
V  [jvm.dll+0x1a71cc]
V  [jvm.dll+0x1a7d96]
V  [jvm.dll+0x2aba74]
V  [jvm.dll+0x68f6a7]
V  [jvm.dll+0x68778b]
V  [jvm.dll+0x686dc7]
V  [jvm.dll+0x684cc2]
V  [jvm.dll+0x1a71cc]
V  [jvm.dll+0x1a7d96]
V  [jvm.dll+0x2aba74]
V  [jvm.dll+0x68f6a7]
V  [jvm.dll+0x68778b]
V  [jvm.dll+0x686dc7]
V  [jvm.dll+0x684cc2]
V  [jvm.dll+0x1a71cc]
V  [jvm.dll+0x1a7d96]
V  [jvm.dll+0x2aba74]
V  [jvm.dll+0x68f6a7]
V  [jvm.dll+0x68778b]
V  [jvm.dll+0x686dc7]
V  [jvm.dll+0x684cc2]
V  [jvm.dll+0x1a71cc]
V  [jvm.dll+0x1a7d96]
V  [jvm.dll+0x2aba74]
V  [jvm.dll+0x68f6a7]
V  [jvm.dll+0x68778b]
V  [jvm.dll+0x686dc7]
V  [jvm.dll+0x684cc2]
V  [jvm.dll+0x1a71cc]
V  [jvm.dll+0x1a7d96]
V  [jvm.dll+0x1a7d96]
V  [jvm.dll+0x2aba74]
V  [jvm.dll+0x68f6a7]
V  [jvm.dll+0x68778b]
V  [jvm.dll+0x686dc7]
V  [jvm.dll+0x684cc2]
V  [jvm.dll+0x1a71cc]
V  [jvm.dll+0x1a7d96]
V  [jvm.dll+0x1a7d96]
V  [jvm.dll+0x2aba74]
V  [jvm.dll+0x68f6a7]
V  [jvm.dll+0x68778b]
V  [jvm.dll+0x686dc7]
V  [jvm.dll+0x684cc2]
V  [jvm.dll+0x1a71cc]
V  [jvm.dll+0x1a7d96]
V  [jvm.dll+0x2aba74]
V  [jvm.dll+0x68f6a7]
V  [jvm.dll+0x68778b]
V  [jvm.dll+0x686dc7]
V  [jvm.dll+0x684cc2]
V  [jvm.dll+0x1a71cc]
V  [jvm.dll+0x1a7d96]
V  [jvm.dll+0x1a7d96]
V  [jvm.dll+0x2aba74]
V  [jvm.dll+0x68f6a7]
V  [jvm.dll+0x68778b]
V  [jvm.dll+0x686dc7]
V  [jvm.dll+0x684cc2]
V  [jvm.dll+0x1a71cc]
V  [jvm.dll+0x1a7d96]
V  [jvm.dll+0x1a7d96]
V  [jvm.dll+0x2aba74]
...<more frames>...


---------------  P R O C E S S  ---------------

Threads class SMR info:
_java_thread_list=0x000000002a84b590, length=68, elements={
0x0000000000179d20, 0x0000000022ff8ec0, 0x0000000022ffa940, 0x000000002300df10,
0x000000002300e930, 0x000000002351efd0, 0x0000000023533190, 0x0000000023536500,
0x000000002353b680, 0x000000002354bf90, 0x00000000236065d0, 0x0000000024d3b700,
0x0000000024dce8e0, 0x0000000024da4b00, 0x0000000024df48b0, 0x00000000276db330,
0x000000002744ebd0, 0x00000000276ae060, 0x000000002783d340, 0x00000000277461d0,
0x0000000027785bc0, 0x0000000027786090, 0x0000000027786560, 0x0000000027786a30,
0x0000000027786f00, 0x00000000277873d0, 0x00000000277878a0, 0x0000000027787d70,
0x0000000027788240, 0x0000000027788710, 0x0000000027788be0, 0x00000000277890b0,
0x0000000027789580, 0x000000002a8929a0, 0x000000002a892e70, 0x000000002a893340,
0x000000002a8941b0, 0x000000002a894680, 0x000000002a894b50, 0x000000002a895020,
0x000000002a8954f0, 0x000000002a8959c0, 0x000000002a895e90, 0x000000002a896360,
0x000000002c23f6b0, 0x000000002c240050, 0x000000002c241860, 0x000000002c241d30,
0x000000002c242200, 0x000000002c2426d0, 0x000000002c242ba0, 0x000000002c243070,
0x000000002e505da0, 0x000000002e506270, 0x000000002e506740, 0x000000002e506c10,
0x000000002e5070e0, 0x000000002e5075b0, 0x000000002e5d1fc0, 0x000000002e5d2490,
0x000000002e5d2960, 0x000000002e5d2e30, 0x000000002e5d3300, 0x000000002c23fb80,
0x000000002e5d37d0, 0x000000002e5d3ca0, 0x000000002e5d4170, 0x000000002e5d4640
}

Java Threads: ( => current thread )
  0x0000000000179d20 JavaThread "main" [_thread_blocked, id=5928, stack(0x00000000023b0000,0x00000000024b0000)]
  0x0000000022ff8ec0 JavaThread "Reference Handler" daemon [_thread_blocked, id=4884, stack(0x00000000240a0000,0x00000000241a0000)]
  0x0000000022ffa940 JavaThread "Finalizer" daemon [_thread_blocked, id=5104, stack(0x0000000023020000,0x0000000023120000)]
  0x000000002300df10 JavaThread "Signal Dispatcher" daemon [_thread_blocked, id=2732, stack(0x0000000024210000,0x0000000024310000)]
  0x000000002300e930 JavaThread "Attach Listener" daemon [_thread_blocked, id=6932, stack(0x00000000244a0000,0x00000000245a0000)]
  0x000000002351efd0 JavaThread "Service Thread" daemon [_thread_blocked, id=7920, stack(0x0000000024670000,0x0000000024770000)]
  0x0000000023533190 JavaThread "Monitor Deflation Thread" daemon [_thread_blocked, id=5096, stack(0x0000000024840000,0x0000000024940000)]
=>0x0000000023536500 JavaThread "C2 CompilerThread0" daemon [_thread_in_native, id=4888, stack(0x00000000249d0000,0x0000000024ad0000)]
  0x000000002353b680 JavaThread "C1 CompilerThread0" daemon [_thread_blocked, id=9060, stack(0x0000000024b70000,0x0000000024c70000)]
  0x000000002354bf90 JavaThread "Sweeper thread" daemon [_thread_blocked, id=6284, stack(0x0000000024350000,0x0000000024450000)]
  0x00000000236065d0 JavaThread "Common-Cleaner" daemon [_thread_blocked, id=8180, stack(0x00000000250f0000,0x00000000251f0000)]
  0x0000000024d3b700 JavaThread "JDWP Transport Listener: dt_socket" daemon [_thread_blocked, id=3180, stack(0x00000000253e0000,0x00000000254e0000)]
  0x0000000024dce8e0 JavaThread "JDWP Event Helper Thread" daemon [_thread_blocked, id=3588, stack(0x0000000025600000,0x0000000025700000)]
  0x0000000024da4b00 JavaThread "JDWP Command Reader" daemon [_thread_in_native, id=1464, stack(0x0000000025500000,0x0000000025600000)]
  0x0000000024df48b0 JavaThread "Notification Thread" daemon [_thread_blocked, id=3412, stack(0x0000000025700000,0x0000000025800000)]
  0x00000000276db330 JavaThread "Daemon health stats" [_thread_blocked, id=4788, stack(0x00000000286b0000,0x00000000287b0000)]
  0x000000002744ebd0 JavaThread "Incoming local TCP Connector on port 13776" [_thread_in_native, id=9120, stack(0x0000000028a60000,0x0000000028b60000)]
  0x00000000276ae060 JavaThread "Daemon periodic checks" [_thread_blocked, id=2364, stack(0x0000000028bc0000,0x0000000028cc0000)]
  0x000000002783d340 JavaThread "Daemon" [_thread_blocked, id=2400, stack(0x0000000028e00000,0x0000000028f00000)]
  0x00000000277461d0 JavaThread "Handler for socket connection from /127.0.0.1:13776 to /127.0.0.1:13777" [_thread_in_native, id=8556, stack(0x0000000028ff0000,0x00000000290f0000)]
  0x0000000027785bc0 JavaThread "Cancel handler" [_thread_blocked, id=4544, stack(0x0000000025b10000,0x0000000025c10000)]
  0x0000000027786090 JavaThread "Daemon worker" [_thread_blocked, id=5488, stack(0x00000000287d0000,0x00000000288d0000)]
  0x0000000027786560 JavaThread "Asynchronous log dispatcher for DefaultDaemonConnection: socket connection from /127.0.0.1:13776 to /127.0.0.1:13777" [_thread_blocked, id=2756, stack(0x0000000029260000,0x0000000029360000)]
  0x0000000027786a30 JavaThread "Stdin handler" [_thread_blocked, id=2884, stack(0x0000000029c10000,0x0000000029d10000)]
  0x0000000027786f00 JavaThread "Daemon client event forwarder" [_thread_blocked, id=8364, stack(0x0000000029e40000,0x0000000029f40000)]
  0x00000000277873d0 JavaThread "Cache worker for journal cache (C:\Users\ivan\.gradle\caches\journal-1)" [_thread_blocked, id=7392, stack(0x0000000029fb0000,0x000000002a0b0000)]
  0x00000000277878a0 JavaThread "File lock request listener" [_thread_in_native, id=1316, stack(0x000000002a0b0000,0x000000002a1b0000)]
  0x0000000027787d70 JavaThread "Cache worker for file hash cache (C:\Users\ivan\.gradle\caches\8.1.1\fileHashes)" [_thread_blocked, id=6504, stack(0x0000000029100000,0x0000000029200000)]
  0x0000000027788240 JavaThread "Cache worker for checksums cache (N:\Dev\Minecraft-VCS\blocks_you_always_wanted\.gradle\8.1.1\checksums)" [_thread_blocked, id=8332, stack(0x000000002a4f0000,0x000000002a5f0000)]
  0x0000000027788710 JavaThread "Cache worker for cache directory md-rule (C:\Users\ivan\.gradle\caches\8.1.1\md-rule)" [_thread_blocked, id=4516, stack(0x000000002b690000,0x000000002b790000)]
  0x0000000027788be0 JavaThread "Cache worker for file content cache (C:\Users\ivan\.gradle\caches\8.1.1\fileContent)" [_thread_blocked, id=5704, stack(0x000000002b790000,0x000000002b890000)]
  0x00000000277890b0 JavaThread "Cache worker for file hash cache (N:\Dev\Minecraft-VCS\blocks_you_always_wanted\.gradle\8.1.1\fileHashes)" [_thread_blocked, id=6548, stack(0x0000000029d20000,0x0000000029e20000)]
  0x0000000027789580 JavaThread "Cache worker for cache directory md-supplier (C:\Users\ivan\.gradle\caches\8.1.1\md-supplier)" [_thread_blocked, id=9176, stack(0x000000002a310000,0x000000002a410000)]
  0x000000002a8929a0 JavaThread "Cache worker for execution history cache (C:\Users\ivan\.gradle\caches\8.1.1\executionHistory)" [_thread_blocked, id=3300, stack(0x000000002a1f0000,0x000000002a2f0000)]
  0x000000002a892e70 JavaThread "jar transforms" [_thread_blocked, id=5080, stack(0x000000002d8a0000,0x000000002d9a0000)]
  0x000000002a893340 JavaThread "jar transforms Thread 2" [_thread_blocked, id=5124, stack(0x000000002ba50000,0x000000002bb50000)]
  0x000000002a8941b0 JavaThread "jar transforms Thread 3" [_thread_blocked, id=9152, stack(0x000000002d5d0000,0x000000002d6d0000)]
  0x000000002a894680 JavaThread "jar transforms Thread 4" [_thread_blocked, id=2844, stack(0x000000002d420000,0x000000002d520000)]
  0x000000002a894b50 JavaThread "Unconstrained build operations" [_thread_blocked, id=3884, stack(0x000000002da30000,0x000000002db30000)]
  0x000000002a895020 JavaThread "Unconstrained build operations Thread 2" [_thread_blocked, id=6708, stack(0x000000002d730000,0x000000002d830000)]
  0x000000002a8954f0 JavaThread "Cache worker for dependencies-accessors (N:\Dev\Minecraft-VCS\blocks_you_always_wanted\.gradle\8.1.1\dependencies-accessors)" [_thread_blocked, id=6652, stack(0x000000002fcf0000,0x000000002fdf0000)]
  0x000000002a8959c0 JavaThread "Cache worker for Build Output Cleanup Cache (N:\Dev\Minecraft-VCS\blocks_you_always_wanted\.gradle\buildOutputCleanup)" [_thread_blocked, id=4448, stack(0x000000002fdf0000,0x000000002fef0000)]
  0x000000002a895e90 JavaThread "Unconstrained build operations Thread 3" [_thread_blocked, id=3556, stack(0x000000002ff90000,0x0000000030090000)]
  0x000000002a896360 JavaThread "Unconstrained build operations Thread 4" [_thread_blocked, id=6232, stack(0x0000000030260000,0x0000000030360000)]
  0x000000002c23f6b0 JavaThread "Unconstrained build operations Thread 5" [_thread_blocked, id=6260, stack(0x0000000030110000,0x0000000030210000)]
  0x000000002c240050 JavaThread "Memory manager" [_thread_blocked, id=5004, stack(0x00000000310b0000,0x00000000311b0000)]
  0x000000002c241860 JavaThread "Exec process" [_thread_in_native, id=3844, stack(0x0000000030380000,0x0000000030480000)]
  0x000000002c241d30 JavaThread "Exec process Thread 2" [_thread_in_native, id=3864, stack(0x0000000031ca0000,0x0000000031da0000)]
  0x000000002c242200 JavaThread "Exec process Thread 3" [_thread_in_native, id=4240, stack(0x0000000032120000,0x0000000032220000)]
  0x000000002c2426d0 JavaThread "Unconstrained build operations Thread 6" [_thread_blocked, id=3988, stack(0x0000000033510000,0x0000000033610000)]
  0x000000002c242ba0 JavaThread "Unconstrained build operations Thread 7" [_thread_blocked, id=6880, stack(0x0000000033640000,0x0000000033740000)]
  0x000000002c243070 JavaThread "Unconstrained build operations Thread 8" [_thread_blocked, id=5800, stack(0x0000000031e10000,0x0000000031f10000)]
  0x000000002e505da0 JavaThread "Unconstrained build operations Thread 9" [_thread_blocked, id=5624, stack(0x0000000031300000,0x0000000031400000)]
  0x000000002e506270 JavaThread "Unconstrained build operations Thread 10" [_thread_blocked, id=7068, stack(0x0000000033210000,0x0000000033310000)]
  0x000000002e506740 JavaThread "Unconstrained build operations Thread 11" [_thread_blocked, id=7092, stack(0x0000000033400000,0x0000000033500000)]
  0x000000002e506c10 JavaThread "included builds" [_thread_blocked, id=1408, stack(0x00000000367e0000,0x00000000368e0000)]
  0x000000002e5070e0 JavaThread "Execution worker" [_thread_blocked, id=6776, stack(0x0000000036970000,0x0000000036a70000)]
  0x000000002e5075b0 JavaThread "Execution worker Thread 2" [_thread_blocked, id=8396, stack(0x00000000366d0000,0x00000000367d0000)]
  0x000000002e5d1fc0 JavaThread "Execution worker Thread 3" [_thread_blocked, id=7356, stack(0x0000000036c40000,0x0000000036d40000)]
  0x000000002e5d2490 JavaThread "Cache worker for execution history cache (N:\Dev\Minecraft-VCS\blocks_you_always_wanted\.gradle\8.1.1\executionHistory)" [_thread_blocked, id=3188, stack(0x0000000036d50000,0x0000000036e50000)]
  0x000000002e5d2960 JavaThread "Unconstrained build operations Thread 12" [_thread_blocked, id=7380, stack(0x0000000036390000,0x0000000036490000)]
  0x000000002e5d2e30 JavaThread "Unconstrained build operations Thread 13" [_thread_blocked, id=8464, stack(0x0000000036510000,0x0000000036610000)]
  0x000000002e5d3300 JavaThread "Unconstrained build operations Thread 14" [_thread_blocked, id=5944, stack(0x0000000037600000,0x0000000037700000)]
  0x000000002c23fb80 JavaThread "Unconstrained build operations Thread 15" [_thread_blocked, id=3764, stack(0x0000000037e60000,0x0000000037f60000)]
  0x000000002e5d37d0 JavaThread "Unconstrained build operations Thread 16" [_thread_blocked, id=2392, stack(0x0000000038830000,0x0000000038930000)]
  0x000000002e5d3ca0 JavaThread "Unconstrained build operations Thread 17" [_thread_blocked, id=8748, stack(0x000000002b8d0000,0x000000002b9d0000)]
  0x000000002e5d4170 JavaThread "Unconstrained build operations Thread 18" [_thread_blocked, id=7148, stack(0x0000000039260000,0x0000000039360000)]
  0x000000002e5d4640 JavaThread "Unconstrained build operations Thread 19" [_thread_blocked, id=8732, stack(0x0000000030580000,0x0000000030680000)]

Other Threads:
  0x0000000022ff2b60 VMThread "VM Thread" [stack: 0x00000000236f0000,0x00000000237f0000] [id=1280]
  0x0000000024dcbca0 WatcherThread [stack: 0x00000000258d0000,0x00000000259d0000] [id=5892]
  0x00000000001d7f70 GCTaskThread "GC Thread#0" [stack: 0x00000000207b0000,0x00000000208b0000] [id=5196]
  0x0000000025fb8420 GCTaskThread "GC Thread#1" [stack: 0x0000000025a10000,0x0000000025b10000] [id=6744]
  0x0000000025dede90 GCTaskThread "GC Thread#2" [stack: 0x00000000265f0000,0x00000000266f0000] [id=6988]
  0x0000000025dee140 GCTaskThread "GC Thread#3" [stack: 0x00000000264b0000,0x00000000265b0000] [id=128]
  0x00000000001e51e0 ConcurrentGCThread "G1 Main Marker" [stack: 0x00000000209d0000,0x0000000020ad0000] [id=3464]
  0x00000000001e62a0 ConcurrentGCThread "G1 Conc#0" [stack: 0x00000000208d0000,0x00000000209d0000] [id=7820]
  0x0000000022f8b610 ConcurrentGCThread "G1 Refine#0" [stack: 0x0000000023190000,0x0000000023290000] [id=9136]
  0x000000002798dfe0 ConcurrentGCThread "G1 Refine#1" [stack: 0x0000000028cd0000,0x0000000028dd0000] [id=7608]
  0x0000000022f8cf40 ConcurrentGCThread "G1 Service" [stack: 0x0000000023340000,0x0000000023440000] [id=5144]

Threads with active compile tasks:
C2 CompilerThread0  22614032 10343       4       org.gradle.internal.logging.text.AbstractLineChoppingStyledTextOutput::doAppend (43 bytes)

VM state: not at safepoint (normal execution)

VM Mutex/Monitor currently owned by a thread: None

Heap address: 0x0000000740000000, size: 3072 MB, Compressed Oops mode: Zero based, Oop shift amount: 3

CDS archive(s) mapped at: [0x0000000800000000-0x0000000800bc0000-0x0000000800bc0000), size 12320768, SharedBaseAddress: 0x0000000800000000, ArchiveRelocationMode: 0.
Compressed class space mapped at: 0x0000000800c00000-0x0000000840c00000, reserved size: 1073741824
Narrow klass base: 0x0000000800000000, Narrow klass shift: 0, Narrow klass range: 0x100000000

GC Precious Log:
 CPUs: 4 total, 4 available
 Memory: 12286M
 Large Page Support: Disabled
 NUMA Support: Disabled
 Compressed Oops: Enabled (Zero based)
 Heap Region Size: 2M
 Heap Min Capacity: 8M
 Heap Initial Capacity: 192M
 Heap Max Capacity: 3G
 Pre-touch: Disabled
 Parallel Workers: 4
 Concurrent Workers: 1
 Concurrent Refinement Workers: 4
 Periodic GC: Disabled

Heap:
 garbage-first heap   total 270336K, used 161816K [0x0000000740000000, 0x0000000800000000)
  region size 2048K, 50 young (102400K), 4 survivors (8192K)
 Metaspace       used 66250K, committed 67008K, reserved 1114112K
  class space    used 9073K, committed 9408K, reserved 1048576K

Heap Regions: E=young(eden), S=young(survivor), O=old, HS=humongous(starts), HC=humongous(continues), CS=collection set, F=free, OA=open archive, CA=closed archive, TAMS=top-at-mark-start (previous, next)
|   0|0x0000000740000000, 0x0000000740200000, 0x0000000740200000|100%| O|  |TAMS 0x0000000740200000, 0x0000000740200000| Untracked 
|   1|0x0000000740200000, 0x0000000740400000, 0x0000000740400000|100%|HS|  |TAMS 0x0000000740400000, 0x0000000740400000| Complete 
|   2|0x0000000740400000, 0x0000000740600000, 0x0000000740600000|100%|HC|  |TAMS 0x0000000740600000, 0x0000000740600000| Complete 
|   3|0x0000000740600000, 0x0000000740800000, 0x0000000740800000|100%| O|  |TAMS 0x0000000740800000, 0x0000000740800000| Untracked 
|   4|0x0000000740800000, 0x0000000740a00000, 0x0000000740a00000|100%| O|  |TAMS 0x0000000740a00000, 0x0000000740a00000| Untracked 
|   5|0x0000000740a00000, 0x0000000740c00000, 0x0000000740c00000|100%| O|  |TAMS 0x0000000740c00000, 0x0000000740c00000| Untracked 
|   6|0x0000000740c00000, 0x0000000740e00000, 0x0000000740e00000|100%| O|  |TAMS 0x0000000740e00000, 0x0000000740e00000| Untracked 
|   7|0x0000000740e00000, 0x0000000741000000, 0x0000000741000000|100%| O|  |TAMS 0x0000000741000000, 0x0000000741000000| Untracked 
|   8|0x0000000741000000, 0x0000000741200000, 0x0000000741200000|100%| O|  |TAMS 0x0000000741200000, 0x0000000741200000| Untracked 
|   9|0x0000000741200000, 0x0000000741400000, 0x0000000741400000|100%| O|  |TAMS 0x0000000741400000, 0x0000000741400000| Untracked 
|  10|0x0000000741400000, 0x0000000741600000, 0x0000000741600000|100%| O|  |TAMS 0x0000000741600000, 0x0000000741600000| Untracked 
|  11|0x0000000741600000, 0x0000000741800000, 0x0000000741800000|100%| O|  |TAMS 0x0000000741800000, 0x0000000741800000| Untracked 
|  12|0x0000000741800000, 0x0000000741a00000, 0x0000000741a00000|100%| O|  |TAMS 0x0000000741a00000, 0x0000000741a00000| Untracked 
|  13|0x0000000741a00000, 0x0000000741c00000, 0x0000000741c00000|100%| O|  |TAMS 0x0000000741c00000, 0x0000000741c00000| Untracked 
|  14|0x0000000741c00000, 0x0000000741e00000, 0x0000000741e00000|100%| O|  |TAMS 0x0000000741e00000, 0x0000000741e00000| Untracked 
|  15|0x0000000741e00000, 0x0000000742000000, 0x0000000742000000|100%| O|  |TAMS 0x0000000742000000, 0x0000000742000000| Untracked 
|  16|0x0000000742000000, 0x0000000742200000, 0x0000000742200000|100%|HS|  |TAMS 0x0000000742200000, 0x0000000742200000| Complete 
|  17|0x0000000742200000, 0x0000000742400000, 0x0000000742400000|100%| O|  |TAMS 0x0000000742400000, 0x0000000742400000| Untracked 
|  18|0x0000000742400000, 0x0000000742600000, 0x0000000742600000|100%| O|  |TAMS 0x0000000742600000, 0x0000000742600000| Untracked 
|  19|0x0000000742600000, 0x0000000742800000, 0x0000000742800000|100%| O|  |TAMS 0x0000000742800000, 0x0000000742800000| Untracked 
|  20|0x0000000742800000, 0x0000000742a00000, 0x0000000742a00000|100%| O|  |TAMS 0x0000000742800000, 0x0000000742800000| Untracked 
|  21|0x0000000742a00000, 0x0000000742c00000, 0x0000000742c00000|100%| O|  |TAMS 0x0000000742c00000, 0x0000000742c00000| Untracked 
|  22|0x0000000742c00000, 0x0000000742e00000, 0x0000000742e00000|100%| O|  |TAMS 0x0000000742d9fa00, 0x0000000742e00000| Untracked 
|  23|0x0000000742e00000, 0x0000000743000000, 0x0000000743000000|100%| O|  |TAMS 0x0000000742e00000, 0x0000000743000000| Untracked 
|  24|0x0000000743000000, 0x0000000743200000, 0x0000000743200000|100%| O|  |TAMS 0x0000000743000000, 0x0000000743200000| Untracked 
|  25|0x0000000743200000, 0x0000000743400000, 0x0000000743400000|100%| O|  |TAMS 0x0000000743200000, 0x0000000743400000| Untracked 
|  26|0x0000000743400000, 0x0000000743600000, 0x0000000743600000|100%| O|  |TAMS 0x0000000743400000, 0x0000000743600000| Untracked 
|  27|0x0000000743600000, 0x0000000743800000, 0x0000000743800000|100%| O|  |TAMS 0x0000000743600000, 0x000000074374b000| Untracked 
|  28|0x0000000743800000, 0x0000000743800000, 0x0000000743a00000|  0%| F|  |TAMS 0x0000000743800000, 0x0000000743800000| Untracked 
|  29|0x0000000743a00000, 0x0000000743a00000, 0x0000000743c00000|  0%| F|  |TAMS 0x0000000743a00000, 0x0000000743a00000| Untracked 
|  30|0x0000000743c00000, 0x0000000743c00000, 0x0000000743e00000|  0%| F|  |TAMS 0x0000000743c00000, 0x0000000743c00000| Untracked 
|  31|0x0000000743e00000, 0x0000000743e00000, 0x0000000744000000|  0%| F|  |TAMS 0x0000000743e00000, 0x0000000743e00000| Untracked 
|  32|0x0000000744000000, 0x0000000744000000, 0x0000000744200000|  0%| F|  |TAMS 0x0000000744000000, 0x0000000744000000| Untracked 
|  33|0x0000000744200000, 0x0000000744200000, 0x0000000744400000|  0%| F|  |TAMS 0x0000000744200000, 0x0000000744200000| Untracked 
|  34|0x0000000744400000, 0x0000000744400000, 0x0000000744600000|  0%| F|  |TAMS 0x0000000744400000, 0x0000000744400000| Untracked 
|  35|0x0000000744600000, 0x0000000744600000, 0x0000000744800000|  0%| F|  |TAMS 0x0000000744600000, 0x0000000744600000| Untracked 
|  36|0x0000000744800000, 0x0000000744800000, 0x0000000744a00000|  0%| F|  |TAMS 0x0000000744800000, 0x0000000744800000| Untracked 
|  37|0x0000000744a00000, 0x0000000744c00000, 0x0000000744c00000|100%| O|  |TAMS 0x0000000744a00000, 0x0000000744a00000| Untracked 
|  38|0x0000000744c00000, 0x0000000744e00000, 0x0000000744e00000|100%| O|  |TAMS 0x0000000744c00000, 0x0000000744c00000| Untracked 
|  39|0x0000000744e00000, 0x0000000744f5b000, 0x0000000745000000| 67%| O|  |TAMS 0x0000000744e00000, 0x0000000744e00000| Untracked 
|  40|0x0000000745000000, 0x0000000745000000, 0x0000000745200000|  0%| F|  |TAMS 0x0000000745000000, 0x0000000745000000| Untracked 
|  41|0x0000000745200000, 0x0000000745200000, 0x0000000745400000|  0%| F|  |TAMS 0x0000000745200000, 0x0000000745200000| Untracked 
|  42|0x0000000745400000, 0x0000000745400000, 0x0000000745600000|  0%| F|  |TAMS 0x0000000745400000, 0x0000000745400000| Untracked 
|  43|0x0000000745600000, 0x0000000745600000, 0x0000000745800000|  0%| F|  |TAMS 0x0000000745600000, 0x0000000745600000| Untracked 
|  44|0x0000000745800000, 0x0000000745800000, 0x0000000745a00000|  0%| F|  |TAMS 0x0000000745800000, 0x0000000745800000| Untracked 
|  45|0x0000000745a00000, 0x0000000745a00000, 0x0000000745c00000|  0%| F|  |TAMS 0x0000000745a00000, 0x0000000745a00000| Untracked 
|  46|0x0000000745c00000, 0x0000000745c00000, 0x0000000745e00000|  0%| F|  |TAMS 0x0000000745c00000, 0x0000000745c00000| Untracked 
|  47|0x0000000745e00000, 0x0000000745e00000, 0x0000000746000000|  0%| F|  |TAMS 0x0000000745e00000, 0x0000000745e00000| Untracked 
|  48|0x0000000746000000, 0x0000000746000000, 0x0000000746200000|  0%| F|  |TAMS 0x0000000746000000, 0x0000000746000000| Untracked 
|  49|0x0000000746200000, 0x00000007462ab140, 0x0000000746400000| 33%| S|CS|TAMS 0x0000000746200000, 0x0000000746200000| Complete 
|  50|0x0000000746400000, 0x0000000746600000, 0x0000000746600000|100%| S|CS|TAMS 0x0000000746400000, 0x0000000746400000| Complete 
|  51|0x0000000746600000, 0x0000000746800000, 0x0000000746800000|100%| S|CS|TAMS 0x0000000746600000, 0x0000000746600000| Complete 
|  52|0x0000000746800000, 0x0000000746a00000, 0x0000000746a00000|100%| S|CS|TAMS 0x0000000746800000, 0x0000000746800000| Complete 
|  53|0x0000000746a00000, 0x0000000746a00000, 0x0000000746c00000|  0%| F|  |TAMS 0x0000000746a00000, 0x0000000746a00000| Untracked 
|  54|0x0000000746c00000, 0x0000000746c00000, 0x0000000746e00000|  0%| F|  |TAMS 0x0000000746c00000, 0x0000000746c00000| Untracked 
|  55|0x0000000746e00000, 0x0000000746e00000, 0x0000000747000000|  0%| F|  |TAMS 0x0000000746e00000, 0x0000000746e00000| Untracked 
|  56|0x0000000747000000, 0x0000000747000000, 0x0000000747200000|  0%| F|  |TAMS 0x0000000747000000, 0x0000000747000000| Untracked 
|  57|0x0000000747200000, 0x0000000747200000, 0x0000000747400000|  0%| F|  |TAMS 0x0000000747200000, 0x0000000747200000| Untracked 
|  58|0x0000000747400000, 0x0000000747400000, 0x0000000747600000|  0%| F|  |TAMS 0x0000000747400000, 0x0000000747400000| Untracked 
|  59|0x0000000747600000, 0x0000000747600000, 0x0000000747800000|  0%| F|  |TAMS 0x0000000747600000, 0x0000000747600000| Untracked 
|  60|0x0000000747800000, 0x0000000747800000, 0x0000000747a00000|  0%| F|  |TAMS 0x0000000747800000, 0x0000000747800000| Untracked 
|  61|0x0000000747a00000, 0x0000000747a00000, 0x0000000747c00000|  0%| F|  |TAMS 0x0000000747a00000, 0x0000000747a00000| Untracked 
|  62|0x0000000747c00000, 0x0000000747c00000, 0x0000000747e00000|  0%| F|  |TAMS 0x0000000747c00000, 0x0000000747c00000| Untracked 
|  63|0x0000000747e00000, 0x0000000747e00000, 0x0000000748000000|  0%| F|  |TAMS 0x0000000747e00000, 0x0000000747e00000| Untracked 
|  64|0x0000000748000000, 0x0000000748000000, 0x0000000748200000|  0%| F|  |TAMS 0x0000000748000000, 0x0000000748000000| Untracked 
|  65|0x0000000748200000, 0x0000000748200000, 0x0000000748400000|  0%| F|  |TAMS 0x0000000748200000, 0x0000000748200000| Untracked 
|  66|0x0000000748400000, 0x0000000748400000, 0x0000000748600000|  0%| F|  |TAMS 0x0000000748400000, 0x0000000748400000| Untracked 
|  67|0x0000000748600000, 0x0000000748600000, 0x0000000748800000|  0%| F|  |TAMS 0x0000000748600000, 0x0000000748600000| Untracked 
|  68|0x0000000748800000, 0x0000000748800000, 0x0000000748a00000|  0%| F|  |TAMS 0x0000000748800000, 0x0000000748800000| Untracked 
|  69|0x0000000748a00000, 0x0000000748a00000, 0x0000000748c00000|  0%| F|  |TAMS 0x0000000748a00000, 0x0000000748a00000| Untracked 
|  70|0x0000000748c00000, 0x0000000748c00000, 0x0000000748e00000|  0%| F|  |TAMS 0x0000000748c00000, 0x0000000748c00000| Untracked 
|  71|0x0000000748e00000, 0x0000000748e00000, 0x0000000749000000|  0%| F|  |TAMS 0x0000000748e00000, 0x0000000748e00000| Untracked 
|  72|0x0000000749000000, 0x0000000749000000, 0x0000000749200000|  0%| F|  |TAMS 0x0000000749000000, 0x0000000749000000| Untracked 
|  73|0x0000000749200000, 0x0000000749200000, 0x0000000749400000|  0%| F|  |TAMS 0x0000000749200000, 0x0000000749200000| Untracked 
|  74|0x0000000749400000, 0x0000000749400000, 0x0000000749600000|  0%| F|  |TAMS 0x0000000749400000, 0x0000000749400000| Untracked 
|  75|0x0000000749600000, 0x0000000749600000, 0x0000000749800000|  0%| F|  |TAMS 0x0000000749600000, 0x0000000749600000| Untracked 
|  76|0x0000000749800000, 0x0000000749800000, 0x0000000749a00000|  0%| F|  |TAMS 0x0000000749800000, 0x0000000749800000| Untracked 
|  77|0x0000000749a00000, 0x0000000749a00000, 0x0000000749c00000|  0%| F|  |TAMS 0x0000000749a00000, 0x0000000749a00000| Untracked 
|  78|0x0000000749c00000, 0x0000000749c00000, 0x0000000749e00000|  0%| F|  |TAMS 0x0000000749c00000, 0x0000000749c00000| Untracked 
|  79|0x0000000749e00000, 0x0000000749e00000, 0x000000074a000000|  0%| F|  |TAMS 0x0000000749e00000, 0x0000000749e00000| Untracked 
|  80|0x000000074a000000, 0x000000074a000000, 0x000000074a200000|  0%| F|  |TAMS 0x000000074a000000, 0x000000074a000000| Untracked 
|  81|0x000000074a200000, 0x000000074a200000, 0x000000074a400000|  0%| F|  |TAMS 0x000000074a200000, 0x000000074a200000| Untracked 
|  82|0x000000074a400000, 0x000000074a400000, 0x000000074a600000|  0%| F|  |TAMS 0x000000074a400000, 0x000000074a400000| Untracked 
|  83|0x000000074a600000, 0x000000074a600000, 0x000000074a800000|  0%| F|  |TAMS 0x000000074a600000, 0x000000074a600000| Untracked 
|  84|0x000000074a800000, 0x000000074a800000, 0x000000074aa00000|  0%| F|  |TAMS 0x000000074a800000, 0x000000074a800000| Untracked 
|  85|0x000000074aa00000, 0x000000074aa00000, 0x000000074ac00000|  0%| F|  |TAMS 0x000000074aa00000, 0x000000074aa00000| Untracked 
|  86|0x000000074ac00000, 0x000000074ac26ab8, 0x000000074ae00000|  7%| E|  |TAMS 0x000000074ac00000, 0x000000074ac00000| Complete 
|  87|0x000000074ae00000, 0x000000074b000000, 0x000000074b000000|100%| E|CS|TAMS 0x000000074ae00000, 0x000000074ae00000| Complete 
|  88|0x000000074b000000, 0x000000074b200000, 0x000000074b200000|100%| E|CS|TAMS 0x000000074b000000, 0x000000074b000000| Complete 
|  89|0x000000074b200000, 0x000000074b400000, 0x000000074b400000|100%| E|CS|TAMS 0x000000074b200000, 0x000000074b200000| Complete 
|  90|0x000000074b400000, 0x000000074b600000, 0x000000074b600000|100%| E|CS|TAMS 0x000000074b400000, 0x000000074b400000| Complete 
|  91|0x000000074b600000, 0x000000074b800000, 0x000000074b800000|100%| E|CS|TAMS 0x000000074b600000, 0x000000074b600000| Complete 
|  92|0x000000074b800000, 0x000000074ba00000, 0x000000074ba00000|100%| E|CS|TAMS 0x000000074b800000, 0x000000074b800000| Complete 
|  93|0x000000074ba00000, 0x000000074bc00000, 0x000000074bc00000|100%| E|CS|TAMS 0x000000074ba00000, 0x000000074ba00000| Complete 
|  94|0x000000074bc00000, 0x000000074be00000, 0x000000074be00000|100%| E|CS|TAMS 0x000000074bc00000, 0x000000074bc00000| Complete 
|  95|0x000000074be00000, 0x000000074c000000, 0x000000074c000000|100%| E|CS|TAMS 0x000000074be00000, 0x000000074be00000| Complete 
|  96|0x000000074c000000, 0x000000074c200000, 0x000000074c200000|100%| E|CS|TAMS 0x000000074c000000, 0x000000074c000000| Complete 
|  97|0x000000074c200000, 0x000000074c400000, 0x000000074c400000|100%| E|CS|TAMS 0x000000074c200000, 0x000000074c200000| Complete 
|  98|0x000000074c400000, 0x000000074c600000, 0x000000074c600000|100%| E|CS|TAMS 0x000000074c400000, 0x000000074c400000| Complete 
|  99|0x000000074c600000, 0x000000074c800000, 0x000000074c800000|100%| E|CS|TAMS 0x000000074c600000, 0x000000074c600000| Complete 
| 100|0x000000074c800000, 0x000000074ca00000, 0x000000074ca00000|100%| E|CS|TAMS 0x000000074c800000, 0x000000074c800000| Complete 
| 101|0x000000074ca00000, 0x000000074cc00000, 0x000000074cc00000|100%| E|CS|TAMS 0x000000074ca00000, 0x000000074ca00000| Complete 
| 102|0x000000074cc00000, 0x000000074ce00000, 0x000000074ce00000|100%| E|CS|TAMS 0x000000074cc00000, 0x000000074cc00000| Complete 
| 103|0x000000074ce00000, 0x000000074d000000, 0x000000074d000000|100%| E|CS|TAMS 0x000000074ce00000, 0x000000074ce00000| Complete 
| 104|0x000000074d000000, 0x000000074d200000, 0x000000074d200000|100%| E|CS|TAMS 0x000000074d000000, 0x000000074d000000| Complete 
| 105|0x000000074d200000, 0x000000074d400000, 0x000000074d400000|100%| E|CS|TAMS 0x000000074d200000, 0x000000074d200000| Complete 
| 106|0x000000074d400000, 0x000000074d600000, 0x000000074d600000|100%| E|CS|TAMS 0x000000074d400000, 0x000000074d400000| Complete 
| 107|0x000000074d600000, 0x000000074d800000, 0x000000074d800000|100%| E|CS|TAMS 0x000000074d600000, 0x000000074d600000| Complete 
| 108|0x000000074d800000, 0x000000074da00000, 0x000000074da00000|100%| E|CS|TAMS 0x000000074d800000, 0x000000074d800000| Complete 
| 109|0x000000074da00000, 0x000000074dc00000, 0x000000074dc00000|100%| E|CS|TAMS 0x000000074da00000, 0x000000074da00000| Complete 
| 110|0x000000074dc00000, 0x000000074de00000, 0x000000074de00000|100%| E|CS|TAMS 0x000000074dc00000, 0x000000074dc00000| Complete 
| 111|0x000000074de00000, 0x000000074e000000, 0x000000074e000000|100%| E|CS|TAMS 0x000000074de00000, 0x000000074de00000| Complete 
| 112|0x000000074e000000, 0x000000074e200000, 0x000000074e200000|100%| E|CS|TAMS 0x000000074e000000, 0x000000074e000000| Complete 
| 113|0x000000074e200000, 0x000000074e400000, 0x000000074e400000|100%| E|CS|TAMS 0x000000074e200000, 0x000000074e200000| Complete 
| 114|0x000000074e400000, 0x000000074e600000, 0x000000074e600000|100%| E|CS|TAMS 0x000000074e400000, 0x000000074e400000| Complete 
| 115|0x000000074e600000, 0x000000074e800000, 0x000000074e800000|100%| E|CS|TAMS 0x000000074e600000, 0x000000074e600000| Complete 
| 116|0x000000074e800000, 0x000000074ea00000, 0x000000074ea00000|100%| E|CS|TAMS 0x000000074e800000, 0x000000074e800000| Complete 
| 117|0x000000074ea00000, 0x000000074ec00000, 0x000000074ec00000|100%| E|CS|TAMS 0x000000074ea00000, 0x000000074ea00000| Complete 
| 118|0x000000074ec00000, 0x000000074ee00000, 0x000000074ee00000|100%| E|CS|TAMS 0x000000074ec00000, 0x000000074ec00000| Complete 
| 119|0x000000074ee00000, 0x000000074f000000, 0x000000074f000000|100%| E|CS|TAMS 0x000000074ee00000, 0x000000074ee00000| Complete 
| 120|0x000000074f000000, 0x000000074f200000, 0x000000074f200000|100%| E|CS|TAMS 0x000000074f000000, 0x000000074f000000| Complete 
| 121|0x000000074f200000, 0x000000074f400000, 0x000000074f400000|100%| E|CS|TAMS 0x000000074f200000, 0x000000074f200000| Complete 
| 122|0x000000074f400000, 0x000000074f600000, 0x000000074f600000|100%| E|CS|TAMS 0x000000074f400000, 0x000000074f400000| Complete 
| 123|0x000000074f600000, 0x000000074f800000, 0x000000074f800000|100%| E|CS|TAMS 0x000000074f600000, 0x000000074f600000| Complete 
| 124|0x000000074f800000, 0x000000074fa00000, 0x000000074fa00000|100%| E|CS|TAMS 0x000000074f800000, 0x000000074f800000| Complete 
| 125|0x000000074fa00000, 0x000000074fc00000, 0x000000074fc00000|100%| E|CS|TAMS 0x000000074fa00000, 0x000000074fa00000| Complete 
| 126|0x000000074fc00000, 0x000000074fe00000, 0x000000074fe00000|100%| E|CS|TAMS 0x000000074fc00000, 0x000000074fc00000| Complete 
| 127|0x000000074fe00000, 0x0000000750000000, 0x0000000750000000|100%| E|CS|TAMS 0x000000074fe00000, 0x000000074fe00000| Complete 
| 128|0x0000000750000000, 0x0000000750200000, 0x0000000750200000|100%| E|CS|TAMS 0x0000000750000000, 0x0000000750000000| Complete 
| 129|0x0000000750200000, 0x0000000750400000, 0x0000000750400000|100%| E|CS|TAMS 0x0000000750200000, 0x0000000750200000| Complete 
| 130|0x0000000750400000, 0x0000000750600000, 0x0000000750600000|100%| E|CS|TAMS 0x0000000750400000, 0x0000000750400000| Complete 
| 131|0x0000000750600000, 0x0000000750800000, 0x0000000750800000|100%| E|CS|TAMS 0x0000000750600000, 0x0000000750600000| Complete 

Card table byte_map: [0x0000000019ae0000,0x000000001a0e0000] _byte_map_base: 0x00000000160e0000

Marking Bits (Prev, Next): (CMBitMap*) 0x00000000001d8490, (CMBitMap*) 0x00000000001d84d0
 Prev Bits: [0x000000001a6e0000, 0x000000001d6e0000)
 Next Bits: [0x000000001d6e0000, 0x00000000206e0000)

Polling page: 0x0000000002280000

Metaspace:

Usage:
  Non-class:     55.84 MB used.
      Class:      8.86 MB used.
       Both:     64.70 MB used.

Virtual space:
  Non-class space:       64.00 MB reserved,      56.25 MB ( 88%) committed,  8 nodes.
      Class space:        1.00 GB reserved,       9.19 MB ( <1%) committed,  1 nodes.
             Both:        1.06 GB reserved,      65.44 MB (  6%) committed. 

Chunk freelists:
   Non-Class:  3.17 MB
       Class:  2.84 MB
        Both:  6.02 MB

MaxMetaspaceSize: unlimited
CompressedClassSpaceSize: 1.00 GB
Initial GC threshold: 21.00 MB
Current GC threshold: 92.44 MB
CDS: on
MetaspaceReclaimPolicy: balanced
 - commit_granule_bytes: 65536.
 - commit_granule_words: 8192.
 - virtual_space_node_default_size: 1048576.
 - enlarge_chunks_in_place: 1.
 - new_chunks_are_fully_committed: 0.
 - uncommit_free_chunks: 1.
 - use_allocation_guard: 0.
 - handle_deallocations: 1.


Internal statistics:

num_allocs_failed_limit: 6.
num_arena_births: 776.
num_arena_deaths: 0.
num_vsnodes_births: 9.
num_vsnodes_deaths: 0.
num_space_committed: 1047.
num_space_uncommitted: 0.
num_chunks_returned_to_freelist: 6.
num_chunks_taken_from_freelist: 3289.
num_chunk_merges: 6.
num_chunk_splits: 2072.
num_chunks_enlarged: 1297.
num_purges: 0.
num_inconsistent_stats: 0.

CodeHeap 'non-profiled nmethods': size=120000Kb used=5804Kb max_used=5804Kb free=114195Kb
 bounds [0x0000000011990000, 0x0000000011f40000, 0x0000000018ec0000]
CodeHeap 'profiled nmethods': size=120000Kb used=17280Kb max_used=17996Kb free=102720Kb
 bounds [0x000000000a460000, 0x000000000b600000, 0x0000000011990000]
CodeHeap 'non-nmethods': size=5760Kb used=2445Kb max_used=2512Kb free=3314Kb
 bounds [0x0000000009ec0000, 0x000000000a140000, 0x000000000a460000]
 total_blobs=9661 nmethods=8754 adapters=818
 compilation: enabled
              stopped_count=0, restarted_count=0
 full_count=0

Compilation events (20 events):
Event: 19071.427 Thread 0x0000000023536500 nmethod 10333 0x0000000011f33b90 code [0x0000000011f33d20, 0x0000000011f33ee8]
Event: 19222.845 Thread 0x0000000023536500 10334       4       java.util.ArrayList::clear (43 bytes)
Event: 19222.850 Thread 0x0000000023536500 nmethod 10334 0x0000000011f34090 code [0x0000000011f34200, 0x0000000011f34498]
Event: 19251.430 Thread 0x0000000023536500 10335       4       java.util.ArrayList::fastRemove (44 bytes)
Event: 19251.432 Thread 0x0000000023536500 nmethod 10335 0x0000000011f34590 code [0x0000000011f34700, 0x0000000011f34838]
Event: 21622.845 Thread 0x0000000023536500 10336  s!   4       org.gradle.internal.concurrent.CompositeStoppable::stop (123 bytes)
Event: 21622.865 Thread 0x0000000023536500 nmethod 10336 0x0000000011f34910 code [0x0000000011f34ae0, 0x0000000011f35498]
Event: 21762.845 Thread 0x0000000023536500 10337       4       org.gradle.launcher.daemon.registry.DaemonRegistryContent$Serializer::readAddresses (137 bytes)
Event: 21762.867 Thread 0x0000000023536500 nmethod 10337 0x0000000011f35a10 code [0x0000000011f35be0, 0x0000000011f365c8]
Event: 22011.525 Thread 0x0000000023536500 10338       4       org.gradle.internal.resources.AbstractResourceLockRegistry::detailsForCurrentThread (54 bytes)
Event: 22011.533 Thread 0x0000000023536500 nmethod 10338 0x0000000011f36d10 code [0x0000000011f36ec0, 0x0000000011f37338]
Event: 22161.531 Thread 0x0000000023536500 10339       4       org.gradle.internal.resources.DefaultResourceLockCoordinationService::startOperation (49 bytes)
Event: 22161.533 Thread 0x0000000023536500 nmethod 10339 0x0000000011f37790 code [0x0000000011f37900, 0x0000000011f37b58]
Event: 22191.531 Thread 0x0000000023536500 10340       4       org.gradle.internal.resources.DefaultResourceLockCoordinationService::maybeNotifyStateChange (94 bytes)
Event: 22191.630 Thread 0x0000000023536500 nmethod 10340 0x0000000011f37c10 code [0x0000000011f37e80, 0x0000000011f39cc8]
Event: 22613.803 Thread 0x0000000023536500 10341       4       org.gradle.tooling.internal.provider.runner.ToolingApiBuildEventListenerFactory$1::progress (1 bytes)
Event: 22613.803 Thread 0x0000000023536500 nmethod 10341 0x0000000011f3ab90 code [0x0000000011f3ad00, 0x0000000011f3ad78]
Event: 22613.803 Thread 0x0000000023536500 10342       4       java.util.Collections$1::next (25 bytes)
Event: 22613.804 Thread 0x0000000023536500 nmethod 10342 0x0000000011f3ae90 code [0x0000000011f3b000, 0x0000000011f3b0b8]
Event: 22613.858 Thread 0x0000000023536500 10343       4       org.gradle.internal.logging.text.AbstractLineChoppingStyledTextOutput::doAppend (43 bytes)

GC Heap History (20 events):
Event: 18.671 GC heap before
{Heap before GC invocations=22 (full 0):
 garbage-first heap   total 137216K, used 55495K [0x0000000740000000, 0x0000000800000000)
  region size 2048K, 2 young (4096K), 1 survivors (2048K)
 Metaspace       used 60406K, committed 61056K, reserved 1105920K
  class space    used 8256K, committed 8576K, reserved 1048576K
}
Event: 18.675 GC heap after
{Heap after GC invocations=23 (full 0):
 garbage-first heap   total 137216K, used 54816K [0x0000000740000000, 0x0000000800000000)
  region size 2048K, 1 young (2048K), 1 survivors (2048K)
 Metaspace       used 60406K, committed 61056K, reserved 1105920K
  class space    used 8256K, committed 8576K, reserved 1048576K
}
Event: 19.166 GC heap before
{Heap before GC invocations=23 (full 0):
 garbage-first heap   total 137216K, used 87584K [0x0000000740000000, 0x0000000800000000)
  region size 2048K, 7 young (14336K), 1 survivors (2048K)
 Metaspace       used 60713K, committed 61376K, reserved 1105920K
  class space    used 8275K, committed 8576K, reserved 1048576K
}
Event: 19.173 GC heap after
{Heap after GC invocations=24 (full 0):
 garbage-first heap   total 137216K, used 56291K [0x0000000740000000, 0x0000000800000000)
  region size 2048K, 1 young (2048K), 1 survivors (2048K)
 Metaspace       used 60713K, committed 61376K, reserved 1105920K
  class space    used 8275K, committed 8576K, reserved 1048576K
}
Event: 19.361 GC heap before
{Heap before GC invocations=24 (full 0):
 garbage-first heap   total 137216K, used 80867K [0x0000000740000000, 0x0000000800000000)
  region size 2048K, 3 young (6144K), 1 survivors (2048K)
 Metaspace       used 60780K, committed 61440K, reserved 1105920K
  class space    used 8276K, committed 8576K, reserved 1048576K
}
Event: 19.366 GC heap after
{Heap after GC invocations=25 (full 0):
 garbage-first heap   total 137216K, used 56283K [0x0000000740000000, 0x0000000800000000)
  region size 2048K, 1 young (2048K), 1 survivors (2048K)
 Metaspace       used 60780K, committed 61440K, reserved 1105920K
  class space    used 8276K, committed 8576K, reserved 1048576K
}
Event: 19.381 GC heap before
{Heap before GC invocations=25 (full 0):
 garbage-first heap   total 137216K, used 58331K [0x0000000740000000, 0x0000000800000000)
  region size 2048K, 2 young (4096K), 1 survivors (2048K)
 Metaspace       used 60780K, committed 61440K, reserved 1105920K
  class space    used 8276K, committed 8576K, reserved 1048576K
}
Event: 19.386 GC heap after
{Heap after GC invocations=26 (full 0):
 garbage-first heap   total 270336K, used 56455K [0x0000000740000000, 0x0000000800000000)
  region size 2048K, 1 young (2048K), 1 survivors (2048K)
 Metaspace       used 60780K, committed 61440K, reserved 1105920K
  class space    used 8276K, committed 8576K, reserved 1048576K
}
Event: 21.542 GC heap before
{Heap before GC invocations=26 (full 0):
 garbage-first heap   total 270336K, used 185479K [0x0000000740000000, 0x0000000800000000)
  region size 2048K, 35 young (71680K), 1 survivors (2048K)
 Metaspace       used 64597K, committed 65280K, reserved 1105920K
  class space    used 8970K, committed 9280K, reserved 1048576K
}
Event: 21.561 GC heap after
{Heap after GC invocations=27 (full 0):
 garbage-first heap   total 270336K, used 62924K [0x0000000740000000, 0x0000000800000000)
  region size 2048K, 5 young (10240K), 5 survivors (10240K)
 Metaspace       used 64597K, committed 65280K, reserved 1105920K
  class space    used 8970K, committed 9280K, reserved 1048576K
}
Event: 22.082 GC heap before
{Heap before GC invocations=27 (full 0):
 garbage-first heap   total 270336K, used 132556K [0x0000000740000000, 0x0000000800000000)
  region size 2048K, 9 young (18432K), 5 survivors (10240K)
 Metaspace       used 64698K, committed 65344K, reserved 1105920K
  class space    used 8971K, committed 9280K, reserved 1048576K
}
Event: 22.098 GC heap after
{Heap after GC invocations=28 (full 0):
 garbage-first heap   total 270336K, used 63741K [0x0000000740000000, 0x0000000800000000)
  region size 2048K, 5 young (10240K), 5 survivors (10240K)
 Metaspace       used 64698K, committed 65344K, reserved 1105920K
  class space    used 8971K, committed 9280K, reserved 1048576K
}
Event: 24.073 GC heap before
{Heap before GC invocations=28 (full 0):
 garbage-first heap   total 270336K, used 221437K [0x0000000740000000, 0x0000000800000000)
  region size 2048K, 52 young (106496K), 5 survivors (10240K)
 Metaspace       used 65258K, committed 65984K, reserved 1114112K
  class space    used 9013K, committed 9344K, reserved 1048576K
}
Event: 24.101 GC heap after
{Heap after GC invocations=29 (full 0):
 garbage-first heap   total 270336K, used 68865K [0x0000000740000000, 0x0000000800000000)
  region size 2048K, 7 young (14336K), 7 survivors (14336K)
 Metaspace       used 65258K, committed 65984K, reserved 1114112K
  class space    used 9013K, committed 9344K, reserved 1048576K
}
Event: 4563.285 GC heap before
{Heap before GC invocations=29 (full 0):
 garbage-first heap   total 270336K, used 232705K [0x0000000740000000, 0x0000000800000000)
  region size 2048K, 79 young (161792K), 7 survivors (14336K)
 Metaspace       used 66213K, committed 66944K, reserved 1114112K
  class space    used 9071K, committed 9408K, reserved 1048576K
}
Event: 4563.311 GC heap after
{Heap after GC invocations=30 (full 0):
 garbage-first heap   total 270336K, used 70178K [0x0000000740000000, 0x0000000800000000)
  region size 2048K, 4 young (8192K), 4 survivors (8192K)
 Metaspace       used 66213K, committed 66944K, reserved 1114112K
  class space    used 9071K, committed 9408K, reserved 1048576K
}
Event: 10462.843 GC heap before
{Heap before GC invocations=30 (full 0):
 garbage-first heap   total 270336K, used 219682K [0x0000000740000000, 0x0000000800000000)
  region size 2048K, 77 young (157696K), 4 survivors (8192K)
 Metaspace       used 66234K, committed 66944K, reserved 1114112K
  class space    used 9073K, committed 9408K, reserved 1048576K
}
Event: 10462.853 GC heap after
{Heap after GC invocations=31 (full 0):
 garbage-first heap   total 270336K, used 70159K [0x0000000740000000, 0x0000000800000000)
  region size 2048K, 4 young (8192K), 4 survivors (8192K)
 Metaspace       used 66234K, committed 66944K, reserved 1114112K
  class space    used 9073K, committed 9408K, reserved 1048576K
}
Event: 18069.253 GC heap before
{Heap before GC invocations=31 (full 0):
 garbage-first heap   total 270336K, used 223759K [0x0000000740000000, 0x0000000800000000)
  region size 2048K, 79 young (161792K), 4 survivors (8192K)
 Metaspace       used 66250K, committed 67008K, reserved 1114112K
  class space    used 9073K, committed 9408K, reserved 1048576K
}
Event: 18069.265 GC heap after
{Heap after GC invocations=32 (full 0):
 garbage-first heap   total 270336K, used 69656K [0x0000000740000000, 0x0000000800000000)
  region size 2048K, 4 young (8192K), 4 survivors (8192K)
 Metaspace       used 66250K, committed 67008K, reserved 1114112K
  class space    used 9073K, committed 9408K, reserved 1048576K
}

Deoptimization events (20 events):
Event: 1223.864 Thread 0x0000000027786f00 DEOPT PACKING pc=0x000000000ad844c3 sp=0x0000000029f3f350
Event: 1223.864 Thread 0x0000000027786f00 DEOPT UNPACKING pc=0x0000000009f12b24 sp=0x0000000029f3e870 mode 0
Event: 1266.770 Thread 0x0000000027786560 DEOPT PACKING pc=0x000000000b078a96 sp=0x000000002935f440
Event: 1266.770 Thread 0x0000000027786560 DEOPT UNPACKING pc=0x0000000009f12b24 sp=0x000000002935e980 mode 0
Event: 2392.844 Thread 0x00000000276ae060 DEOPT PACKING pc=0x000000000b430572 sp=0x0000000028cbe8a0
Event: 2392.844 Thread 0x00000000276ae060 DEOPT UNPACKING pc=0x0000000009f12b24 sp=0x0000000028cbddc8 mode 0
Event: 8002.845 Thread 0x00000000276ae060 DEOPT PACKING pc=0x000000000a7246c4 sp=0x0000000028cb9f90
Event: 8002.845 Thread 0x00000000276ae060 DEOPT UNPACKING pc=0x0000000009f12b24 sp=0x0000000028cb9478 mode 1
Event: 8002.845 Thread 0x00000000276ae060 DEOPT PACKING pc=0x000000000a7246c4 sp=0x0000000028cba070
Event: 8002.845 Thread 0x00000000276ae060 DEOPT UNPACKING pc=0x0000000009f12b24 sp=0x0000000028cb9558 mode 1
Event: 8944.724 Thread 0x000000002e5d4fe0 DEOPT PACKING pc=0x000000000a7246c4 sp=0x000000003078e9a0
Event: 8944.725 Thread 0x000000002e5d4fe0 DEOPT UNPACKING pc=0x0000000009f12b24 sp=0x000000003078de88 mode 1
Event: 8944.725 Thread 0x000000002e5d4fe0 DEOPT PACKING pc=0x000000000a7246c4 sp=0x000000003078ea80
Event: 8944.725 Thread 0x000000002e5d4fe0 DEOPT UNPACKING pc=0x0000000009f12b24 sp=0x000000003078df68 mode 1
Event: 8944.730 Thread 0x000000002e5d4fe0 Uncommon trap: trap_request=0xffffff45 fr.pc=0x0000000011ba3360 relative=0x0000000000000d00
Event: 8944.730 Thread 0x000000002e5d4fe0 Uncommon trap: reason=unstable_if action=reinterpret pc=0x0000000011ba3360 method=java.util.concurrent.ThreadPoolExecutor.getTask()Ljava/lang/Runnable; @ 62 c2
Event: 8944.730 Thread 0x000000002e5d4fe0 DEOPT PACKING pc=0x0000000011ba3360 sp=0x000000003078f560
Event: 8944.730 Thread 0x000000002e5d4fe0 DEOPT UNPACKING pc=0x0000000009f1239d sp=0x000000003078f560 mode 2
Event: 22613.858 Thread 0x000000002c241d30 DEOPT PACKING pc=0x000000000a4c0e6c sp=0x0000000031d9e1f0
Event: 22613.858 Thread 0x000000002c241d30 DEOPT UNPACKING pc=0x0000000009f12b24 sp=0x0000000031d9d6c0 mode 0

Classes unloaded (0 events):
No events

Classes redefined (0 events):
No events

Internal exceptions (20 events):
Event: 20.789 Thread 0x000000002e506c10 Exception <a 'java/lang/NoSuchMethodError'{0x000000074d2652f0}: 'void java.lang.invoke.DirectMethodHandle$Holder.invokeInterface(java.lang.Object, java.lang.Object, java.lang.Object, java.lang.Object)'> (0x000000074d2652f0) 
thrown [s\src\hotspot\share\interpreter\linkResolver.cpp, line 759]
Event: 20.871 Thread 0x0000000027786f00 Exception <a 'java/lang/NoSuchMethodError'{0x000000074cfa4968}: static Lorg/gradle/internal/build/event/types/DefaultTaskStartedProgressEvent;.<clinit>()V> (0x000000074cfa4968) 
thrown [s\src\hotspot\share\prims\jni.cpp, line 1107]
Event: 20.872 Thread 0x0000000027786f00 Exception <a 'java/lang/NoSuchMethodError'{0x000000074cfa7c00}: static Lorg/gradle/internal/build/event/types/AbstractProgressEvent;.<clinit>()V> (0x000000074cfa7c00) 
thrown [s\src\hotspot\share\prims\jni.cpp, line 1107]
Event: 20.874 Thread 0x000000002e506c10 Exception <a 'java/lang/IncompatibleClassChangeError'{0x000000074cf32e48}: Found class java.lang.Object, but interface was expected> (0x000000074cf32e48) 
thrown [s\src\hotspot\share\interpreter\linkResolver.cpp, line 826]
Event: 20.875 Thread 0x0000000027786f00 Exception <a 'java/lang/NoSuchMethodError'{0x000000074cfb44f0}: static Lorg/gradle/internal/build/event/types/DefaultTaskDescriptor;.<clinit>()V> (0x000000074cfb44f0) 
thrown [s\src\hotspot\share\prims\jni.cpp, line 1107]
Event: 20.882 Thread 0x0000000027786f00 Exception <a 'java/lang/NoSuchMethodError'{0x000000074cfdd910}: static Lorg/gradle/internal/operations/OperationIdentifier;.<clinit>()V> (0x000000074cfdd910) 
thrown [s\src\hotspot\share\prims\jni.cpp, line 1107]
Event: 20.883 Thread 0x0000000027786f00 Exception <a 'java/lang/NoSuchMethodError'{0x000000074cfe9330}: static Lorg/gradle/internal/build/event/types/DefaultBinaryPluginIdentifier;.<clinit>()V> (0x000000074cfe9330) 
thrown [s\src\hotspot\share\prims\jni.cpp, line 1107]
Event: 20.935 Thread 0x000000002e506c10 Exception <a 'java/lang/IncompatibleClassChangeError'{0x000000074cc6daf8}: Found class java.lang.Object, but interface was expected> (0x000000074cc6daf8) 
thrown [s\src\hotspot\share\interpreter\linkResolver.cpp, line 826]
Event: 21.082 Thread 0x0000000027786f00 Exception <a 'java/lang/NoSuchMethodError'{0x000000074cb06aa8}: static Lorg/gradle/internal/build/event/types/DefaultTaskFinishedProgressEvent;.<clinit>()V> (0x000000074cb06aa8) 
thrown [s\src\hotspot\share\prims\jni.cpp, line 1107]
Event: 21.088 Thread 0x0000000027786f00 Exception <a 'java/lang/NoSuchMethodError'{0x000000074cba33a0}: static Lorg/gradle/internal/build/event/types/DefaultTaskSuccessResult;.<clinit>()V> (0x000000074cba33a0) 
thrown [s\src\hotspot\share\prims\jni.cpp, line 1107]
Event: 21.088 Thread 0x0000000027786f00 Exception <a 'java/lang/NoSuchMethodError'{0x000000074cba4aa8}: static Lorg/gradle/internal/build/event/types/AbstractTaskResult;.<clinit>()V> (0x000000074cba4aa8) 
thrown [s\src\hotspot\share\prims\jni.cpp, line 1107]
Event: 21.088 Thread 0x0000000027786f00 Exception <a 'java/lang/NoSuchMethodError'{0x000000074cba6458}: static Lorg/gradle/internal/build/event/types/AbstractResult;.<clinit>()V> (0x000000074cba6458) 
thrown [s\src\hotspot\share\prims\jni.cpp, line 1107]
Event: 21.094 Thread 0x0000000027786f00 Exception <a 'java/lang/NoSuchMethodError'{0x000000074cbcbde8}: static [Ljava/lang/Object;.<clinit>()V> (0x000000074cbcbde8) 
thrown [s\src\hotspot\share\prims\jni.cpp, line 1107]
Event: 21.150 Thread 0x000000002e506c10 Exception <a 'java/lang/NoSuchMethodError'{0x000000074c8aed90}: 'int java.lang.invoke.DirectMethodHandle$Holder.invokeStaticInit(java.lang.Object, java.lang.Object, java.lang.Object, java.lang.Object, java.lang.Object)'> (0x000000074c8aed90) 
thrown [s\src\hotspot\share\interpreter\linkResolver.cpp, line 759]
Event: 21.245 Thread 0x000000002e5070e0 Exception <a 'java/lang/NoSuchMethodError'{0x000000074c6627c8}: static Ljava/lang/Object;.<clinit>()V> (0x000000074c6627c8) 
thrown [s\src\hotspot\share\prims\jni.cpp, line 1107]
Event: 24.458 Thread 0x000000002e506c10 Exception <a 'java/lang/ClassNotFoundException'{0x000000074fbb5468}: com/intellij/openapi/externalSystem/rt/execution/ForkedDebuggerHelperBeanInfo> (0x000000074fbb5468) 
thrown [s\src\hotspot\share\classfile\systemDictionary.cpp, line 256]
Event: 24.460 Thread 0x000000002e506c10 Exception <a 'java/lang/ClassNotFoundException'{0x000000074fbbdf38}: com/intellij/openapi/externalSystem/rt/execution/ForkedDebuggerHelperCustomizer> (0x000000074fbbdf38) 
thrown [s\src\hotspot\share\classfile\systemDictionary.cpp, line 256]
Event: 24.464 Thread 0x000000002e506c10 Exception <a 'java/net/SocketException'{0x000000074fbd0b58}: Socket is not connected: shutdown> (0x000000074fbd0b58) 
thrown [s\src\hotspot\share\prims\jni.cpp, line 535]
Event: 24.485 Thread 0x000000002e506c10 Exception <a 'java/lang/ClassNotFoundException'{0x000000074f89e790}: org/gradle/api/internal/file/collections/DefaultConfigurableFileCollectionBeanInfo> (0x000000074f89e790) 
thrown [s\src\hotspot\share\classfile\systemDictionary.cpp, line 256]
Event: 24.487 Thread 0x000000002e506c10 Exception <a 'java/lang/ClassNotFoundException'{0x000000074f8b0160}: org/gradle/api/internal/file/collections/DefaultConfigurableFileCollectionCustomizer> (0x000000074f8b0160) 
thrown [s\src\hotspot\share\classfile\systemDictionary.cpp, line 256]

VM Operations (20 events):
Event: 15303.036 Executing VM operation: Cleanup
Event: 15303.036 Executing VM operation: Cleanup done
Event: 15493.043 Executing VM operation: Cleanup
Event: 15493.043 Executing VM operation: Cleanup done
Event: 16633.083 Executing VM operation: Cleanup
Event: 16633.083 Executing VM operation: Cleanup done
Event: 16913.093 Executing VM operation: Cleanup
Event: 16913.093 Executing VM operation: Cleanup done
Event: 17033.097 Executing VM operation: Cleanup
Event: 17033.097 Executing VM operation: Cleanup done
Event: 17212.103 Executing VM operation: Cleanup
Event: 17212.103 Executing VM operation: Cleanup done
Event: 17640.118 Executing VM operation: Cleanup
Event: 17640.118 Executing VM operation: Cleanup done
Event: 18069.252 Executing VM operation: G1CollectForAllocation
Event: 18069.265 Executing VM operation: G1CollectForAllocation done
Event: 19233.305 Executing VM operation: Cleanup
Event: 19233.305 Executing VM operation: Cleanup done
Event: 21633.413 Executing VM operation: Cleanup
Event: 21633.413 Executing VM operation: Cleanup done

Events (20 events):
Event: 885.302 Thread 0x000000002354bf90 flushing nmethod 0x000000000b38d090
Event: 885.302 Thread 0x000000002354bf90 flushing nmethod 0x000000000b38f390
Event: 885.302 Thread 0x000000002354bf90 flushing nmethod 0x000000000b39ca10
Event: 885.302 Thread 0x000000002354bf90 flushing nmethod 0x000000000b3bd310
Event: 885.302 Thread 0x000000002354bf90 flushing nmethod 0x000000000b3dff10
Event: 885.302 Thread 0x000000002354bf90 flushing nmethod 0x000000000b3e5a90
Event: 885.302 Thread 0x000000002354bf90 flushing nmethod 0x000000000b3eaf90
Event: 885.302 Thread 0x000000002354bf90 flushing nmethod 0x000000000b3f0e90
Event: 885.302 Thread 0x000000002354bf90 flushing nmethod 0x000000000b404e90
Event: 885.302 Thread 0x000000002354bf90 flushing nmethod 0x000000000b40de10
Event: 885.302 Thread 0x000000002354bf90 flushing nmethod 0x000000000b412890
Event: 885.302 Thread 0x000000002354bf90 flushing nmethod 0x000000000b424990
Event: 885.303 Thread 0x000000002354bf90 flushing nmethod 0x000000000b42cb10
Event: 885.303 Thread 0x000000002354bf90 flushing nmethod 0x000000000b439190
Event: 885.304 Thread 0x000000002354bf90 flushing nmethod 0x000000000b58da90
Event: 885.304 Thread 0x000000002354bf90 flushing nmethod 0x000000000b58f190
Event: 885.304 Thread 0x000000002354bf90 flushing nmethod 0x000000000b58f690
Event: 885.304 Thread 0x000000002354bf90 flushing nmethod 0x000000000b5b0290
Event: 8944.723 Thread 0x000000002e5d4fe0 Thread added: 0x000000002e5d4fe0
Event: 9004.731 Thread 0x000000002e5d4fe0 Thread exited: 0x000000002e5d4fe0


Dynamic libraries:
0x000000013f7d0000 - 0x000000013f7de000 	C:\Program Files\Eclipse Adoptium\jdk-17.0.4.101-hotspot\bin\java.exe
0x0000000077c70000 - 0x0000000077e0f000 	C:\Windows\SYSTEM32\ntdll.dll
0x0000000077a50000 - 0x0000000077b6f000 	C:\Windows\system32\kernel32.dll
0x000007fefd900000 - 0x000007fefd967000 	C:\Windows\system32\KERNELBASE.dll
0x000007fef8620000 - 0x000007fef8638000 	C:\Program Files\Eclipse Adoptium\jdk-17.0.4.101-hotspot\bin\jli.dll
0x000007fefbdc0000 - 0x000007fefbfb5000 	C:\Windows\WinSxS\amd64_microsoft.windows.common-controls_6595b64144ccf1df_6.0.7601.24483_none_e372d88f30fbb845\COMCTL32.dll
0x000007fefdd60000 - 0x000007fefddff000 	C:\Windows\system32\msvcrt.dll
0x000007feffb80000 - 0x000007feffbe7000 	C:\Windows\system32\GDI32.dll
0x0000000077b70000 - 0x0000000077c6b000 	C:\Windows\system32\USER32.dll
0x000007feffa30000 - 0x000007feffa3e000 	C:\Windows\system32\LPK.dll
0x000007fefecc0000 - 0x000007fefed8b000 	C:\Windows\system32\USP10.dll
0x000007feff240000 - 0x000007feff2b1000 	C:\Windows\system32\SHLWAPI.dll
0x000007fef8670000 - 0x000007fef8689000 	C:\Program Files\Eclipse Adoptium\jdk-17.0.4.101-hotspot\bin\VCRUNTIME140.dll
0x000007fefb590000 - 0x000007fefb594000 	C:\Program Files\Eclipse Adoptium\jdk-17.0.4.101-hotspot\bin\api-ms-win-crt-runtime-l1-1-0.dll
0x000007feeb360000 - 0x000007feeb45a000 	C:\Program Files\Eclipse Adoptium\jdk-17.0.4.101-hotspot\bin\ucrtbase.DLL
0x000007fefbd90000 - 0x000007fefbd93000 	C:\Program Files\Eclipse Adoptium\jdk-17.0.4.101-hotspot\bin\api-ms-win-core-localization-l1-2-0.dll
0x000007fef8710000 - 0x000007fef8713000 	C:\Program Files\Eclipse Adoptium\jdk-17.0.4.101-hotspot\bin\api-ms-win-core-processthreads-l1-1-1.dll
0x000007fef8660000 - 0x000007fef8663000 	C:\Program Files\Eclipse Adoptium\jdk-17.0.4.101-hotspot\bin\api-ms-win-core-file-l1-2-0.dll
0x000007fef8610000 - 0x000007fef8613000 	C:\Program Files\Eclipse Adoptium\jdk-17.0.4.101-hotspot\bin\api-ms-win-core-timezone-l1-1-0.dll
0x000007fef8600000 - 0x000007fef8603000 	C:\Program Files\Eclipse Adoptium\jdk-17.0.4.101-hotspot\bin\api-ms-win-core-file-l2-1-0.dll
0x000007fef85f0000 - 0x000007fef85f3000 	C:\Program Files\Eclipse Adoptium\jdk-17.0.4.101-hotspot\bin\api-ms-win-core-synch-l1-2-0.dll
0x000007fef85e0000 - 0x000007fef85e3000 	C:\Program Files\Eclipse Adoptium\jdk-17.0.4.101-hotspot\bin\api-ms-win-crt-heap-l1-1-0.dll
0x000007fef85d0000 - 0x000007fef85d4000 	C:\Program Files\Eclipse Adoptium\jdk-17.0.4.101-hotspot\bin\api-ms-win-crt-string-l1-1-0.dll
0x000007fef8000000 - 0x000007fef8004000 	C:\Program Files\Eclipse Adoptium\jdk-17.0.4.101-hotspot\bin\api-ms-win-crt-stdio-l1-1-0.dll
0x000007fef8190000 - 0x000007fef8194000 	C:\Program Files\Eclipse Adoptium\jdk-17.0.4.101-hotspot\bin\api-ms-win-crt-convert-l1-1-0.dll
0x000007fef7f50000 - 0x000007fef7f53000 	C:\Program Files\Eclipse Adoptium\jdk-17.0.4.101-hotspot\bin\api-ms-win-crt-environment-l1-1-0.dll
0x000007fef7ff0000 - 0x000007fef7ff3000 	C:\Program Files\Eclipse Adoptium\jdk-17.0.4.101-hotspot\bin\api-ms-win-crt-filesystem-l1-1-0.dll
0x000007fef1a10000 - 0x000007fef1a15000 	C:\Program Files\Eclipse Adoptium\jdk-17.0.4.101-hotspot\bin\api-ms-win-crt-math-l1-1-0.dll
0x000007fef1a30000 - 0x000007fef1a33000 	C:\Program Files\Eclipse Adoptium\jdk-17.0.4.101-hotspot\bin\api-ms-win-crt-locale-l1-1-0.dll
0x000007fefdea0000 - 0x000007fefdece000 	C:\Windows\system32\IMM32.DLL
0x000007feffa40000 - 0x000007feffb4b000 	C:\Windows\system32\MSCTF.dll
0x0000000180000000 - 0x0000000180007000 	C:\Program Files\Prio\prio.dll
0x000007feff2c0000 - 0x000007feff39b000 	C:\Windows\system32\ADVAPI32.dll
0x000007feff7c0000 - 0x000007feff7df000 	C:\Windows\SYSTEM32\sechost.dll
0x000007feff500000 - 0x000007feff62c000 	C:\Windows\system32\RPCRT4.dll
0x000007fef1400000 - 0x000007fef140c000 	C:\Program Files\Eclipse Adoptium\jdk-17.0.4.101-hotspot\bin\vcruntime140_1.dll
0x000007feeba70000 - 0x000007feebb01000 	C:\Program Files\Eclipse Adoptium\jdk-17.0.4.101-hotspot\bin\msvcp140.dll
0x000007fef1410000 - 0x000007fef1413000 	C:\Program Files\Eclipse Adoptium\jdk-17.0.4.101-hotspot\bin\api-ms-win-crt-time-l1-1-0.dll
0x000007fef13e0000 - 0x000007fef13e3000 	C:\Program Files\Eclipse Adoptium\jdk-17.0.4.101-hotspot\bin\api-ms-win-crt-utility-l1-1-0.dll
0x000007fee6e50000 - 0x000007fee7a96000 	C:\Program Files\Eclipse Adoptium\jdk-17.0.4.101-hotspot\bin\server\jvm.dll
0x000007fef1a20000 - 0x000007fef1a29000 	C:\Windows\system32\WSOCK32.dll
0x000007feff9e0000 - 0x000007feffa2d000 	C:\Windows\system32\WS2_32.dll
0x000007feffb70000 - 0x000007feffb78000 	C:\Windows\system32\NSI.dll
0x000007fefaf20000 - 0x000007fefaf5b000 	C:\Windows\system32\WINMM.dll
0x000007fefc880000 - 0x000007fefc88c000 	C:\Windows\system32\VERSION.dll
0x0000000077e10000 - 0x0000000077e17000 	C:\Windows\system32\PSAPI.DLL
0x000007fef13f0000 - 0x000007fef13fa000 	C:\Program Files\Eclipse Adoptium\jdk-17.0.4.101-hotspot\bin\jimage.dll
0x000007fefc310000 - 0x000007fefc435000 	C:\Windows\system32\DBGHELP.DLL
0x000007feeb810000 - 0x000007feeb84b000 	C:\Program Files\Eclipse Adoptium\jdk-17.0.4.101-hotspot\bin\jdwp.dll
0x000007fef13c0000 - 0x000007fef13ce000 	C:\Program Files\Eclipse Adoptium\jdk-17.0.4.101-hotspot\bin\instrument.dll
0x000007fef1390000 - 0x000007fef13b5000 	C:\Program Files\Eclipse Adoptium\jdk-17.0.4.101-hotspot\bin\java.dll
0x000007feec920000 - 0x000007feec9f6000 	C:\Program Files\Eclipse Adoptium\jdk-17.0.4.101-hotspot\bin\jsvml.dll
0x000007fefded0000 - 0x000007fefec5b000 	C:\Windows\system32\SHELL32.dll
0x000007feff7e0000 - 0x000007feff9df000 	C:\Windows\system32\ole32.dll
0x000007fefd7c0000 - 0x000007fefd7cf000 	C:\Windows\system32\profapi.dll
0x000007feec910000 - 0x000007feec91c000 	C:\Program Files\Eclipse Adoptium\jdk-17.0.4.101-hotspot\bin\dt_socket.dll
0x000007fefa7c0000 - 0x000007fefa7e7000 	C:\Windows\system32\IPHLPAPI.DLL
0x000007fefa7a0000 - 0x000007fefa7ab000 	C:\Windows\system32\WINNSI.DLL
0x000007fefcf40000 - 0x000007fefcf95000 	C:\Windows\system32\mswsock.dll
0x000007fefc970000 - 0x000007fefc977000 	C:\Windows\System32\wshtcpip.dll
0x000007feeca60000 - 0x000007feeca78000 	C:\Program Files\Eclipse Adoptium\jdk-17.0.4.101-hotspot\bin\zip.dll
0x000007feeca80000 - 0x000007feeca99000 	C:\Program Files\Eclipse Adoptium\jdk-17.0.4.101-hotspot\bin\net.dll
0x000007fef96a0000 - 0x000007fef9711000 	C:\Windows\system32\WINHTTP.dll
0x000007fef9630000 - 0x000007fef9695000 	C:\Windows\system32\webio.dll
0x000007fefcf30000 - 0x000007fefcf37000 	C:\Windows\System32\wship6.dll
0x000007feeb850000 - 0x000007feeb865000 	C:\Program Files\Eclipse Adoptium\jdk-17.0.4.101-hotspot\bin\nio.dll
0x000007fef13d0000 - 0x000007fef13e0000 	C:\Program Files\Eclipse Adoptium\jdk-17.0.4.101-hotspot\bin\verify.dll
0x000007fef1460000 - 0x000007fef1487000 	C:\Users\ivan\.gradle\native\68d5fa5c4cc2d200863cafc0d521ce42e7d3e7ee720ec0a83991735586a16f82\windows-amd64\native-platform.dll
0x000007feeca50000 - 0x000007feeca59000 	C:\Program Files\Eclipse Adoptium\jdk-17.0.4.101-hotspot\bin\management.dll
0x000007feecac0000 - 0x000007feecacb000 	C:\Program Files\Eclipse Adoptium\jdk-17.0.4.101-hotspot\bin\management_ext.dll
0x000007fefcfa0000 - 0x000007fefcfb8000 	C:\Windows\system32\CRYPTSP.dll
0x000007fefcca0000 - 0x000007fefcce7000 	C:\Windows\system32\rsaenh.dll
0x000007fefd840000 - 0x000007fefd85f000 	C:\Windows\system32\USERENV.dll
0x000007fefd600000 - 0x000007fefd60f000 	C:\Windows\system32\CRYPTBASE.dll
0x000007fefa6d0000 - 0x000007fefa6e8000 	C:\Windows\system32\dhcpcsvc.DLL
0x000007fefa6b0000 - 0x000007fefa6c1000 	C:\Windows\system32\dhcpcsvc6.DLL
0x000007feeca40000 - 0x000007feeca4e000 	C:\Program Files\Eclipse Adoptium\jdk-17.0.4.101-hotspot\bin\sunmscapi.dll
0x000007fefd9a0000 - 0x000007fefdb0d000 	C:\Windows\system32\CRYPT32.dll
0x000007fefd7d0000 - 0x000007fefd7df000 	C:\Windows\system32\MSASN1.dll
0x000007fefd170000 - 0x000007fefd1c0000 	C:\Windows\system32\ncrypt.dll
0x000007fefd140000 - 0x000007fefd162000 	C:\Windows\system32\bcrypt.dll
0x000007fefcdc0000 - 0x000007fefce1b000 	C:\Windows\system32\DNSAPI.dll
0x000007fef8770000 - 0x000007fef8778000 	C:\Windows\system32\rasadhlp.dll
0x000007fefa610000 - 0x000007fefa663000 	C:\Windows\System32\fwpuclnt.dll
0x000007fefd6b0000 - 0x000007fefd707000 	C:\Windows\system32\apphelp.dll

dbghelp: loaded successfully - version: 4.0.5 - missing functions: none
symbol engine: initialized successfully - sym options: 0x614 - pdb path: .;C:\Program Files\Eclipse Adoptium\jdk-17.0.4.101-hotspot\bin;C:\Windows\SYSTEM32;C:\Windows\WinSxS\amd64_microsoft.windows.common-controls_6595b64144ccf1df_6.0.7601.24483_none_e372d88f30fbb845;C:\Program Files\Prio;C:\Program Files\Eclipse Adoptium\jdk-17.0.4.101-hotspot\bin\server;C:\Users\ivan\.gradle\native\68d5fa5c4cc2d200863cafc0d521ce42e7d3e7ee720ec0a83991735586a16f82\windows-amd64

VM Arguments:
jvm_args: --add-opens=java.base/java.util.concurrent.atomic=ALL-UNNAMED -agentlib:jdwp=transport=dt_socket,server=n,suspend=y,address=127.0.0.1:13771 --add-opens=java.base/java.util=ALL-UNNAMED --add-opens=java.base/java.lang=ALL-UNNAMED --add-opens=java.base/java.lang.invoke=ALL-UNNAMED --add-opens=java.prefs/java.util.prefs=ALL-UNNAMED --add-opens=java.base/java.nio.charset=ALL-UNNAMED --add-opens=java.base/java.net=ALL-UNNAMED --add-opens=java.base/java.util.concurrent.atomic=ALL-UNNAMED -Xmx3G -Dfile.encoding=windows-1252 -Duser.country=US -Duser.language=en -Duser.variant -javaagent:C:\Users\ivan\.gradle\wrapper\dists\gradle-8.1.1-bin\9wiye5v2saajue4irfo8ybqfp\gradle-8.1.1\lib\agents\gradle-instrumentation-agent-8.1.1.jar 
java_command: org.gradle.launcher.daemon.bootstrap.GradleDaemon 8.1.1
java_class_path (initial): C:\Users\ivan\.gradle\wrapper\dists\gradle-8.1.1-bin\9wiye5v2saajue4irfo8ybqfp\gradle-8.1.1\lib\gradle-launcher-8.1.1.jar
Launcher Type: SUN_STANDARD

[Global flags]
     intx CICompilerCount                          = 3                                         {product} {ergonomic}
     uint ConcGCThreads                            = 1                                         {product} {ergonomic}
     uint G1ConcRefinementThreads                  = 4                                         {product} {ergonomic}
   size_t G1HeapRegionSize                         = 2097152                                   {product} {ergonomic}
    uintx GCDrainStackTargetSize                   = 64                                        {product} {ergonomic}
   size_t InitialHeapSize                          = 201326592                                 {product} {ergonomic}
   size_t MarkStackSize                            = 4194304                                   {product} {ergonomic}
   size_t MaxHeapSize                              = 3221225472                                {product} {command line}
   size_t MaxNewSize                               = 1931476992                                {product} {ergonomic}
   size_t MinHeapDeltaBytes                        = 2097152                                   {product} {ergonomic}
   size_t MinHeapSize                              = 8388608                                   {product} {ergonomic}
    uintx NonNMethodCodeHeapSize                   = 5832780                                {pd product} {ergonomic}
    uintx NonProfiledCodeHeapSize                  = 122912730                              {pd product} {ergonomic}
    uintx ProfiledCodeHeapSize                     = 122912730                              {pd product} {ergonomic}
    uintx ReservedCodeCacheSize                    = 251658240                              {pd product} {ergonomic}
     bool SegmentedCodeCache                       = true                                      {product} {ergonomic}
   size_t SoftMaxHeapSize                          = 3221225472                             {manageable} {ergonomic}
     bool UseCompressedClassPointers               = true                           {product lp64_product} {ergonomic}
     bool UseCompressedOops                        = true                           {product lp64_product} {ergonomic}
     bool UseG1GC                                  = true                                      {product} {ergonomic}
     bool UseLargePagesIndividualAllocation        = false                                  {pd product} {ergonomic}

Logging:
Log output configuration:
 #0: stdout all=warning uptime,level,tags
 #1: stderr all=off uptime,level,tags

Environment Variables:
JAVA_HOME=C:\Program Files\Eclipse Adoptium\jdk-17.0.4.101-hotspot\
PATH=C:\Program Files\Eclipse Adoptium\jdk-17.0.4.101-hotspot\bin;C:\Windows\system32;C:\Windows;C:\Windows\System32\Wbem;C:\Windows\System32\WindowsPowerShell\v1.0\;C:\Program Files\dotnet\;C:\Program Files\Prio;C:\Program Files\Microsoft SQL Server\130\Tools\Binn\;C:\Program Files\Microsoft SQL Server\Client SDK\ODBC\170\Tools\Binn\;C:\Program Files\Git\cmd;C:\Users\ivan\AppData\Local\Programs\Python\Python310\Scripts\;C:\Users\ivan\AppData\Local\Programs\Python\Python310\;C:\Users\ivan\.dotnet\tools;c:\bin
USERNAME=ivan
OS=Windows_NT
PROCESSOR_IDENTIFIER=AMD64 Family 16 Model 5 Stepping 2, AuthenticAMD
TMP=T:\Temp\Temp
TEMP=T:\Temp\Temp



---------------  S Y S T E M  ---------------

OS:
 Windows 7 , 64 bit Build 7601 (6.1.7601.24545)
OS uptime: 4 days 12:02 hours

CPU: total 4 (initial active 4) (4 cores per cpu, 1 threads per core) family 16 model 5 stepping 2 microcode 0x0, cx8, cmov, fxsr, mmx, 3dnowpref, sse, sse2, sse3, sse4a, popcnt, lzcnt, tsc, tscinvbit, clflush

Memory: 4k page, system-wide physical 12286M (5656M free)
TotalPageFile size 24570M (AvailPageFile size 10M)
current process WorkingSet (physical memory assigned to process): 531M, peak: 551M
current process commit charge ("private bytes"): 574M, peak: 615M

vm_info: OpenJDK 64-Bit Server VM (17.0.4.1+1) for windows-amd64 JRE (17.0.4.1+1), built on Aug 17 2022 07:42:43 by "temurin" with MS VC++ 16.7 (VS2019)

END.
