#
# There is insufficient memory for the Java Runtime Environment to continue.
# Native memory allocation (malloc) failed to allocate 32744 bytes for ChunkPool::allocate
# Possible reasons:
#   The system is out of physical RAM or swap space
#   The process is running with CompressedOops enabled, and the Java Heap may be blocking the growth of the native heap
# Possible solutions:
#   Reduce memory load on the system
#   Increase physical memory or swap space
#   Check if swap backing store is full
#   Decrease Java heap size (-Xmx/-Xms)
#   Decrease number of Java threads
#   Decrease Java thread stack sizes (-Xss)
#   Set larger code cache with -XX:ReservedCodeCacheSize=
#   JVM is running with Zero Based Compressed Oops mode in which the Java heap is
#     placed in the first 32GB address space. The Java Heap base address is the
#     maximum limit for the native heap growth. Please use -XX:HeapBaseMinAddress
#     to set the Java Heap base and to place the Java Heap above 32GB virtual address.
# This output file may be truncated or incomplete.
#
#  Out of Memory Error (arena.cpp:78), pid=7888, tid=1588
#
# JRE version: OpenJDK Runtime Environment Temurin-17.0.4.1+1 (17.0.4.1+1) (build 17.0.4.1+1)
# Java VM: OpenJDK 64-Bit Server VM Temurin-17.0.4.1+1 (17.0.4.1+1, mixed mode, sharing, tiered, compressed oops, compressed class ptrs, g1 gc, windows-amd64)
# No core dump will be written. Minidumps are not enabled by default on client versions of Windows
#

---------------  S U M M A R Y ------------

Command Line: --add-opens=java.base/java.util.concurrent.atomic=ALL-UNNAMED -agentlib:jdwp=transport=dt_socket,server=n,suspend=y,address=127.0.0.1:2768 --add-opens=java.base/java.util=ALL-UNNAMED --add-opens=java.base/java.lang=ALL-UNNAMED --add-opens=java.base/java.lang.invoke=ALL-UNNAMED --add-opens=java.prefs/java.util.prefs=ALL-UNNAMED --add-opens=java.base/java.nio.charset=ALL-UNNAMED --add-opens=java.base/java.net=ALL-UNNAMED --add-opens=java.base/java.util.concurrent.atomic=ALL-UNNAMED -Xmx3G -Dfile.encoding=windows-1252 -Duser.country=US -Duser.language=en -Duser.variant -javaagent:C:\Users\ivan\.gradle\wrapper\dists\gradle-8.1.1-bin\9wiye5v2saajue4irfo8ybqfp\gradle-8.1.1\lib\agents\gradle-instrumentation-agent-8.1.1.jar org.gradle.launcher.daemon.bootstrap.GradleDaemon 8.1.1

Host: AMD Athlon(tm) II X4 620 Processor, 4 cores, 11G,  Windows 7 , 64 bit Build 7601 (6.1.7601.24545)
Time: Thu Sep 19 04:41:01 2024 Romance Standard Time elapsed time: 34529.917500 seconds (0d 9h 35m 29s)

---------------  T H R E A D  ---------------

Current thread (0x0000000023607210):  JavaThread "C2 CompilerThread0" daemon [_thread_in_native, id=1588, stack(0x0000000024620000,0x0000000024720000)]


Current CompileTask:
C2:34529917 13741       4       org.gradle.internal.logging.text.AbstractLineChoppingStyledTextOutput::doAppend (43 bytes)

Stack: [0x0000000024620000,0x0000000024720000]
Native frames: (J=compiled Java code, j=interpreted, Vv=VM code, C=native code)
V  [jvm.dll+0x67731a]
V  [jvm.dll+0x832284]
V  [jvm.dll+0x833a2e]
V  [jvm.dll+0x834093]
V  [jvm.dll+0x245775]
V  [jvm.dll+0xabfc0]
V  [jvm.dll+0xac30c]
V  [jvm.dll+0xabe8b]
V  [jvm.dll+0x654846]
V  [jvm.dll+0x653267]
V  [jvm.dll+0x33e3b0]
V  [jvm.dll+0x3448ec]
V  [jvm.dll+0x34a153]
V  [jvm.dll+0x1a810b]
V  [jvm.dll+0x1a7cd8]
V  [jvm.dll+0x2aba74]
V  [jvm.dll+0x68f6a7]
V  [jvm.dll+0x68778b]
V  [jvm.dll+0x686dc7]
V  [jvm.dll+0x684cc2]
V  [jvm.dll+0x1a71cc]
V  [jvm.dll+0x1a7d96]
V  [jvm.dll+0x2aba74]
V  [jvm.dll+0x68f6a7]
V  [jvm.dll+0x68778b]
V  [jvm.dll+0x686dc7]
V  [jvm.dll+0x684cc2]
V  [jvm.dll+0x1a71cc]
V  [jvm.dll+0x1a7d96]
V  [jvm.dll+0x2aba74]
V  [jvm.dll+0x68f6a7]
V  [jvm.dll+0x68778b]
V  [jvm.dll+0x686dc7]
V  [jvm.dll+0x684cc2]
V  [jvm.dll+0x1a71cc]
V  [jvm.dll+0x1a7d96]
V  [jvm.dll+0x2aba74]
V  [jvm.dll+0x68f6a7]
V  [jvm.dll+0x68778b]
V  [jvm.dll+0x686dc7]
V  [jvm.dll+0x684cc2]
V  [jvm.dll+0x1a71cc]
V  [jvm.dll+0x1a7d96]
V  [jvm.dll+0x2aba74]
V  [jvm.dll+0x68f6a7]
V  [jvm.dll+0x68778b]
V  [jvm.dll+0x686dc7]
V  [jvm.dll+0x684cc2]
V  [jvm.dll+0x1a71cc]
V  [jvm.dll+0x1a7d96]
V  [jvm.dll+0x2aba74]
V  [jvm.dll+0x68f6a7]
V  [jvm.dll+0x68778b]
V  [jvm.dll+0x686dc7]
V  [jvm.dll+0x684cc2]
V  [jvm.dll+0x1a71cc]
V  [jvm.dll+0x1a7d96]
V  [jvm.dll+0x2aba74]
V  [jvm.dll+0x68f6a7]
V  [jvm.dll+0x68778b]
V  [jvm.dll+0x686dc7]
V  [jvm.dll+0x684cc2]
V  [jvm.dll+0x1a71cc]
V  [jvm.dll+0x1a7d96]
V  [jvm.dll+0x2aba74]
V  [jvm.dll+0x68f6a7]
V  [jvm.dll+0x68778b]
V  [jvm.dll+0x686dc7]
V  [jvm.dll+0x684cc2]
V  [jvm.dll+0x1a71cc]
V  [jvm.dll+0x1a7d96]
V  [jvm.dll+0x1a7d96]
V  [jvm.dll+0x2aba74]
V  [jvm.dll+0x68f6a7]
V  [jvm.dll+0x68778b]
V  [jvm.dll+0x686dc7]
V  [jvm.dll+0x684cc2]
V  [jvm.dll+0x1a71cc]
V  [jvm.dll+0x1a7d96]
V  [jvm.dll+0x1a7d96]
V  [jvm.dll+0x2aba74]
V  [jvm.dll+0x68f6a7]
V  [jvm.dll+0x68778b]
V  [jvm.dll+0x686dc7]
V  [jvm.dll+0x684cc2]
V  [jvm.dll+0x1a71cc]
V  [jvm.dll+0x1a7d96]
V  [jvm.dll+0x2aba74]
V  [jvm.dll+0x68f6a7]
V  [jvm.dll+0x68778b]
V  [jvm.dll+0x686dc7]
V  [jvm.dll+0x684cc2]
V  [jvm.dll+0x1a71cc]
V  [jvm.dll+0x1a7d96]
V  [jvm.dll+0x1a7d96]
V  [jvm.dll+0x2aba74]
V  [jvm.dll+0x68f6a7]
V  [jvm.dll+0x68778b]
V  [jvm.dll+0x686dc7]
...<more frames>...


---------------  P R O C E S S  ---------------

Threads class SMR info:
_java_thread_list=0x000000002801b9d0, length=72, elements={
0x0000000000339d20, 0x00000000231aa650, 0x00000000231abf90, 0x00000000231bf110,
0x00000000235ff770, 0x0000000023600bf0, 0x0000000023606570, 0x0000000023607210,
0x0000000023670640, 0x0000000023670b50, 0x0000000023191fd0, 0x0000000024eac570,
0x0000000024eedb80, 0x0000000024eee610, 0x0000000024f71310, 0x00000000278e96d0,
0x00000000277580f0, 0x0000000027b929a0, 0x0000000027a8a470, 0x0000000027a87c50,
0x00000000278dbe90, 0x00000000277f1b00, 0x0000000026c1eda0, 0x0000000026c1f270,
0x0000000026c1f740, 0x0000000026c1fc10, 0x0000000026c200e0, 0x0000000026c205b0,
0x0000000026c20a80, 0x0000000026c20f50, 0x0000000026c21420, 0x0000000026c218f0,
0x0000000026c21dc0, 0x0000000026c22290, 0x0000000026c22760, 0x000000002a5e5ef0,
0x000000002a5e6d60, 0x000000002a5e7230, 0x000000002a5e7700, 0x0000000028476820,
0x00000000284771c0, 0x0000000028477690, 0x0000000028477b60, 0x0000000028478030,
0x0000000028478500, 0x0000000028478ea0, 0x000000002847a1e0, 0x000000002fa2e550,
0x000000002fa2ea20, 0x000000002fa2eef0, 0x000000002fa2f3c0, 0x000000002fa2f890,
0x000000002fa30230, 0x000000002fa30700, 0x000000002fa30bd0, 0x000000002fa310a0,
0x000000002fa31570, 0x000000002fa31a40, 0x000000002fa31f10, 0x000000002a308510,
0x000000002a308eb0, 0x000000002a309380, 0x000000002a309850, 0x000000002a309d20,
0x000000002aa87a10, 0x000000002aa87ee0, 0x000000002aa883b0, 0x000000002aa8af00,
0x000000002aa8b3d0, 0x000000002840e770, 0x000000002840ec40, 0x000000002840f110
}

Java Threads: ( => current thread )
  0x0000000000339d20 JavaThread "main" [_thread_blocked, id=4912, stack(0x0000000002220000,0x0000000002320000)]
  0x00000000231aa650 JavaThread "Reference Handler" daemon [_thread_blocked, id=2448, stack(0x0000000024070000,0x0000000024170000)]
  0x00000000231abf90 JavaThread "Finalizer" daemon [_thread_blocked, id=3444, stack(0x0000000023320000,0x0000000023420000)]
  0x00000000231bf110 JavaThread "Signal Dispatcher" daemon [_thread_blocked, id=6088, stack(0x0000000024320000,0x0000000024420000)]
  0x00000000235ff770 JavaThread "Attach Listener" daemon [_thread_blocked, id=2808, stack(0x0000000024500000,0x0000000024600000)]
  0x0000000023600bf0 JavaThread "Service Thread" daemon [_thread_blocked, id=7932, stack(0x0000000024760000,0x0000000024860000)]
  0x0000000023606570 JavaThread "Monitor Deflation Thread" daemon [_thread_blocked, id=6524, stack(0x0000000024940000,0x0000000024a40000)]
=>0x0000000023607210 JavaThread "C2 CompilerThread0" daemon [_thread_in_native, id=1588, stack(0x0000000024620000,0x0000000024720000)]
  0x0000000023670640 JavaThread "C1 CompilerThread0" daemon [_thread_blocked, id=3596, stack(0x0000000024b40000,0x0000000024c40000)]
  0x0000000023670b50 JavaThread "Sweeper thread" daemon [_thread_blocked, id=780, stack(0x0000000024cd0000,0x0000000024dd0000)]
  0x0000000023191fd0 JavaThread "Common-Cleaner" daemon [_thread_blocked, id=5848, stack(0x0000000024a40000,0x0000000024b40000)]
  0x0000000024eac570 JavaThread "JDWP Transport Listener: dt_socket" daemon [_thread_blocked, id=6612, stack(0x00000000253b0000,0x00000000254b0000)]
  0x0000000024eedb80 JavaThread "JDWP Event Helper Thread" daemon [_thread_blocked, id=5920, stack(0x0000000025270000,0x0000000025370000)]
  0x0000000024eee610 JavaThread "JDWP Command Reader" daemon [_thread_in_native, id=7800, stack(0x0000000025660000,0x0000000025760000)]
  0x0000000024f71310 JavaThread "Notification Thread" daemon [_thread_blocked, id=5964, stack(0x0000000025890000,0x0000000025990000)]
  0x00000000278e96d0 JavaThread "Daemon health stats" [_thread_blocked, id=3748, stack(0x0000000028af0000,0x0000000028bf0000)]
  0x00000000277580f0 JavaThread "Incoming local TCP Connector on port 2782" [_thread_in_native, id=2328, stack(0x0000000025b10000,0x0000000025c10000)]
  0x0000000027b929a0 JavaThread "Daemon periodic checks" [_thread_blocked, id=5972, stack(0x0000000028c30000,0x0000000028d30000)]
  0x0000000027a8a470 JavaThread "Daemon" [_thread_blocked, id=5192, stack(0x00000000289a0000,0x0000000028aa0000)]
  0x0000000027a87c50 JavaThread "Handler for socket connection from /127.0.0.1:2782 to /127.0.0.1:2783" [_thread_in_native, id=6824, stack(0x0000000028dd0000,0x0000000028ed0000)]
  0x00000000278dbe90 JavaThread "Cancel handler" [_thread_blocked, id=636, stack(0x00000000298f0000,0x00000000299f0000)]
  0x00000000277f1b00 JavaThread "Daemon worker" [_thread_blocked, id=4712, stack(0x0000000029b50000,0x0000000029c50000)]
  0x0000000026c1eda0 JavaThread "Asynchronous log dispatcher for DefaultDaemonConnection: socket connection from /127.0.0.1:2782 to /127.0.0.1:2783" [_thread_blocked, id=2108, stack(0x0000000029c70000,0x0000000029d70000)]
  0x0000000026c1f270 JavaThread "Stdin handler" [_thread_blocked, id=6692, stack(0x0000000029d90000,0x0000000029e90000)]
  0x0000000026c1f740 JavaThread "Daemon client event forwarder" [_thread_blocked, id=2480, stack(0x0000000029f70000,0x000000002a070000)]
  0x0000000026c1fc10 JavaThread "Cache worker for journal cache (C:\Users\ivan\.gradle\caches\journal-1)" [_thread_blocked, id=8000, stack(0x000000002a0a0000,0x000000002a1a0000)]
  0x0000000026c200e0 JavaThread "File lock request listener" [_thread_in_native, id=2444, stack(0x0000000029a40000,0x0000000029b40000)]
  0x0000000026c205b0 JavaThread "Cache worker for file hash cache (C:\Users\ivan\.gradle\caches\8.1.1\fileHashes)" [_thread_blocked, id=1824, stack(0x000000002b240000,0x000000002b340000)]
  0x0000000026c20a80 JavaThread "Cache worker for checksums cache (N:\Dev\Minecraft-VCS\blocks_you_always_wanted\.gradle\8.1.1\checksums)" [_thread_blocked, id=4820, stack(0x000000002c460000,0x000000002c560000)]
  0x0000000026c20f50 JavaThread "Cache worker for cache directory md-rule (C:\Users\ivan\.gradle\caches\8.1.1\md-rule)" [_thread_blocked, id=6444, stack(0x0000000028870000,0x0000000028970000)]
  0x0000000026c21420 JavaThread "Cache worker for file content cache (C:\Users\ivan\.gradle\caches\8.1.1\fileContent)" [_thread_blocked, id=5628, stack(0x000000002c620000,0x000000002c720000)]
  0x0000000026c218f0 JavaThread "Cache worker for file hash cache (N:\Dev\Minecraft-VCS\blocks_you_always_wanted\.gradle\8.1.1\fileHashes)" [_thread_blocked, id=7864, stack(0x000000002d080000,0x000000002d180000)]
  0x0000000026c21dc0 JavaThread "Cache worker for cache directory md-supplier (C:\Users\ivan\.gradle\caches\8.1.1\md-supplier)" [_thread_blocked, id=2292, stack(0x000000002d1b0000,0x000000002d2b0000)]
  0x0000000026c22290 JavaThread "Cache worker for execution history cache (C:\Users\ivan\.gradle\caches\8.1.1\executionHistory)" [_thread_blocked, id=2980, stack(0x000000002d400000,0x000000002d500000)]
  0x0000000026c22760 JavaThread "jar transforms" [_thread_blocked, id=6272, stack(0x000000002d550000,0x000000002d650000)]
  0x000000002a5e5ef0 JavaThread "jar transforms Thread 2" [_thread_blocked, id=3820, stack(0x0000000028ee0000,0x0000000028fe0000)]
  0x000000002a5e6d60 JavaThread "jar transforms Thread 3" [_thread_blocked, id=5748, stack(0x000000002e090000,0x000000002e190000)]
  0x000000002a5e7230 JavaThread "jar transforms Thread 4" [_thread_blocked, id=5588, stack(0x000000002e400000,0x000000002e500000)]
  0x000000002a5e7700 JavaThread "Unconstrained build operations" [_thread_blocked, id=6492, stack(0x000000002e210000,0x000000002e310000)]
  0x0000000028476820 JavaThread "Unconstrained build operations Thread 2" [_thread_blocked, id=4896, stack(0x000000002e500000,0x000000002e600000)]
  0x00000000284771c0 JavaThread "Cache worker for dependencies-accessors (N:\Dev\Minecraft-VCS\blocks_you_always_wanted\.gradle\8.1.1\dependencies-accessors)" [_thread_blocked, id=6064, stack(0x000000002e630000,0x000000002e730000)]
  0x0000000028477690 JavaThread "Cache worker for Build Output Cleanup Cache (N:\Dev\Minecraft-VCS\blocks_you_always_wanted\.gradle\buildOutputCleanup)" [_thread_blocked, id=4656, stack(0x000000002f190000,0x000000002f290000)]
  0x0000000028477b60 JavaThread "Unconstrained build operations Thread 3" [_thread_blocked, id=6724, stack(0x000000002d6f0000,0x000000002d7f0000)]
  0x0000000028478030 JavaThread "Unconstrained build operations Thread 4" [_thread_blocked, id=3656, stack(0x000000002f330000,0x000000002f430000)]
  0x0000000028478500 JavaThread "Unconstrained build operations Thread 5" [_thread_blocked, id=6932, stack(0x000000002f560000,0x000000002f660000)]
  0x0000000028478ea0 JavaThread "Memory manager" [_thread_blocked, id=5832, stack(0x0000000031450000,0x0000000031550000)]
  0x000000002847a1e0 JavaThread "Exec process" [_thread_in_native, id=2088, stack(0x0000000033040000,0x0000000033140000)]
  0x000000002fa2e550 JavaThread "Exec process Thread 2" [_thread_in_native, id=4740, stack(0x0000000033160000,0x0000000033260000)]
  0x000000002fa2ea20 JavaThread "Exec process Thread 3" [_thread_in_native, id=2460, stack(0x00000000332a0000,0x00000000333a0000)]
  0x000000002fa2eef0 JavaThread "Unconstrained build operations Thread 6" [_thread_blocked, id=4448, stack(0x0000000032660000,0x0000000032760000)]
  0x000000002fa2f3c0 JavaThread "Unconstrained build operations Thread 7" [_thread_blocked, id=4068, stack(0x0000000030940000,0x0000000030a40000)]
  0x000000002fa2f890 JavaThread "Unconstrained build operations Thread 8" [_thread_blocked, id=5116, stack(0x0000000033700000,0x0000000033800000)]
  0x000000002fa30230 JavaThread "Unconstrained build operations Thread 9" [_thread_blocked, id=5376, stack(0x0000000033510000,0x0000000033610000)]
  0x000000002fa30700 JavaThread "Unconstrained build operations Thread 10" [_thread_blocked, id=7236, stack(0x00000000338d0000,0x00000000339d0000)]
  0x000000002fa30bd0 JavaThread "Unconstrained build operations Thread 11" [_thread_blocked, id=1276, stack(0x0000000035040000,0x0000000035140000)]
  0x000000002fa310a0 JavaThread "included builds" [_thread_blocked, id=5056, stack(0x00000000333b0000,0x00000000334b0000)]
  0x000000002fa31570 JavaThread "Execution worker" [_thread_blocked, id=1784, stack(0x0000000025770000,0x0000000025870000)]
  0x000000002fa31a40 JavaThread "Execution worker Thread 2" [_thread_blocked, id=1056, stack(0x0000000036a40000,0x0000000036b40000)]
  0x000000002fa31f10 JavaThread "Execution worker Thread 3" [_thread_blocked, id=800, stack(0x0000000036b90000,0x0000000036c90000)]
  0x000000002a308510 JavaThread "Cache worker for execution history cache (N:\Dev\Minecraft-VCS\blocks_you_always_wanted\.gradle\8.1.1\executionHistory)" [_thread_blocked, id=8088, stack(0x0000000036da0000,0x0000000036ea0000)]
  0x000000002a308eb0 JavaThread "Unconstrained build operations Thread 12" [_thread_blocked, id=6308, stack(0x0000000036890000,0x0000000036990000)]
  0x000000002a309380 JavaThread "Unconstrained build operations Thread 13" [_thread_blocked, id=4160, stack(0x0000000036f90000,0x0000000037090000)]
  0x000000002a309850 JavaThread "Unconstrained build operations Thread 14" [_thread_blocked, id=3200, stack(0x00000000371a0000,0x00000000372a0000)]
  0x000000002a309d20 JavaThread "Cache worker for Java compile cache (C:\Users\ivan\.gradle\caches\8.1.1\javaCompile)" [_thread_blocked, id=224, stack(0x0000000036780000,0x0000000036880000)]
  0x000000002aa87a10 JavaThread "Build operations" [_thread_blocked, id=6640, stack(0x00000000372b0000,0x00000000373b0000)]
  0x000000002aa87ee0 JavaThread "Build operations Thread 2" [_thread_blocked, id=6332, stack(0x0000000036ca0000,0x0000000036da0000)]
  0x000000002aa883b0 JavaThread "Build operations Thread 3" [_thread_blocked, id=2960, stack(0x0000000038d50000,0x0000000038e50000)]
  0x000000002aa8af00 JavaThread "Unconstrained build operations Thread 15" [_thread_blocked, id=3216, stack(0x000000003a220000,0x000000003a320000)]
  0x000000002aa8b3d0 JavaThread "Unconstrained build operations Thread 16" [_thread_blocked, id=116, stack(0x0000000030b00000,0x0000000030c00000)]
  0x000000002840e770 JavaThread "Unconstrained build operations Thread 17" [_thread_blocked, id=8076, stack(0x000000003b0c0000,0x000000003b1c0000)]
  0x000000002840ec40 JavaThread "Unconstrained build operations Thread 18" [_thread_blocked, id=3272, stack(0x000000003b230000,0x000000003b330000)]
  0x000000002840f110 JavaThread "Unconstrained build operations Thread 19" [_thread_blocked, id=3984, stack(0x000000003b450000,0x000000003b550000)]

Other Threads:
  0x00000000231a2bb0 VMThread "VM Thread" [stack: 0x0000000024170000,0x0000000024270000] [id=3152]
  0x0000000024f74c70 WatcherThread [stack: 0x00000000259c0000,0x0000000025ac0000] [id=5528]
  0x0000000000397f70 GCTaskThread "GC Thread#0" [stack: 0x0000000020820000,0x0000000020920000] [id=4736]
  0x0000000025f58490 GCTaskThread "GC Thread#1" [stack: 0x00000000254f0000,0x00000000255f0000] [id=7456]
  0x0000000025f58740 GCTaskThread "GC Thread#2" [stack: 0x0000000026590000,0x0000000026690000] [id=5548]
  0x0000000025f589f0 GCTaskThread "GC Thread#3" [stack: 0x00000000266b0000,0x00000000267b0000] [id=2544]
  0x00000000003a4dc0 ConcurrentGCThread "G1 Main Marker" [stack: 0x0000000020a00000,0x0000000020b00000] [id=4404]
  0x00000000003a56e0 ConcurrentGCThread "G1 Conc#0" [stack: 0x0000000020c90000,0x0000000020d90000] [id=6320]
  0x0000000023139e40 ConcurrentGCThread "G1 Refine#0" [stack: 0x00000000231e0000,0x00000000232e0000] [id=6036]
  0x00000000283388a0 ConcurrentGCThread "G1 Refine#1" [stack: 0x000000002d2e0000,0x000000002d3e0000] [id=1464]
  0x000000002b061e40 ConcurrentGCThread "G1 Refine#2" [stack: 0x0000000038e80000,0x0000000038f80000] [id=4400]
  0x000000002313c330 ConcurrentGCThread "G1 Service" [stack: 0x0000000023420000,0x0000000023520000] [id=5460]

Threads with active compile tasks:
C2 CompilerThread0  34530222 13741       4       org.gradle.internal.logging.text.AbstractLineChoppingStyledTextOutput::doAppend (43 bytes)

VM state: not at safepoint (normal execution)

VM Mutex/Monitor currently owned by a thread: None

Heap address: 0x0000000740000000, size: 3072 MB, Compressed Oops mode: Zero based, Oop shift amount: 3

CDS archive(s) mapped at: [0x0000000800000000-0x0000000800bc0000-0x0000000800bc0000), size 12320768, SharedBaseAddress: 0x0000000800000000, ArchiveRelocationMode: 0.
Compressed class space mapped at: 0x0000000800c00000-0x0000000840c00000, reserved size: 1073741824
Narrow klass base: 0x0000000800000000, Narrow klass shift: 0, Narrow klass range: 0x100000000

GC Precious Log:
 CPUs: 4 total, 4 available
 Memory: 12286M
 Large Page Support: Disabled
 NUMA Support: Disabled
 Compressed Oops: Enabled (Zero based)
 Heap Region Size: 2M
 Heap Min Capacity: 8M
 Heap Initial Capacity: 192M
 Heap Max Capacity: 3G
 Pre-touch: Disabled
 Parallel Workers: 4
 Concurrent Workers: 1
 Concurrent Refinement Workers: 4
 Periodic GC: Disabled

Heap:
 garbage-first heap   total 352256K, used 243482K [0x0000000740000000, 0x0000000800000000)
  region size 2048K, 67 young (137216K), 5 survivors (10240K)
 Metaspace       used 82580K, committed 83328K, reserved 1122304K
  class space    used 11118K, committed 11456K, reserved 1048576K

Heap Regions: E=young(eden), S=young(survivor), O=old, HS=humongous(starts), HC=humongous(continues), CS=collection set, F=free, OA=open archive, CA=closed archive, TAMS=top-at-mark-start (previous, next)
|   0|0x0000000740000000, 0x0000000740200000, 0x0000000740200000|100%| O|  |TAMS 0x0000000740200000, 0x0000000740200000| Untracked 
|   1|0x0000000740200000, 0x0000000740400000, 0x0000000740400000|100%|HS|  |TAMS 0x0000000740400000, 0x0000000740400000| Complete 
|   2|0x0000000740400000, 0x0000000740600000, 0x0000000740600000|100%|HC|  |TAMS 0x0000000740600000, 0x0000000740600000| Complete 
|   3|0x0000000740600000, 0x0000000740800000, 0x0000000740800000|100%| O|  |TAMS 0x0000000740800000, 0x0000000740800000| Untracked 
|   4|0x0000000740800000, 0x0000000740a00000, 0x0000000740a00000|100%| O|  |TAMS 0x0000000740a00000, 0x0000000740a00000| Untracked 
|   5|0x0000000740a00000, 0x0000000740c00000, 0x0000000740c00000|100%| O|  |TAMS 0x0000000740c00000, 0x0000000740c00000| Untracked 
|   6|0x0000000740c00000, 0x0000000740e00000, 0x0000000740e00000|100%| O|  |TAMS 0x0000000740e00000, 0x0000000740e00000| Untracked 
|   7|0x0000000740e00000, 0x0000000741000000, 0x0000000741000000|100%| O|  |TAMS 0x0000000741000000, 0x0000000741000000| Untracked 
|   8|0x0000000741000000, 0x0000000741200000, 0x0000000741200000|100%| O|  |TAMS 0x0000000741200000, 0x0000000741200000| Untracked 
|   9|0x0000000741200000, 0x0000000741400000, 0x0000000741400000|100%| O|  |TAMS 0x0000000741400000, 0x0000000741400000| Untracked 
|  10|0x0000000741400000, 0x000000074150d000, 0x0000000741600000| 52%| O|  |TAMS 0x000000074150d000, 0x000000074150d000| Untracked 
|  11|0x0000000741600000, 0x0000000741800000, 0x0000000741800000|100%| O|  |TAMS 0x0000000741800000, 0x0000000741800000| Untracked 
|  12|0x0000000741800000, 0x0000000741a00000, 0x0000000741a00000|100%| O|  |TAMS 0x0000000741a00000, 0x0000000741a00000| Untracked 
|  13|0x0000000741a00000, 0x0000000741c00000, 0x0000000741c00000|100%| O|  |TAMS 0x0000000741c00000, 0x0000000741c00000| Untracked 
|  14|0x0000000741c00000, 0x0000000741e00000, 0x0000000741e00000|100%| O|  |TAMS 0x0000000741e00000, 0x0000000741e00000| Untracked 
|  15|0x0000000741e00000, 0x0000000742000000, 0x0000000742000000|100%| O|  |TAMS 0x0000000742000000, 0x0000000742000000| Untracked 
|  16|0x0000000742000000, 0x0000000742200000, 0x0000000742200000|100%|HS|  |TAMS 0x0000000742200000, 0x0000000742200000| Complete 
|  17|0x0000000742200000, 0x0000000742400000, 0x0000000742400000|100%| O|  |TAMS 0x0000000742400000, 0x0000000742400000| Untracked 
|  18|0x0000000742400000, 0x0000000742600000, 0x0000000742600000|100%| O|  |TAMS 0x0000000742600000, 0x0000000742600000| Untracked 
|  19|0x0000000742600000, 0x0000000742800000, 0x0000000742800000|100%| O|  |TAMS 0x0000000742800000, 0x0000000742800000| Untracked 
|  20|0x0000000742800000, 0x0000000742a00000, 0x0000000742a00000|100%| O|  |TAMS 0x0000000742a00000, 0x0000000742a00000| Untracked 
|  21|0x0000000742a00000, 0x0000000742c00000, 0x0000000742c00000|100%| O|  |TAMS 0x0000000742c00000, 0x0000000742c00000| Untracked 
|  22|0x0000000742c00000, 0x0000000742e00000, 0x0000000742e00000|100%| O|  |TAMS 0x0000000742e00000, 0x0000000742e00000| Untracked 
|  23|0x0000000742e00000, 0x0000000743000000, 0x0000000743000000|100%| O|  |TAMS 0x0000000743000000, 0x0000000743000000| Untracked 
|  24|0x0000000743000000, 0x0000000743200000, 0x0000000743200000|100%| O|  |TAMS 0x0000000743200000, 0x0000000743200000| Untracked 
|  25|0x0000000743200000, 0x0000000743400000, 0x0000000743400000|100%| O|  |TAMS 0x0000000743400000, 0x0000000743400000| Untracked 
|  26|0x0000000743400000, 0x0000000743600000, 0x0000000743600000|100%| O|  |TAMS 0x000000074357a800, 0x0000000743600000| Untracked 
|  27|0x0000000743600000, 0x0000000743600000, 0x0000000743800000|  0%| F|  |TAMS 0x0000000743600000, 0x0000000743600000| Untracked 
|  28|0x0000000743800000, 0x0000000743a00000, 0x0000000743a00000|100%| O|  |TAMS 0x0000000743800000, 0x0000000743800000| Untracked 
|  29|0x0000000743a00000, 0x0000000743c00000, 0x0000000743c00000|100%| O|  |TAMS 0x0000000743a00000, 0x0000000743a00000| Untracked 
|  30|0x0000000743c00000, 0x0000000743e00000, 0x0000000743e00000|100%| O|  |TAMS 0x0000000743c00000, 0x0000000743c00000| Untracked 
|  31|0x0000000743e00000, 0x0000000744000000, 0x0000000744000000|100%| O|  |TAMS 0x0000000743e00000, 0x0000000743e00000| Untracked 
|  32|0x0000000744000000, 0x0000000744200000, 0x0000000744200000|100%| O|  |TAMS 0x0000000744000000, 0x0000000744000000| Untracked 
|  33|0x0000000744200000, 0x0000000744400000, 0x0000000744400000|100%| O|  |TAMS 0x0000000744200000, 0x0000000744200000| Untracked 
|  34|0x0000000744400000, 0x0000000744600000, 0x0000000744600000|100%| O|  |TAMS 0x0000000744400000, 0x0000000744400000| Untracked 
|  35|0x0000000744600000, 0x0000000744800000, 0x0000000744800000|100%| O|  |TAMS 0x0000000744600000, 0x0000000744600000| Untracked 
|  36|0x0000000744800000, 0x0000000744a00000, 0x0000000744a00000|100%| O|  |TAMS 0x0000000744800000, 0x0000000744800000| Untracked 
|  37|0x0000000744a00000, 0x0000000744c00000, 0x0000000744c00000|100%| O|  |TAMS 0x0000000744a00000, 0x0000000744a00000| Untracked 
|  38|0x0000000744c00000, 0x0000000744e00000, 0x0000000744e00000|100%| O|  |TAMS 0x0000000744c00000, 0x0000000744db4000| Untracked 
|  39|0x0000000744e00000, 0x0000000745000000, 0x0000000745000000|100%| O|  |TAMS 0x0000000744e00000, 0x0000000744e00000| Untracked 
|  40|0x0000000745000000, 0x0000000745200000, 0x0000000745200000|100%| O|  |TAMS 0x0000000745000000, 0x0000000745000000| Untracked 
|  41|0x0000000745200000, 0x0000000745400000, 0x0000000745400000|100%| O|  |TAMS 0x0000000745200000, 0x0000000745200000| Untracked 
|  42|0x0000000745400000, 0x0000000745600000, 0x0000000745600000|100%|HS|  |TAMS 0x0000000745400000, 0x0000000745400000| Complete 
|  43|0x0000000745600000, 0x0000000745800000, 0x0000000745800000|100%| O|  |TAMS 0x0000000745600000, 0x0000000745600000| Untracked 
|  44|0x0000000745800000, 0x0000000745a00000, 0x0000000745a00000|100%| O|  |TAMS 0x0000000745800000, 0x0000000745800000| Untracked 
|  45|0x0000000745a00000, 0x0000000745b55000, 0x0000000745c00000| 66%| O|  |TAMS 0x0000000745a00000, 0x0000000745a00000| Untracked 
|  46|0x0000000745c00000, 0x0000000745c00000, 0x0000000745e00000|  0%| F|  |TAMS 0x0000000745c00000, 0x0000000745c00000| Untracked 
|  47|0x0000000745e00000, 0x0000000745e00000, 0x0000000746000000|  0%| F|  |TAMS 0x0000000745e00000, 0x0000000745e00000| Untracked 
|  48|0x0000000746000000, 0x0000000746000000, 0x0000000746200000|  0%| F|  |TAMS 0x0000000746000000, 0x0000000746000000| Untracked 
|  49|0x0000000746200000, 0x0000000746200000, 0x0000000746400000|  0%| F|  |TAMS 0x0000000746200000, 0x0000000746200000| Untracked 
|  50|0x0000000746400000, 0x0000000746400000, 0x0000000746600000|  0%| F|  |TAMS 0x0000000746400000, 0x0000000746400000| Untracked 
|  51|0x0000000746600000, 0x0000000746600000, 0x0000000746800000|  0%| F|  |TAMS 0x0000000746600000, 0x0000000746600000| Untracked 
|  52|0x0000000746800000, 0x0000000746800000, 0x0000000746a00000|  0%| F|  |TAMS 0x0000000746800000, 0x0000000746800000| Untracked 
|  53|0x0000000746a00000, 0x0000000746a00000, 0x0000000746c00000|  0%| F|  |TAMS 0x0000000746a00000, 0x0000000746a00000| Untracked 
|  54|0x0000000746c00000, 0x0000000746c00000, 0x0000000746e00000|  0%| F|  |TAMS 0x0000000746c00000, 0x0000000746c00000| Untracked 
|  55|0x0000000746e00000, 0x0000000746e00000, 0x0000000747000000|  0%| F|  |TAMS 0x0000000746e00000, 0x0000000746e00000| Untracked 
|  56|0x0000000747000000, 0x0000000747000000, 0x0000000747200000|  0%| F|  |TAMS 0x0000000747000000, 0x0000000747000000| Untracked 
|  57|0x0000000747200000, 0x0000000747200000, 0x0000000747400000|  0%| F|  |TAMS 0x0000000747200000, 0x0000000747200000| Untracked 
|  58|0x0000000747400000, 0x0000000747400000, 0x0000000747600000|  0%| F|  |TAMS 0x0000000747400000, 0x0000000747400000| Untracked 
|  59|0x0000000747600000, 0x0000000747600000, 0x0000000747800000|  0%| F|  |TAMS 0x0000000747600000, 0x0000000747600000| Untracked 
|  60|0x0000000747800000, 0x0000000747800000, 0x0000000747a00000|  0%| F|  |TAMS 0x0000000747800000, 0x0000000747800000| Untracked 
|  61|0x0000000747a00000, 0x0000000747a00000, 0x0000000747c00000|  0%| F|  |TAMS 0x0000000747a00000, 0x0000000747a00000| Untracked 
|  62|0x0000000747c00000, 0x0000000747c00000, 0x0000000747e00000|  0%| F|  |TAMS 0x0000000747c00000, 0x0000000747c00000| Untracked 
|  63|0x0000000747e00000, 0x0000000747e00000, 0x0000000748000000|  0%| F|  |TAMS 0x0000000747e00000, 0x0000000747e00000| Untracked 
|  64|0x0000000748000000, 0x0000000748000000, 0x0000000748200000|  0%| F|  |TAMS 0x0000000748000000, 0x0000000748000000| Untracked 
|  65|0x0000000748200000, 0x0000000748200000, 0x0000000748400000|  0%| F|  |TAMS 0x0000000748200000, 0x0000000748200000| Untracked 
|  66|0x0000000748400000, 0x0000000748400000, 0x0000000748600000|  0%| F|  |TAMS 0x0000000748400000, 0x0000000748400000| Untracked 
|  67|0x0000000748600000, 0x0000000748600000, 0x0000000748800000|  0%| F|  |TAMS 0x0000000748600000, 0x0000000748600000| Untracked 
|  68|0x0000000748800000, 0x0000000748800000, 0x0000000748a00000|  0%| F|  |TAMS 0x0000000748800000, 0x0000000748800000| Untracked 
|  69|0x0000000748a00000, 0x0000000748a00000, 0x0000000748c00000|  0%| F|  |TAMS 0x0000000748a00000, 0x0000000748a00000| Untracked 
|  70|0x0000000748c00000, 0x0000000748c00000, 0x0000000748e00000|  0%| F|  |TAMS 0x0000000748c00000, 0x0000000748c00000| Untracked 
|  71|0x0000000748e00000, 0x0000000748e00000, 0x0000000749000000|  0%| F|  |TAMS 0x0000000748e00000, 0x0000000748e00000| Untracked 
|  72|0x0000000749000000, 0x0000000749000000, 0x0000000749200000|  0%| F|  |TAMS 0x0000000749000000, 0x0000000749000000| Untracked 
|  73|0x0000000749200000, 0x0000000749200000, 0x0000000749400000|  0%| F|  |TAMS 0x0000000749200000, 0x0000000749200000| Untracked 
|  74|0x0000000749400000, 0x0000000749400000, 0x0000000749600000|  0%| F|  |TAMS 0x0000000749400000, 0x0000000749400000| Untracked 
|  75|0x0000000749600000, 0x0000000749600000, 0x0000000749800000|  0%| F|  |TAMS 0x0000000749600000, 0x0000000749600000| Untracked 
|  76|0x0000000749800000, 0x0000000749800000, 0x0000000749a00000|  0%| F|  |TAMS 0x0000000749800000, 0x0000000749800000| Untracked 
|  77|0x0000000749a00000, 0x0000000749b64bc8, 0x0000000749c00000| 69%| S|CS|TAMS 0x0000000749a00000, 0x0000000749a00000| Complete 
|  78|0x0000000749c00000, 0x0000000749e00000, 0x0000000749e00000|100%| S|CS|TAMS 0x0000000749c00000, 0x0000000749c00000| Complete 
|  79|0x0000000749e00000, 0x000000074a000000, 0x000000074a000000|100%| S|CS|TAMS 0x0000000749e00000, 0x0000000749e00000| Complete 
|  80|0x000000074a000000, 0x000000074a000000, 0x000000074a200000|  0%| F|  |TAMS 0x000000074a000000, 0x000000074a000000| Untracked 
|  81|0x000000074a200000, 0x000000074a200000, 0x000000074a400000|  0%| F|  |TAMS 0x000000074a200000, 0x000000074a200000| Untracked 
|  82|0x000000074a400000, 0x000000074a400000, 0x000000074a600000|  0%| F|  |TAMS 0x000000074a400000, 0x000000074a400000| Untracked 
|  83|0x000000074a600000, 0x000000074a600000, 0x000000074a800000|  0%| F|  |TAMS 0x000000074a600000, 0x000000074a600000| Untracked 
|  84|0x000000074a800000, 0x000000074aa00000, 0x000000074aa00000|100%| S|CS|TAMS 0x000000074a800000, 0x000000074a800000| Complete 
|  85|0x000000074aa00000, 0x000000074ac00000, 0x000000074ac00000|100%| S|CS|TAMS 0x000000074aa00000, 0x000000074aa00000| Complete 
|  86|0x000000074ac00000, 0x000000074ac00000, 0x000000074ae00000|  0%| F|  |TAMS 0x000000074ac00000, 0x000000074ac00000| Untracked 
|  87|0x000000074ae00000, 0x000000074ae00000, 0x000000074b000000|  0%| F|  |TAMS 0x000000074ae00000, 0x000000074ae00000| Untracked 
|  88|0x000000074b000000, 0x000000074b000000, 0x000000074b200000|  0%| F|  |TAMS 0x000000074b000000, 0x000000074b000000| Untracked 
|  89|0x000000074b200000, 0x000000074b200000, 0x000000074b400000|  0%| F|  |TAMS 0x000000074b200000, 0x000000074b200000| Untracked 
|  90|0x000000074b400000, 0x000000074b400000, 0x000000074b600000|  0%| F|  |TAMS 0x000000074b400000, 0x000000074b400000| Untracked 
|  91|0x000000074b600000, 0x000000074b600000, 0x000000074b800000|  0%| F|  |TAMS 0x000000074b600000, 0x000000074b600000| Untracked 
|  92|0x000000074b800000, 0x000000074b800000, 0x000000074ba00000|  0%| F|  |TAMS 0x000000074b800000, 0x000000074b800000| Untracked 
|  93|0x000000074ba00000, 0x000000074ba00000, 0x000000074bc00000|  0%| F|  |TAMS 0x000000074ba00000, 0x000000074ba00000| Untracked 
|  94|0x000000074bc00000, 0x000000074bc00000, 0x000000074be00000|  0%| F|  |TAMS 0x000000074bc00000, 0x000000074bc00000| Untracked 
|  95|0x000000074be00000, 0x000000074be00000, 0x000000074c000000|  0%| F|  |TAMS 0x000000074be00000, 0x000000074be00000| Untracked 
|  96|0x000000074c000000, 0x000000074c000000, 0x000000074c200000|  0%| F|  |TAMS 0x000000074c000000, 0x000000074c000000| Untracked 
|  97|0x000000074c200000, 0x000000074c200000, 0x000000074c400000|  0%| F|  |TAMS 0x000000074c200000, 0x000000074c200000| Untracked 
|  98|0x000000074c400000, 0x000000074c400000, 0x000000074c600000|  0%| F|  |TAMS 0x000000074c400000, 0x000000074c400000| Untracked 
|  99|0x000000074c600000, 0x000000074c600000, 0x000000074c800000|  0%| F|  |TAMS 0x000000074c600000, 0x000000074c600000| Untracked 
| 100|0x000000074c800000, 0x000000074c800000, 0x000000074ca00000|  0%| F|  |TAMS 0x000000074c800000, 0x000000074c800000| Untracked 
| 101|0x000000074ca00000, 0x000000074cb7bbc0, 0x000000074cc00000| 74%| E|  |TAMS 0x000000074ca00000, 0x000000074ca00000| Complete 
| 102|0x000000074cc00000, 0x000000074ce00000, 0x000000074ce00000|100%| E|CS|TAMS 0x000000074cc00000, 0x000000074cc00000| Complete 
| 103|0x000000074ce00000, 0x000000074d000000, 0x000000074d000000|100%| E|CS|TAMS 0x000000074ce00000, 0x000000074ce00000| Complete 
| 104|0x000000074d000000, 0x000000074d200000, 0x000000074d200000|100%| E|CS|TAMS 0x000000074d000000, 0x000000074d000000| Complete 
| 105|0x000000074d200000, 0x000000074d400000, 0x000000074d400000|100%| E|CS|TAMS 0x000000074d200000, 0x000000074d200000| Complete 
| 106|0x000000074d400000, 0x000000074d600000, 0x000000074d600000|100%| E|CS|TAMS 0x000000074d400000, 0x000000074d400000| Complete 
| 107|0x000000074d600000, 0x000000074d800000, 0x000000074d800000|100%| E|CS|TAMS 0x000000074d600000, 0x000000074d600000| Complete 
| 108|0x000000074d800000, 0x000000074da00000, 0x000000074da00000|100%| E|CS|TAMS 0x000000074d800000, 0x000000074d800000| Complete 
| 109|0x000000074da00000, 0x000000074dc00000, 0x000000074dc00000|100%| E|CS|TAMS 0x000000074da00000, 0x000000074da00000| Complete 
| 110|0x000000074dc00000, 0x000000074de00000, 0x000000074de00000|100%| E|CS|TAMS 0x000000074dc00000, 0x000000074dc00000| Complete 
| 111|0x000000074de00000, 0x000000074e000000, 0x000000074e000000|100%| E|CS|TAMS 0x000000074de00000, 0x000000074de00000| Complete 
| 112|0x000000074e000000, 0x000000074e200000, 0x000000074e200000|100%| E|CS|TAMS 0x000000074e000000, 0x000000074e000000| Complete 
| 113|0x000000074e200000, 0x000000074e400000, 0x000000074e400000|100%| E|CS|TAMS 0x000000074e200000, 0x000000074e200000| Complete 
| 114|0x000000074e400000, 0x000000074e600000, 0x000000074e600000|100%| E|CS|TAMS 0x000000074e400000, 0x000000074e400000| Complete 
| 115|0x000000074e600000, 0x000000074e800000, 0x000000074e800000|100%| E|CS|TAMS 0x000000074e600000, 0x000000074e600000| Complete 
| 116|0x000000074e800000, 0x000000074ea00000, 0x000000074ea00000|100%| E|CS|TAMS 0x000000074e800000, 0x000000074e800000| Complete 
| 117|0x000000074ea00000, 0x000000074ec00000, 0x000000074ec00000|100%| E|CS|TAMS 0x000000074ea00000, 0x000000074ea00000| Complete 
| 118|0x000000074ec00000, 0x000000074ee00000, 0x000000074ee00000|100%| E|CS|TAMS 0x000000074ec00000, 0x000000074ec00000| Complete 
| 119|0x000000074ee00000, 0x000000074f000000, 0x000000074f000000|100%| E|CS|TAMS 0x000000074ee00000, 0x000000074ee00000| Complete 
| 120|0x000000074f000000, 0x000000074f200000, 0x000000074f200000|100%| E|CS|TAMS 0x000000074f000000, 0x000000074f000000| Complete 
| 121|0x000000074f200000, 0x000000074f400000, 0x000000074f400000|100%| E|CS|TAMS 0x000000074f200000, 0x000000074f200000| Complete 
| 122|0x000000074f400000, 0x000000074f600000, 0x000000074f600000|100%| E|CS|TAMS 0x000000074f400000, 0x000000074f400000| Complete 
| 123|0x000000074f600000, 0x000000074f800000, 0x000000074f800000|100%| E|CS|TAMS 0x000000074f600000, 0x000000074f600000| Complete 
| 124|0x000000074f800000, 0x000000074fa00000, 0x000000074fa00000|100%| E|CS|TAMS 0x000000074f800000, 0x000000074f800000| Complete 
| 125|0x000000074fa00000, 0x000000074fc00000, 0x000000074fc00000|100%| E|CS|TAMS 0x000000074fa00000, 0x000000074fa00000| Complete 
| 126|0x000000074fc00000, 0x000000074fe00000, 0x000000074fe00000|100%| E|CS|TAMS 0x000000074fc00000, 0x000000074fc00000| Complete 
| 127|0x000000074fe00000, 0x0000000750000000, 0x0000000750000000|100%| E|CS|TAMS 0x000000074fe00000, 0x000000074fe00000| Complete 
| 128|0x0000000750000000, 0x0000000750200000, 0x0000000750200000|100%| E|CS|TAMS 0x0000000750000000, 0x0000000750000000| Complete 
| 129|0x0000000750200000, 0x0000000750400000, 0x0000000750400000|100%| E|CS|TAMS 0x0000000750200000, 0x0000000750200000| Complete 
| 130|0x0000000750400000, 0x0000000750600000, 0x0000000750600000|100%| E|CS|TAMS 0x0000000750400000, 0x0000000750400000| Complete 
| 131|0x0000000750600000, 0x0000000750800000, 0x0000000750800000|100%| E|CS|TAMS 0x0000000750600000, 0x0000000750600000| Complete 
| 132|0x0000000750800000, 0x0000000750a00000, 0x0000000750a00000|100%| E|CS|TAMS 0x0000000750800000, 0x0000000750800000| Complete 
| 133|0x0000000750a00000, 0x0000000750c00000, 0x0000000750c00000|100%| E|CS|TAMS 0x0000000750a00000, 0x0000000750a00000| Complete 
| 134|0x0000000750c00000, 0x0000000750e00000, 0x0000000750e00000|100%| E|CS|TAMS 0x0000000750c00000, 0x0000000750c00000| Complete 
| 135|0x0000000750e00000, 0x0000000751000000, 0x0000000751000000|100%| E|CS|TAMS 0x0000000750e00000, 0x0000000750e00000| Complete 
| 136|0x0000000751000000, 0x0000000751200000, 0x0000000751200000|100%| E|CS|TAMS 0x0000000751000000, 0x0000000751000000| Complete 
| 137|0x0000000751200000, 0x0000000751400000, 0x0000000751400000|100%| E|CS|TAMS 0x0000000751200000, 0x0000000751200000| Complete 
| 138|0x0000000751400000, 0x0000000751600000, 0x0000000751600000|100%| E|CS|TAMS 0x0000000751400000, 0x0000000751400000| Complete 
| 139|0x0000000751600000, 0x0000000751800000, 0x0000000751800000|100%| E|CS|TAMS 0x0000000751600000, 0x0000000751600000| Complete 
| 140|0x0000000751800000, 0x0000000751a00000, 0x0000000751a00000|100%| E|CS|TAMS 0x0000000751800000, 0x0000000751800000| Complete 
| 141|0x0000000751a00000, 0x0000000751c00000, 0x0000000751c00000|100%| E|CS|TAMS 0x0000000751a00000, 0x0000000751a00000| Complete 
| 142|0x0000000751c00000, 0x0000000751e00000, 0x0000000751e00000|100%| E|CS|TAMS 0x0000000751c00000, 0x0000000751c00000| Complete 
| 143|0x0000000751e00000, 0x0000000752000000, 0x0000000752000000|100%| E|CS|TAMS 0x0000000751e00000, 0x0000000751e00000| Complete 
| 144|0x0000000752000000, 0x0000000752200000, 0x0000000752200000|100%| E|CS|TAMS 0x0000000752000000, 0x0000000752000000| Complete 
| 145|0x0000000752200000, 0x0000000752400000, 0x0000000752400000|100%| E|CS|TAMS 0x0000000752200000, 0x0000000752200000| Complete 
| 146|0x0000000752400000, 0x0000000752600000, 0x0000000752600000|100%| E|CS|TAMS 0x0000000752400000, 0x0000000752400000| Complete 
| 147|0x0000000752600000, 0x0000000752800000, 0x0000000752800000|100%| E|CS|TAMS 0x0000000752600000, 0x0000000752600000| Complete 
| 148|0x0000000752800000, 0x0000000752a00000, 0x0000000752a00000|100%| E|CS|TAMS 0x0000000752800000, 0x0000000752800000| Complete 
| 149|0x0000000752a00000, 0x0000000752c00000, 0x0000000752c00000|100%| E|CS|TAMS 0x0000000752a00000, 0x0000000752a00000| Complete 
| 150|0x0000000752c00000, 0x0000000752e00000, 0x0000000752e00000|100%| E|CS|TAMS 0x0000000752c00000, 0x0000000752c00000| Complete 
| 151|0x0000000752e00000, 0x0000000753000000, 0x0000000753000000|100%| E|CS|TAMS 0x0000000752e00000, 0x0000000752e00000| Complete 
| 152|0x0000000753000000, 0x0000000753200000, 0x0000000753200000|100%| E|CS|TAMS 0x0000000753000000, 0x0000000753000000| Complete 
| 153|0x0000000753200000, 0x0000000753400000, 0x0000000753400000|100%| E|CS|TAMS 0x0000000753200000, 0x0000000753200000| Complete 
| 154|0x0000000753400000, 0x0000000753600000, 0x0000000753600000|100%| E|CS|TAMS 0x0000000753400000, 0x0000000753400000| Complete 
| 155|0x0000000753600000, 0x0000000753800000, 0x0000000753800000|100%| E|CS|TAMS 0x0000000753600000, 0x0000000753600000| Complete 
| 156|0x0000000753800000, 0x0000000753a00000, 0x0000000753a00000|100%| E|CS|TAMS 0x0000000753800000, 0x0000000753800000| Complete 
| 157|0x0000000753a00000, 0x0000000753c00000, 0x0000000753c00000|100%| E|CS|TAMS 0x0000000753a00000, 0x0000000753a00000| Complete 
| 158|0x0000000753c00000, 0x0000000753e00000, 0x0000000753e00000|100%| E|CS|TAMS 0x0000000753c00000, 0x0000000753c00000| Complete 
| 159|0x0000000753e00000, 0x0000000754000000, 0x0000000754000000|100%| E|CS|TAMS 0x0000000753e00000, 0x0000000753e00000| Complete 
| 160|0x0000000754000000, 0x0000000754200000, 0x0000000754200000|100%| E|CS|TAMS 0x0000000754000000, 0x0000000754000000| Complete 
| 161|0x0000000754200000, 0x0000000754400000, 0x0000000754400000|100%| E|CS|TAMS 0x0000000754200000, 0x0000000754200000| Complete 
| 162|0x0000000754400000, 0x0000000754600000, 0x0000000754600000|100%| E|CS|TAMS 0x0000000754400000, 0x0000000754400000| Complete 
|1527|0x00000007fee00000, 0x00000007ff000000, 0x00000007ff000000|100%| O|  |TAMS 0x00000007fee00000, 0x00000007fee00000| Untracked 
|1528|0x00000007ff000000, 0x00000007ff200000, 0x00000007ff200000|100%| O|  |TAMS 0x00000007ff000000, 0x00000007ff000000| Untracked 
|1529|0x00000007ff200000, 0x00000007ff400000, 0x00000007ff400000|100%| O|  |TAMS 0x00000007ff200000, 0x00000007ff200000| Untracked 
|1530|0x00000007ff400000, 0x00000007ff600000, 0x00000007ff600000|100%| O|  |TAMS 0x00000007ff400000, 0x00000007ff400000| Untracked 
|1531|0x00000007ff600000, 0x00000007ff800000, 0x00000007ff800000|100%| O|  |TAMS 0x00000007ff600000, 0x00000007ff600000| Untracked 
|1532|0x00000007ff800000, 0x00000007ffa00000, 0x00000007ffa00000|100%| O|  |TAMS 0x00000007ff800000, 0x00000007ff800000| Untracked 
|1533|0x00000007ffa00000, 0x00000007ffc00000, 0x00000007ffc00000|100%| O|  |TAMS 0x00000007ffa00000, 0x00000007ffa00000| Untracked 
|1534|0x00000007ffc00000, 0x00000007ffe00000, 0x00000007ffe00000|100%| O|  |TAMS 0x00000007ffc00000, 0x00000007ffc00000| Untracked 
|1535|0x00000007ffe00000, 0x0000000800000000, 0x0000000800000000|100%| O|  |TAMS 0x00000007ffe00000, 0x00000007ffe00000| Untracked 

Card table byte_map: [0x0000000019bc0000,0x000000001a1c0000] _byte_map_base: 0x00000000161c0000

Marking Bits (Prev, Next): (CMBitMap*) 0x00000000003984d0, (CMBitMap*) 0x0000000000398490
 Prev Bits: [0x000000001d7c0000, 0x00000000207c0000)
 Next Bits: [0x000000001a7c0000, 0x000000001d7c0000)

Polling page: 0x0000000000230000

Metaspace:

Usage:
  Non-class:     69.79 MB used.
      Class:     10.86 MB used.
       Both:     80.64 MB used.

Virtual space:
  Non-class space:       72.00 MB reserved,      70.19 MB ( 97%) committed,  9 nodes.
      Class space:        1.00 GB reserved,      11.19 MB (  1%) committed,  1 nodes.
             Both:        1.07 GB reserved,      81.38 MB (  7%) committed. 

Chunk freelists:
   Non-Class:  1.75 MB
       Class:  860.00 KB
        Both:  2.59 MB

MaxMetaspaceSize: unlimited
CompressedClassSpaceSize: 1.00 GB
Initial GC threshold: 21.00 MB
Current GC threshold: 100.88 MB
CDS: on
MetaspaceReclaimPolicy: balanced
 - commit_granule_bytes: 65536.
 - commit_granule_words: 8192.
 - virtual_space_node_default_size: 1048576.
 - enlarge_chunks_in_place: 1.
 - new_chunks_are_fully_committed: 0.
 - uncommit_free_chunks: 1.
 - use_allocation_guard: 0.
 - handle_deallocations: 1.


Internal statistics:

num_allocs_failed_limit: 6.
num_arena_births: 838.
num_arena_deaths: 0.
num_vsnodes_births: 10.
num_vsnodes_deaths: 0.
num_space_committed: 1302.
num_space_uncommitted: 0.
num_chunks_returned_to_freelist: 6.
num_chunks_taken_from_freelist: 3968.
num_chunk_merges: 6.
num_chunk_splits: 2588.
num_chunks_enlarged: 1700.
num_purges: 0.
num_inconsistent_stats: 0.

CodeHeap 'non-profiled nmethods': size=120000Kb used=7213Kb max_used=7213Kb free=112786Kb
 bounds [0x0000000011e70000, 0x0000000012580000, 0x00000000193a0000]
CodeHeap 'profiled nmethods': size=120000Kb used=22033Kb max_used=22948Kb free=97966Kb
 bounds [0x000000000a940000, 0x000000000bfb0000, 0x0000000011e70000]
CodeHeap 'non-nmethods': size=5760Kb used=2473Kb max_used=2534Kb free=3286Kb
 bounds [0x000000000a3a0000, 0x000000000a630000, 0x000000000a940000]
 total_blobs=12313 nmethods=11377 adapters=847
 compilation: enabled
              stopped_count=0, restarted_count=0
 full_count=0

Compilation events (20 events):
Event: 28976.611 Thread 0x0000000023607210 nmethod 13728 0x000000001256cf10 code [0x000000001256d080, 0x000000001256d0f8]
Event: 29129.832 Thread 0x0000000023607210 13729       4       org.gradle.internal.resources.AbstractResourceLockRegistry::detailsForCurrentThread (54 bytes)
Event: 29129.842 Thread 0x0000000023607210 nmethod 13729 0x000000001256d210 code [0x000000001256d3c0, 0x000000001256d8c8]
Event: 30476.612 Thread 0x0000000023607210 13730       4       org.gradle.internal.execution.DefaultWorkExecutionTracker$OperationListener::progress (1 bytes)
Event: 30476.612 Thread 0x0000000023607210 nmethod 13730 0x000000001256dd90 code [0x000000001256df00, 0x000000001256df78]
Event: 31676.659 Thread 0x0000000023607210 13731       4       org.gradle.tooling.internal.provider.runner.ToolingApiBuildEventListenerFactory$1::progress (1 bytes)
Event: 31676.660 Thread 0x0000000023607210 nmethod 13731 0x000000001256e090 code [0x000000001256e200, 0x000000001256e278]
Event: 32636.730 Thread 0x0000000023607210 13732   !   4       org.gradle.cache.internal.FileBackedObjectHolder::deserialize (88 bytes)
Event: 32637.093 Thread 0x0000000023607210 nmethod 13732 0x000000001256e390 code [0x000000001256e7c0, 0x0000000012572ea8]
Event: 32646.730 Thread 0x0000000023607210 13735       4       org.gradle.cache.internal.FileBackedObjectHolder$1::create (8 bytes)
Event: 32646.731 Thread 0x0000000023607210 nmethod 13735 0x0000000012576810 code [0x00000000125769a0, 0x0000000012576a68]
Event: 32776.727 Thread 0x0000000023607210 13736       4       org.gradle.launcher.daemon.server.expiry.AnyDaemonExpirationStrategy::checkExpiration (114 bytes)
Event: 32776.738 Thread 0x0000000023607210 nmethod 13736 0x0000000012576b10 code [0x0000000012576cc0, 0x0000000012577078]
Event: 33276.730 Thread 0x0000000023607210 13737       4       org.gradle.launcher.daemon.registry.DaemonRegistryContent::<init> (7 bytes)
Event: 33276.732 Thread 0x0000000023607210 nmethod 13737 0x0000000012577610 code [0x0000000012577780, 0x00000000125779b8]
Event: 33806.730 Thread 0x0000000023607210 13738       4       org.gradle.cache.internal.DefaultFileLockManager$DefaultFileLock$$Lambda$94/0x0000000800d4b0e0::stop (8 bytes)
Event: 33806.769 Thread 0x0000000023607210 nmethod 13738 0x0000000012577a90 code [0x0000000012577c80, 0x0000000012578bf8]
Event: 33806.769 Thread 0x0000000023607210 13739       4       java.util.concurrent.CopyOnWriteArraySet::remove (9 bytes)
Event: 33806.802 Thread 0x0000000023607210 nmethod 13739 0x0000000012579890 code [0x0000000012579a80, 0x000000001257a898]
Event: 34529.845 Thread 0x0000000023607210 13741       4       org.gradle.internal.logging.text.AbstractLineChoppingStyledTextOutput::doAppend (43 bytes)

GC Heap History (20 events):
Event: 28.932 GC heap before
{Heap before GC invocations=34 (full 0):
 garbage-first heap   total 141312K, used 121935K [0x0000000740000000, 0x0000000800000000)
  region size 2048K, 30 young (61440K), 2 survivors (4096K)
 Metaspace       used 64492K, committed 65152K, reserved 1105920K
  class space    used 8875K, committed 9152K, reserved 1048576K
}
Event: 28.959 GC heap after
{Heap after GC invocations=35 (full 0):
 garbage-first heap   total 274432K, used 64260K [0x0000000740000000, 0x0000000800000000)
  region size 2048K, 4 young (8192K), 4 survivors (8192K)
 Metaspace       used 64492K, committed 65152K, reserved 1105920K
  class space    used 8875K, committed 9152K, reserved 1048576K
}
Event: 29.886 GC heap before
{Heap before GC invocations=35 (full 0):
 garbage-first heap   total 274432K, used 137988K [0x0000000740000000, 0x0000000800000000)
  region size 2048K, 11 young (22528K), 4 survivors (8192K)
 Metaspace       used 65466K, committed 66176K, reserved 1114112K
  class space    used 9063K, committed 9408K, reserved 1048576K
}
Event: 29.900 GC heap after
{Heap after GC invocations=36 (full 0):
 garbage-first heap   total 274432K, used 65260K [0x0000000740000000, 0x0000000800000000)
  region size 2048K, 5 young (10240K), 5 survivors (10240K)
 Metaspace       used 65466K, committed 66176K, reserved 1114112K
  class space    used 9063K, committed 9408K, reserved 1048576K
}
Event: 30.424 GC heap before
{Heap before GC invocations=36 (full 0):
 garbage-first heap   total 274432K, used 132844K [0x0000000740000000, 0x0000000800000000)
  region size 2048K, 9 young (18432K), 5 survivors (10240K)
 Metaspace       used 65567K, committed 66304K, reserved 1114112K
  class space    used 9063K, committed 9408K, reserved 1048576K
}
Event: 30.440 GC heap after
{Heap after GC invocations=37 (full 0):
 garbage-first heap   total 274432K, used 65918K [0x0000000740000000, 0x0000000800000000)
  region size 2048K, 5 young (10240K), 5 survivors (10240K)
 Metaspace       used 65567K, committed 66304K, reserved 1114112K
  class space    used 9063K, committed 9408K, reserved 1048576K
}
Event: 32.969 GC heap before
{Heap before GC invocations=37 (full 0):
 garbage-first heap   total 274432K, used 248190K [0x0000000740000000, 0x0000000800000000)
  region size 2048K, 80 young (163840K), 5 survivors (10240K)
 Metaspace       used 73462K, committed 74176K, reserved 1114112K
  class space    used 10040K, committed 10368K, reserved 1048576K
}
Event: 33.051 GC heap after
{Heap after GC invocations=38 (full 0):
 garbage-first heap   total 292864K, used 103371K [0x0000000740000000, 0x0000000800000000)
  region size 2048K, 10 young (20480K), 10 survivors (20480K)
 Metaspace       used 73462K, committed 74176K, reserved 1114112K
  class space    used 10040K, committed 10368K, reserved 1048576K
}
Event: 36.388 GC heap before
{Heap before GC invocations=38 (full 0):
 garbage-first heap   total 292864K, used 220107K [0x0000000740000000, 0x0000000800000000)
  region size 2048K, 66 young (135168K), 10 survivors (20480K)
 Metaspace       used 76811K, committed 77568K, reserved 1122304K
  class space    used 10388K, committed 10752K, reserved 1048576K
}
Event: 36.437 GC heap after
{Heap after GC invocations=39 (full 0):
 garbage-first heap   total 352256K, used 114982K [0x0000000740000000, 0x0000000800000000)
  region size 2048K, 9 young (18432K), 9 survivors (18432K)
 Metaspace       used 76811K, committed 77568K, reserved 1122304K
  class space    used 10388K, committed 10752K, reserved 1048576K
}
Event: 39.246 GC heap before
{Heap before GC invocations=39 (full 0):
 garbage-first heap   total 352256K, used 241958K [0x0000000740000000, 0x0000000800000000)
  region size 2048K, 72 young (147456K), 9 survivors (18432K)
 Metaspace       used 81433K, committed 82176K, reserved 1122304K
  class space    used 11044K, committed 11392K, reserved 1048576K
}
Event: 39.275 GC heap after
{Heap after GC invocations=40 (full 0):
 garbage-first heap   total 352256K, used 117930K [0x0000000740000000, 0x0000000800000000)
  region size 2048K, 5 young (10240K), 5 survivors (10240K)
 Metaspace       used 81433K, committed 82176K, reserved 1122304K
  class space    used 11044K, committed 11392K, reserved 1048576K
}
Event: 3832.606 GC heap before
{Heap before GC invocations=40 (full 0):
 garbage-first heap   total 352256K, used 296106K [0x0000000740000000, 0x0000000800000000)
  region size 2048K, 71 young (145408K), 5 survivors (10240K)
 Metaspace       used 82533K, committed 83264K, reserved 1122304K
  class space    used 11116K, committed 11456K, reserved 1048576K
}
Event: 3832.650 GC heap after
{Heap after GC invocations=41 (full 0):
 garbage-first heap   total 352256K, used 119176K [0x0000000740000000, 0x0000000800000000)
  region size 2048K, 5 young (10240K), 5 survivors (10240K)
 Metaspace       used 82533K, committed 83264K, reserved 1122304K
  class space    used 11116K, committed 11456K, reserved 1048576K
}
Event: 10989.203 GC heap before
{Heap before GC invocations=41 (full 0):
 garbage-first heap   total 352256K, used 260488K [0x0000000740000000, 0x0000000800000000)
  region size 2048K, 74 young (151552K), 5 survivors (10240K)
 Metaspace       used 82564K, committed 83264K, reserved 1122304K
  class space    used 11116K, committed 11456K, reserved 1048576K
}
Event: 10989.235 GC heap after
{Heap after GC invocations=42 (full 0):
 garbage-first heap   total 352256K, used 118928K [0x0000000740000000, 0x0000000800000000)
  region size 2048K, 5 young (10240K), 5 survivors (10240K)
 Metaspace       used 82564K, committed 83264K, reserved 1122304K
  class space    used 11116K, committed 11456K, reserved 1048576K
}
Event: 18787.531 GC heap before
{Heap before GC invocations=42 (full 0):
 garbage-first heap   total 352256K, used 268432K [0x0000000740000000, 0x0000000800000000)
  region size 2048K, 78 young (159744K), 5 survivors (10240K)
 Metaspace       used 82579K, committed 83328K, reserved 1122304K
  class space    used 11117K, committed 11456K, reserved 1048576K
}
Event: 18787.548 GC heap after
{Heap after GC invocations=43 (full 0):
 garbage-first heap   total 352256K, used 118873K [0x0000000740000000, 0x0000000800000000)
  region size 2048K, 5 young (10240K), 5 survivors (10240K)
 Metaspace       used 82579K, committed 83328K, reserved 1122304K
  class space    used 11117K, committed 11456K, reserved 1048576K
}
Event: 27073.956 GC heap before
{Heap before GC invocations=43 (full 0):
 garbage-first heap   total 352256K, used 274521K [0x0000000740000000, 0x0000000800000000)
  region size 2048K, 81 young (165888K), 5 survivors (10240K)
 Metaspace       used 82579K, committed 83328K, reserved 1122304K
  class space    used 11117K, committed 11456K, reserved 1048576K
}
Event: 27073.971 GC heap after
{Heap after GC invocations=44 (full 0):
 garbage-first heap   total 352256K, used 118554K [0x0000000740000000, 0x0000000800000000)
  region size 2048K, 5 young (10240K), 5 survivors (10240K)
 Metaspace       used 82579K, committed 83328K, reserved 1122304K
  class space    used 11117K, committed 11456K, reserved 1048576K
}

Deoptimization events (20 events):
Event: 17176.729 Thread 0x0000000027b929a0 DEOPT PACKING pc=0x00000000123ef2c4 sp=0x0000000028d2a070
Event: 17176.729 Thread 0x0000000027b929a0 DEOPT UNPACKING pc=0x000000000a3f2b24 sp=0x0000000028d29528 mode 1
Event: 17176.729 Thread 0x0000000027b929a0 DEOPT PACKING pc=0x000000000b4dca29 sp=0x0000000028d29fb0
Event: 17176.729 Thread 0x0000000027b929a0 DEOPT UNPACKING pc=0x000000000a3f2b24 sp=0x0000000028d294a8 mode 1
Event: 17176.729 Thread 0x0000000027b929a0 DEOPT PACKING pc=0x00000000123ef2c4 sp=0x0000000028d2a120
Event: 17176.729 Thread 0x0000000027b929a0 DEOPT UNPACKING pc=0x000000000a3f2b24 sp=0x0000000028d295d8 mode 1
Event: 28046.728 Thread 0x0000000027b929a0 DEOPT PACKING pc=0x00000000123ef2c4 sp=0x0000000028d2a260
Event: 28046.728 Thread 0x0000000027b929a0 DEOPT UNPACKING pc=0x000000000a3f2b24 sp=0x0000000028d29718 mode 1
Event: 28046.728 Thread 0x0000000027b929a0 DEOPT PACKING pc=0x000000000b4dca29 sp=0x0000000028d2a1a0
Event: 28046.728 Thread 0x0000000027b929a0 DEOPT UNPACKING pc=0x000000000a3f2b24 sp=0x0000000028d29698 mode 1
Event: 28046.728 Thread 0x0000000027b929a0 DEOPT PACKING pc=0x00000000123ef2c4 sp=0x0000000028d2a310
Event: 28046.728 Thread 0x0000000027b929a0 DEOPT UNPACKING pc=0x000000000a3f2b24 sp=0x0000000028d297c8 mode 1
Event: 33276.729 Thread 0x0000000027b929a0 DEOPT PACKING pc=0x00000000123ef2c4 sp=0x0000000028d2a570
Event: 33276.729 Thread 0x0000000027b929a0 DEOPT UNPACKING pc=0x000000000a3f2b24 sp=0x0000000028d29a28 mode 1
Event: 33276.729 Thread 0x0000000027b929a0 DEOPT PACKING pc=0x000000000b4dca29 sp=0x0000000028d2a4b0
Event: 33276.729 Thread 0x0000000027b929a0 DEOPT UNPACKING pc=0x000000000a3f2b24 sp=0x0000000028d299a8 mode 1
Event: 33276.729 Thread 0x0000000027b929a0 DEOPT PACKING pc=0x00000000123ef2c4 sp=0x0000000028d2a620
Event: 33276.729 Thread 0x0000000027b929a0 DEOPT UNPACKING pc=0x000000000a3f2b24 sp=0x0000000028d29ad8 mode 1
Event: 34529.845 Thread 0x000000002fa2e550 DEOPT PACKING pc=0x000000000bf8f76c sp=0x000000003325e220
Event: 34529.846 Thread 0x000000002fa2e550 DEOPT UNPACKING pc=0x000000000a3f2b24 sp=0x000000003325d6f0 mode 0

Classes unloaded (0 events):
No events

Classes redefined (0 events):
No events

Internal exceptions (20 events):
Event: 37.803 Thread 0x000000002fa310a0 Exception <a 'java/lang/ClassNotFoundException'{0x0000000751831478}: org/apache/groovy/parser/antlr4/util/StringUtils$2BeanInfo> (0x0000000751831478) 
thrown [s\src\hotspot\share\classfile\systemDictionary.cpp, line 256]
Event: 37.807 Thread 0x000000002fa310a0 Exception <a 'java/lang/ClassNotFoundException'{0x000000075195bed0}: org/apache/groovy/parser/antlr4/util/StringUtils$2Customizer> (0x000000075195bed0) 
thrown [s\src\hotspot\share\classfile\systemDictionary.cpp, line 256]
Event: 37.813 Thread 0x000000002fa310a0 Exception <a 'java/lang/ClassNotFoundException'{0x00000007516a9ae0}: org/apache/groovy/parser/antlr4/util/StringUtils$1BeanInfo> (0x00000007516a9ae0) 
thrown [s\src\hotspot\share\classfile\systemDictionary.cpp, line 256]
Event: 37.817 Thread 0x000000002fa310a0 Exception <a 'java/lang/ClassNotFoundException'{0x00000007517d4528}: org/apache/groovy/parser/antlr4/util/StringUtils$1Customizer> (0x00000007517d4528) 
thrown [s\src\hotspot\share\classfile\systemDictionary.cpp, line 256]
Event: 37.824 Thread 0x000000002fa310a0 Exception <a 'java/lang/ClassNotFoundException'{0x00000007515223d8}: org/apache/groovy/parser/antlr4/util/StringUtils$3BeanInfo> (0x00000007515223d8) 
thrown [s\src\hotspot\share\classfile\systemDictionary.cpp, line 256]
Event: 37.828 Thread 0x000000002fa310a0 Exception <a 'java/lang/ClassNotFoundException'{0x000000075124d0c0}: org/apache/groovy/parser/antlr4/util/StringUtils$3Customizer> (0x000000075124d0c0) 
thrown [s\src\hotspot\share\classfile\systemDictionary.cpp, line 256]
Event: 37.857 Thread 0x000000002fa310a0 Exception <a 'java/lang/NoSuchMethodError'{0x00000007512dc670}: 'void java.lang.invoke.DirectMethodHandle$Holder.invokeSpecialIFC(java.lang.Object, java.lang.Object, java.lang.Object)'> (0x00000007512dc670) 
thrown [s\src\hotspot\share\interpreter\linkResolver.cpp, line 759]
Event: 38.165 Thread 0x000000002fa310a0 Exception <a 'java/lang/ClassNotFoundException'{0x000000075092eb98}: SimpleTemplateScript1BeanInfo> (0x000000075092eb98) 
thrown [s\src\hotspot\share\classfile\systemDictionary.cpp, line 256]
Event: 38.166 Thread 0x000000002fa310a0 Exception <a 'java/lang/ClassNotFoundException'{0x000000075093b438}: SimpleTemplateScript1Customizer> (0x000000075093b438) 
thrown [s\src\hotspot\share\classfile\systemDictionary.cpp, line 256]
Event: 38.173 Thread 0x000000002fa310a0 Exception <a 'java/lang/ClassNotFoundException'{0x00000007509651c0}: java/io/PrintWriterBeanInfo> (0x00000007509651c0) 
thrown [s\src\hotspot\share\classfile\systemDictionary.cpp, line 256]
Event: 38.173 Thread 0x000000002fa310a0 Exception <a 'java/lang/ClassNotFoundException'{0x000000075096b3c0}: java/io/WriterBeanInfo> (0x000000075096b3c0) 
thrown [s\src\hotspot\share\classfile\systemDictionary.cpp, line 256]
Event: 38.174 Thread 0x000000002fa310a0 Exception <a 'java/lang/ClassNotFoundException'{0x0000000750970db8}: java/io/WriterCustomizer> (0x0000000750970db8) 
thrown [s\src\hotspot\share\classfile\systemDictionary.cpp, line 256]
Event: 38.176 Thread 0x000000002fa310a0 Exception <a 'java/lang/ClassNotFoundException'{0x000000075097f470}: java/io/PrintWriterCustomizer> (0x000000075097f470) 
thrown [s\src\hotspot\share\classfile\systemDictionary.cpp, line 256]
Event: 38.207 Thread 0x000000002fa310a0 Exception <a 'java/lang/ClassNotFoundException'{0x00000007506df9d0}: SimpleTemplateScript2BeanInfo> (0x00000007506df9d0) 
thrown [s\src\hotspot\share\classfile\systemDictionary.cpp, line 256]
Event: 38.209 Thread 0x000000002fa310a0 Exception <a 'java/lang/ClassNotFoundException'{0x00000007506ec270}: SimpleTemplateScript2Customizer> (0x00000007506ec270) 
thrown [s\src\hotspot\share\classfile\systemDictionary.cpp, line 256]
Event: 40.241 Thread 0x000000002fa310a0 Exception <a 'java/lang/ClassNotFoundException'{0x00000007521f0108}: com/intellij/openapi/externalSystem/rt/execution/ForkedDebuggerHelperBeanInfo> (0x00000007521f0108) 
thrown [s\src\hotspot\share\classfile\systemDictionary.cpp, line 256]
Event: 40.242 Thread 0x000000002fa310a0 Exception <a 'java/lang/ClassNotFoundException'{0x00000007521f8bd8}: com/intellij/openapi/externalSystem/rt/execution/ForkedDebuggerHelperCustomizer> (0x00000007521f8bd8) 
thrown [s\src\hotspot\share\classfile\systemDictionary.cpp, line 256]
Event: 40.250 Thread 0x000000002fa310a0 Exception <a 'java/net/SocketException'{0x0000000751e0bc90}: Socket is not connected: shutdown> (0x0000000751e0bc90) 
thrown [s\src\hotspot\share\prims\jni.cpp, line 535]
Event: 40.308 Thread 0x000000002fa310a0 Exception <a 'java/lang/ClassNotFoundException'{0x0000000751ed9740}: org/gradle/api/internal/file/collections/DefaultConfigurableFileCollectionBeanInfo> (0x0000000751ed9740) 
thrown [s\src\hotspot\share\classfile\systemDictionary.cpp, line 256]
Event: 40.310 Thread 0x000000002fa310a0 Exception <a 'java/lang/ClassNotFoundException'{0x0000000751eeb110}: org/gradle/api/internal/file/collections/DefaultConfigurableFileCollectionCustomizer> (0x0000000751eeb110) 
thrown [s\src\hotspot\share\classfile\systemDictionary.cpp, line 256]

VM Operations (20 events):
Event: 23737.722 Executing VM operation: Cleanup
Event: 23737.722 Executing VM operation: Cleanup done
Event: 23907.728 Executing VM operation: Cleanup
Event: 23907.728 Executing VM operation: Cleanup done
Event: 25546.785 Executing VM operation: Cleanup
Event: 25546.785 Executing VM operation: Cleanup done
Event: 26536.820 Executing VM operation: Cleanup
Event: 26536.820 Executing VM operation: Cleanup done
Event: 26894.833 Executing VM operation: Cleanup
Event: 26894.833 Executing VM operation: Cleanup done
Event: 27073.956 Executing VM operation: G1CollectForAllocation
Event: 27073.971 Executing VM operation: G1CollectForAllocation done
Event: 27406.982 Executing VM operation: Cleanup
Event: 27406.982 Executing VM operation: Cleanup done
Event: 31677.132 Executing VM operation: Cleanup
Event: 31677.132 Executing VM operation: Cleanup done
Event: 32657.166 Executing VM operation: Cleanup
Event: 32657.166 Executing VM operation: Cleanup done
Event: 32787.171 Executing VM operation: Cleanup
Event: 32787.171 Executing VM operation: Cleanup done

Events (20 events):
Event: 546.980 Thread 0x0000000023670b50 flushing nmethod 0x000000000bd7d190
Event: 546.980 Thread 0x0000000023670b50 flushing nmethod 0x000000000bd9ac10
Event: 546.980 Thread 0x0000000023670b50 flushing nmethod 0x000000000bda4990
Event: 546.980 Thread 0x0000000023670b50 flushing nmethod 0x000000000bda4e90
Event: 546.980 Thread 0x0000000023670b50 flushing nmethod 0x000000000bda5490
Event: 546.980 Thread 0x0000000023670b50 flushing nmethod 0x000000000bda7d10
Event: 546.980 Thread 0x0000000023670b50 flushing nmethod 0x000000000bdaad10
Event: 546.980 Thread 0x0000000023670b50 flushing nmethod 0x000000000bdd0210
Event: 546.980 Thread 0x0000000023670b50 flushing nmethod 0x000000000bde5710
Event: 546.980 Thread 0x0000000023670b50 flushing nmethod 0x000000000bde6690
Event: 546.980 Thread 0x0000000023670b50 flushing nmethod 0x000000000bdece10
Event: 546.982 Thread 0x0000000023670b50 flushing nmethod 0x000000000bf3a090
Event: 546.982 Thread 0x0000000023670b50 flushing nmethod 0x000000000bf3b790
Event: 546.982 Thread 0x0000000023670b50 flushing nmethod 0x000000000bf3c410
Event: 546.982 Thread 0x0000000023670b50 flushing nmethod 0x000000000bf56f90
Event: 546.982 Thread 0x0000000023670b50 flushing nmethod 0x000000000bf8bf10
Event: 546.982 Thread 0x0000000023670b50 flushing nmethod 0x000000000bf8c410
Event: 546.982 Thread 0x0000000023670b50 flushing nmethod 0x000000000bf8df90
Event: 947.884 Thread 0x000000002aa8a560 Thread added: 0x000000002aa8a560
Event: 1024.431 Thread 0x000000002aa8a560 Thread exited: 0x000000002aa8a560


Dynamic libraries:
0x000000013f080000 - 0x000000013f08e000 	C:\Program Files\Eclipse Adoptium\jdk-17.0.4.101-hotspot\bin\java.exe
0x0000000077c70000 - 0x0000000077e0f000 	C:\Windows\SYSTEM32\ntdll.dll
0x0000000077a50000 - 0x0000000077b6f000 	C:\Windows\system32\kernel32.dll
0x000007fefd900000 - 0x000007fefd967000 	C:\Windows\system32\KERNELBASE.dll
0x000007fef8620000 - 0x000007fef8638000 	C:\Program Files\Eclipse Adoptium\jdk-17.0.4.101-hotspot\bin\jli.dll
0x000007fefbdc0000 - 0x000007fefbfb5000 	C:\Windows\WinSxS\amd64_microsoft.windows.common-controls_6595b64144ccf1df_6.0.7601.24483_none_e372d88f30fbb845\COMCTL32.dll
0x000007fefdd60000 - 0x000007fefddff000 	C:\Windows\system32\msvcrt.dll
0x000007feffb80000 - 0x000007feffbe7000 	C:\Windows\system32\GDI32.dll
0x0000000077b70000 - 0x0000000077c6b000 	C:\Windows\system32\USER32.dll
0x000007feffa30000 - 0x000007feffa3e000 	C:\Windows\system32\LPK.dll
0x000007fefecc0000 - 0x000007fefed8b000 	C:\Windows\system32\USP10.dll
0x000007feff240000 - 0x000007feff2b1000 	C:\Windows\system32\SHLWAPI.dll
0x000007fef8670000 - 0x000007fef8689000 	C:\Program Files\Eclipse Adoptium\jdk-17.0.4.101-hotspot\bin\VCRUNTIME140.dll
0x000007fef8710000 - 0x000007fef8714000 	C:\Program Files\Eclipse Adoptium\jdk-17.0.4.101-hotspot\bin\api-ms-win-crt-runtime-l1-1-0.dll
0x000007feea710000 - 0x000007feea80a000 	C:\Program Files\Eclipse Adoptium\jdk-17.0.4.101-hotspot\bin\ucrtbase.DLL
0x000007fefb590000 - 0x000007fefb593000 	C:\Program Files\Eclipse Adoptium\jdk-17.0.4.101-hotspot\bin\api-ms-win-core-localization-l1-2-0.dll
0x000007fef8610000 - 0x000007fef8613000 	C:\Program Files\Eclipse Adoptium\jdk-17.0.4.101-hotspot\bin\api-ms-win-core-processthreads-l1-1-1.dll
0x000007fef8660000 - 0x000007fef8663000 	C:\Program Files\Eclipse Adoptium\jdk-17.0.4.101-hotspot\bin\api-ms-win-core-file-l1-2-0.dll
0x000007fef85f0000 - 0x000007fef85f3000 	C:\Program Files\Eclipse Adoptium\jdk-17.0.4.101-hotspot\bin\api-ms-win-core-timezone-l1-1-0.dll
0x000007fef8600000 - 0x000007fef8603000 	C:\Program Files\Eclipse Adoptium\jdk-17.0.4.101-hotspot\bin\api-ms-win-core-file-l2-1-0.dll
0x000007fef85d0000 - 0x000007fef85d3000 	C:\Program Files\Eclipse Adoptium\jdk-17.0.4.101-hotspot\bin\api-ms-win-core-synch-l1-2-0.dll
0x000007fef85e0000 - 0x000007fef85e3000 	C:\Program Files\Eclipse Adoptium\jdk-17.0.4.101-hotspot\bin\api-ms-win-crt-heap-l1-1-0.dll
0x000007feeab70000 - 0x000007feeab74000 	C:\Program Files\Eclipse Adoptium\jdk-17.0.4.101-hotspot\bin\api-ms-win-crt-string-l1-1-0.dll
0x000007feeab80000 - 0x000007feeab84000 	C:\Program Files\Eclipse Adoptium\jdk-17.0.4.101-hotspot\bin\api-ms-win-crt-stdio-l1-1-0.dll
0x000007feeab50000 - 0x000007feeab54000 	C:\Program Files\Eclipse Adoptium\jdk-17.0.4.101-hotspot\bin\api-ms-win-crt-convert-l1-1-0.dll
0x000007feeab60000 - 0x000007feeab63000 	C:\Program Files\Eclipse Adoptium\jdk-17.0.4.101-hotspot\bin\api-ms-win-crt-environment-l1-1-0.dll
0x000007feeab30000 - 0x000007feeab33000 	C:\Program Files\Eclipse Adoptium\jdk-17.0.4.101-hotspot\bin\api-ms-win-crt-filesystem-l1-1-0.dll
0x000007feeab40000 - 0x000007feeab45000 	C:\Program Files\Eclipse Adoptium\jdk-17.0.4.101-hotspot\bin\api-ms-win-crt-math-l1-1-0.dll
0x000007feea900000 - 0x000007feea903000 	C:\Program Files\Eclipse Adoptium\jdk-17.0.4.101-hotspot\bin\api-ms-win-crt-locale-l1-1-0.dll
0x000007fefdea0000 - 0x000007fefdece000 	C:\Windows\system32\IMM32.DLL
0x000007feffa40000 - 0x000007feffb4b000 	C:\Windows\system32\MSCTF.dll
0x0000000180000000 - 0x0000000180007000 	C:\Program Files\Prio\prio.dll
0x000007feff2c0000 - 0x000007feff39b000 	C:\Windows\system32\ADVAPI32.dll
0x000007feff7c0000 - 0x000007feff7df000 	C:\Windows\SYSTEM32\sechost.dll
0x000007feff500000 - 0x000007feff62c000 	C:\Windows\system32\RPCRT4.dll
0x000007feeab20000 - 0x000007feeab2c000 	C:\Program Files\Eclipse Adoptium\jdk-17.0.4.101-hotspot\bin\vcruntime140_1.dll
0x000007feea860000 - 0x000007feea8f1000 	C:\Program Files\Eclipse Adoptium\jdk-17.0.4.101-hotspot\bin\msvcp140.dll
0x000007feea850000 - 0x000007feea853000 	C:\Program Files\Eclipse Adoptium\jdk-17.0.4.101-hotspot\bin\api-ms-win-crt-time-l1-1-0.dll
0x000007feea840000 - 0x000007feea843000 	C:\Program Files\Eclipse Adoptium\jdk-17.0.4.101-hotspot\bin\api-ms-win-crt-utility-l1-1-0.dll
0x000007fee9ac0000 - 0x000007feea706000 	C:\Program Files\Eclipse Adoptium\jdk-17.0.4.101-hotspot\bin\server\jvm.dll
0x000007fef1a20000 - 0x000007fef1a29000 	C:\Windows\system32\WSOCK32.dll
0x000007feff9e0000 - 0x000007feffa2d000 	C:\Windows\system32\WS2_32.dll
0x000007feffb70000 - 0x000007feffb78000 	C:\Windows\system32\NSI.dll
0x000007fefaf20000 - 0x000007fefaf5b000 	C:\Windows\system32\WINMM.dll
0x000007fefc880000 - 0x000007fefc88c000 	C:\Windows\system32\VERSION.dll
0x0000000077e10000 - 0x0000000077e17000 	C:\Windows\system32\PSAPI.DLL
0x000007feea830000 - 0x000007feea83a000 	C:\Program Files\Eclipse Adoptium\jdk-17.0.4.101-hotspot\bin\jimage.dll
0x000007fefc310000 - 0x000007fefc435000 	C:\Windows\system32\DBGHELP.DLL
0x000007fef1420000 - 0x000007fef145b000 	C:\Program Files\Eclipse Adoptium\jdk-17.0.4.101-hotspot\bin\jdwp.dll
0x000007fef8000000 - 0x000007fef800e000 	C:\Program Files\Eclipse Adoptium\jdk-17.0.4.101-hotspot\bin\instrument.dll
0x000007fee9a90000 - 0x000007fee9ab5000 	C:\Program Files\Eclipse Adoptium\jdk-17.0.4.101-hotspot\bin\java.dll
0x000007fee99b0000 - 0x000007fee9a86000 	C:\Program Files\Eclipse Adoptium\jdk-17.0.4.101-hotspot\bin\jsvml.dll
0x000007fefded0000 - 0x000007fefec5b000 	C:\Windows\system32\SHELL32.dll
0x000007feff7e0000 - 0x000007feff9df000 	C:\Windows\system32\ole32.dll
0x000007fefd7c0000 - 0x000007fefd7cf000 	C:\Windows\system32\profapi.dll
0x000007fef8190000 - 0x000007fef819c000 	C:\Program Files\Eclipse Adoptium\jdk-17.0.4.101-hotspot\bin\dt_socket.dll
0x000007fefa7c0000 - 0x000007fefa7e7000 	C:\Windows\system32\IPHLPAPI.DLL
0x000007fefa7a0000 - 0x000007fefa7ab000 	C:\Windows\system32\WINNSI.DLL
0x000007fefcf40000 - 0x000007fefcf95000 	C:\Windows\system32\mswsock.dll
0x000007fefc970000 - 0x000007fefc977000 	C:\Windows\System32\wshtcpip.dll
0x000007fee9990000 - 0x000007fee99a8000 	C:\Program Files\Eclipse Adoptium\jdk-17.0.4.101-hotspot\bin\zip.dll
0x000007feea810000 - 0x000007feea829000 	C:\Program Files\Eclipse Adoptium\jdk-17.0.4.101-hotspot\bin\net.dll
0x000007fef96a0000 - 0x000007fef9711000 	C:\Windows\system32\WINHTTP.dll
0x000007fef9630000 - 0x000007fef9695000 	C:\Windows\system32\webio.dll
0x000007fefcf30000 - 0x000007fefcf37000 	C:\Windows\System32\wship6.dll
0x000007fee9970000 - 0x000007fee9985000 	C:\Program Files\Eclipse Adoptium\jdk-17.0.4.101-hotspot\bin\nio.dll
0x000007fef7ff0000 - 0x000007fef8000000 	C:\Program Files\Eclipse Adoptium\jdk-17.0.4.101-hotspot\bin\verify.dll
0x000007fef1460000 - 0x000007fef1487000 	C:\Users\ivan\.gradle\native\68d5fa5c4cc2d200863cafc0d521ce42e7d3e7ee720ec0a83991735586a16f82\windows-amd64\native-platform.dll
0x000007fef7f50000 - 0x000007fef7f59000 	C:\Program Files\Eclipse Adoptium\jdk-17.0.4.101-hotspot\bin\management.dll
0x000007fef1a30000 - 0x000007fef1a3b000 	C:\Program Files\Eclipse Adoptium\jdk-17.0.4.101-hotspot\bin\management_ext.dll
0x000007fefcfa0000 - 0x000007fefcfb8000 	C:\Windows\system32\CRYPTSP.dll
0x000007fefcca0000 - 0x000007fefcce7000 	C:\Windows\system32\rsaenh.dll
0x000007fefd840000 - 0x000007fefd85f000 	C:\Windows\system32\USERENV.dll
0x000007fefd600000 - 0x000007fefd60f000 	C:\Windows\system32\CRYPTBASE.dll
0x000007fefa6d0000 - 0x000007fefa6e8000 	C:\Windows\system32\dhcpcsvc.DLL
0x000007fefa6b0000 - 0x000007fefa6c1000 	C:\Windows\system32\dhcpcsvc6.DLL
0x000007fef1a10000 - 0x000007fef1a1e000 	C:\Program Files\Eclipse Adoptium\jdk-17.0.4.101-hotspot\bin\sunmscapi.dll
0x000007fefd9a0000 - 0x000007fefdb0d000 	C:\Windows\system32\CRYPT32.dll
0x000007fefd7d0000 - 0x000007fefd7df000 	C:\Windows\system32\MSASN1.dll
0x000007fefd170000 - 0x000007fefd1c0000 	C:\Windows\system32\ncrypt.dll
0x000007fefd140000 - 0x000007fefd162000 	C:\Windows\system32\bcrypt.dll
0x000007fefcdc0000 - 0x000007fefce1b000 	C:\Windows\system32\DNSAPI.dll
0x000007fef8770000 - 0x000007fef8778000 	C:\Windows\system32\rasadhlp.dll
0x000007fefa610000 - 0x000007fefa663000 	C:\Windows\System32\fwpuclnt.dll
0x000007fefd6b0000 - 0x000007fefd707000 	C:\Windows\system32\apphelp.dll

dbghelp: loaded successfully - version: 4.0.5 - missing functions: none
symbol engine: initialized successfully - sym options: 0x614 - pdb path: .;C:\Program Files\Eclipse Adoptium\jdk-17.0.4.101-hotspot\bin;C:\Windows\SYSTEM32;C:\Windows\WinSxS\amd64_microsoft.windows.common-controls_6595b64144ccf1df_6.0.7601.24483_none_e372d88f30fbb845;C:\Program Files\Prio;C:\Program Files\Eclipse Adoptium\jdk-17.0.4.101-hotspot\bin\server;C:\Users\ivan\.gradle\native\68d5fa5c4cc2d200863cafc0d521ce42e7d3e7ee720ec0a83991735586a16f82\windows-amd64

VM Arguments:
jvm_args: --add-opens=java.base/java.util.concurrent.atomic=ALL-UNNAMED -agentlib:jdwp=transport=dt_socket,server=n,suspend=y,address=127.0.0.1:2768 --add-opens=java.base/java.util=ALL-UNNAMED --add-opens=java.base/java.lang=ALL-UNNAMED --add-opens=java.base/java.lang.invoke=ALL-UNNAMED --add-opens=java.prefs/java.util.prefs=ALL-UNNAMED --add-opens=java.base/java.nio.charset=ALL-UNNAMED --add-opens=java.base/java.net=ALL-UNNAMED --add-opens=java.base/java.util.concurrent.atomic=ALL-UNNAMED -Xmx3G -Dfile.encoding=windows-1252 -Duser.country=US -Duser.language=en -Duser.variant -javaagent:C:\Users\ivan\.gradle\wrapper\dists\gradle-8.1.1-bin\9wiye5v2saajue4irfo8ybqfp\gradle-8.1.1\lib\agents\gradle-instrumentation-agent-8.1.1.jar 
java_command: org.gradle.launcher.daemon.bootstrap.GradleDaemon 8.1.1
java_class_path (initial): C:\Users\ivan\.gradle\wrapper\dists\gradle-8.1.1-bin\9wiye5v2saajue4irfo8ybqfp\gradle-8.1.1\lib\gradle-launcher-8.1.1.jar
Launcher Type: SUN_STANDARD

[Global flags]
     intx CICompilerCount                          = 3                                         {product} {ergonomic}
     uint ConcGCThreads                            = 1                                         {product} {ergonomic}
     uint G1ConcRefinementThreads                  = 4                                         {product} {ergonomic}
   size_t G1HeapRegionSize                         = 2097152                                   {product} {ergonomic}
    uintx GCDrainStackTargetSize                   = 64                                        {product} {ergonomic}
   size_t InitialHeapSize                          = 201326592                                 {product} {ergonomic}
   size_t MarkStackSize                            = 4194304                                   {product} {ergonomic}
   size_t MaxHeapSize                              = 3221225472                                {product} {command line}
   size_t MaxNewSize                               = 1931476992                                {product} {ergonomic}
   size_t MinHeapDeltaBytes                        = 2097152                                   {product} {ergonomic}
   size_t MinHeapSize                              = 8388608                                   {product} {ergonomic}
    uintx NonNMethodCodeHeapSize                   = 5832780                                {pd product} {ergonomic}
    uintx NonProfiledCodeHeapSize                  = 122912730                              {pd product} {ergonomic}
    uintx ProfiledCodeHeapSize                     = 122912730                              {pd product} {ergonomic}
    uintx ReservedCodeCacheSize                    = 251658240                              {pd product} {ergonomic}
     bool SegmentedCodeCache                       = true                                      {product} {ergonomic}
   size_t SoftMaxHeapSize                          = 3221225472                             {manageable} {ergonomic}
     bool UseCompressedClassPointers               = true                           {product lp64_product} {ergonomic}
     bool UseCompressedOops                        = true                           {product lp64_product} {ergonomic}
     bool UseG1GC                                  = true                                      {product} {ergonomic}
     bool UseLargePagesIndividualAllocation        = false                                  {pd product} {ergonomic}

Logging:
Log output configuration:
 #0: stdout all=warning uptime,level,tags
 #1: stderr all=off uptime,level,tags

Environment Variables:
JAVA_HOME=C:\Program Files\Eclipse Adoptium\jdk-17.0.4.101-hotspot\
PATH=C:\Program Files\Eclipse Adoptium\jdk-17.0.4.101-hotspot\bin;C:\Windows\system32;C:\Windows;C:\Windows\System32\Wbem;C:\Windows\System32\WindowsPowerShell\v1.0\;C:\Program Files\dotnet\;C:\Program Files\Prio;C:\Program Files\Microsoft SQL Server\130\Tools\Binn\;C:\Program Files\Microsoft SQL Server\Client SDK\ODBC\170\Tools\Binn\;C:\Program Files\Git\cmd;C:\Users\ivan\AppData\Local\Programs\Python\Python310\Scripts\;C:\Users\ivan\AppData\Local\Programs\Python\Python310\;C:\Users\ivan\.dotnet\tools;c:\bin
USERNAME=ivan
OS=Windows_NT
PROCESSOR_IDENTIFIER=AMD64 Family 16 Model 5 Stepping 2, AuthenticAMD
TMP=T:\Temp\Temp
TEMP=T:\Temp\Temp



---------------  S Y S T E M  ---------------

OS:
 Windows 7 , 64 bit Build 7601 (6.1.7601.24545)
OS uptime: 1 days 14:38 hours

CPU: total 4 (initial active 4) (4 cores per cpu, 1 threads per core) family 16 model 5 stepping 2 microcode 0x0, cx8, cmov, fxsr, mmx, 3dnowpref, sse, sse2, sse3, sse4a, popcnt, lzcnt, tsc, tscinvbit, clflush

Memory: 4k page, system-wide physical 12286M (4409M free)
TotalPageFile size 24570M (AvailPageFile size 11M)
current process WorkingSet (physical memory assigned to process): 639M, peak: 674M
current process commit charge ("private bytes"): 678M, peak: 714M

vm_info: OpenJDK 64-Bit Server VM (17.0.4.1+1) for windows-amd64 JRE (17.0.4.1+1), built on Aug 17 2022 07:42:43 by "temurin" with MS VC++ 16.7 (VS2019)

END.
